<?xml version="1.0" encoding="UTF-8"?>
<coverage generated="1781294814727" clover="3.2.0">
  <project timestamp="1781294814727" name="All files">
    <metrics statements="875" coveredstatements="65" conditionals="417" coveredconditionals="25" methods="91" coveredmethods="3" elements="1383" coveredelements="93" complexity="0" loc="875" ncloc="875" packages="1" files="2" classes="2"/>
    <file name="app.js" path="C:\Users\Swati\OneDrive\Documents\Prompt wars challenge 3\app.js">
      <metrics statements="853" coveredstatements="45" conditionals="411" coveredconditionals="21" methods="88" coveredmethods="1"/>
      <line num="6" count="1" type="stmt"/>
      <line num="219" count="1" type="stmt"/>
      <line num="286" count="1" type="stmt"/>
      <line num="346" count="1" type="stmt"/>
      <line num="347" count="1" type="stmt"/>
      <line num="350" count="1" type="stmt"/>
      <line num="352" count="0" type="stmt"/>
      <line num="355" count="0" type="stmt"/>
      <line num="358" count="0" type="stmt"/>
      <line num="361" count="0" type="stmt"/>
      <line num="364" count="0" type="stmt"/>
      <line num="367" count="0" type="stmt"/>
      <line num="370" count="0" type="stmt"/>
      <line num="373" count="0" type="stmt"/>
      <line num="376" count="0" type="stmt"/>
      <line num="379" count="0" type="stmt"/>
      <line num="382" count="0" type="stmt"/>
      <line num="385" count="0" type="stmt"/>
      <line num="390" count="0" type="stmt"/>
      <line num="391" count="0" type="cond" truecount="0" falsecount="2"/>
      <line num="392" count="0" type="stmt"/>
      <line num="398" count="0" type="stmt"/>
      <line num="406" count="0" type="stmt"/>
      <line num="410" count="0" type="stmt"/>
      <line num="411" count="0" type="cond" truecount="0" falsecount="2"/>
      <line num="412" count="0" type="stmt"/>
      <line num="413" count="0" type="stmt"/>
      <line num="415" count="0" type="stmt"/>
      <line num="416" count="0" type="stmt"/>
      <line num="417" count="0" type="stmt"/>
      <line num="418" count="0" type="cond" truecount="0" falsecount="2"/>
      <line num="419" count="0" type="cond" truecount="0" falsecount="2"/>
      <line num="420" count="0" type="stmt"/>
      <line num="423" count="0" type="stmt"/>
      <line num="424" count="0" type="cond" truecount="0" falsecount="2"/>
      <line num="425" count="0" type="stmt"/>
      <line num="426" count="0" type="stmt"/>
      <line num="430" count="0" type="cond" truecount="0" falsecount="4"/>
      <line num="431" count="0" type="stmt"/>
      <line num="432" count="0" type="stmt"/>
      <line num="433" count="0" type="cond" truecount="0" falsecount="2"/>
      <line num="434" count="0" type="stmt"/>
      <line num="435" count="0" type="stmt"/>
      <line num="436" count="0" type="stmt"/>
      <line num="442" count="0" type="stmt"/>
      <line num="446" count="0" type="stmt"/>
      <line num="454" count="0" type="stmt"/>
      <line num="455" count="0" type="stmt"/>
      <line num="456" count="0" type="stmt"/>
      <line num="460" count="0" type="stmt"/>
      <line num="461" count="0" type="cond" truecount="0" falsecount="2"/>
      <line num="462" count="0" type="stmt"/>
      <line num="463" count="0" type="stmt"/>
      <line num="464" count="0" type="stmt"/>
      <line num="467" count="0" type="stmt"/>
      <line num="468" count="0" type="stmt"/>
      <line num="469" count="0" type="cond" truecount="0" falsecount="2"/>
      <line num="471" count="0" type="cond" truecount="0" falsecount="2"/>
      <line num="472" count="0" type="stmt"/>
      <line num="473" count="0" type="stmt"/>
      <line num="475" count="0" type="stmt"/>
      <line num="476" count="0" type="stmt"/>
      <line num="480" count="0" type="stmt"/>
      <line num="488" count="0" type="stmt"/>
      <line num="489" count="0" type="stmt"/>
      <line num="491" count="0" type="stmt"/>
      <line num="492" count="0" type="stmt"/>
      <line num="493" count="0" type="stmt"/>
      <line num="496" count="0" type="stmt"/>
      <line num="497" count="0" type="stmt"/>
      <line num="500" count="0" type="stmt"/>
      <line num="501" count="0" type="stmt"/>
      <line num="502" count="0" type="cond" truecount="0" falsecount="2"/>
      <line num="503" count="0" type="stmt"/>
      <line num="508" count="0" type="cond" truecount="0" falsecount="2"/>
      <line num="509" count="0" type="stmt"/>
      <line num="510" count="0" type="cond" truecount="0" falsecount="2"/>
      <line num="511" count="0" type="stmt"/>
      <line num="515" count="0" type="stmt"/>
      <line num="520" count="0" type="stmt"/>
      <line num="521" count="0" type="cond" truecount="0" falsecount="2"/>
      <line num="522" count="0" type="stmt"/>
      <line num="523" count="0" type="stmt"/>
      <line num="530" count="0" type="stmt"/>
      <line num="531" count="0" type="stmt"/>
      <line num="532" count="0" type="stmt"/>
      <line num="535" count="0" type="stmt"/>
      <line num="536" count="0" type="cond" truecount="0" falsecount="2"/>
      <line num="537" count="0" type="stmt"/>
      <line num="538" count="0" type="stmt"/>
      <line num="539" count="0" type="stmt"/>
      <line num="540" count="0" type="stmt"/>
      <line num="543" count="0" type="stmt"/>
      <line num="544" count="0" type="stmt"/>
      <line num="545" count="0" type="stmt"/>
      <line num="548" count="0" type="stmt"/>
      <line num="549" count="0" type="stmt"/>
      <line num="557" count="0" type="stmt"/>
      <line num="560" count="0" type="stmt"/>
      <line num="561" count="0" type="stmt"/>
      <line num="562" count="0" type="stmt"/>
      <line num="563" count="0" type="stmt"/>
      <line num="564" count="0" type="stmt"/>
      <line num="567" count="0" type="cond" truecount="0" falsecount="2"/>
      <line num="569" count="0" type="stmt"/>
      <line num="573" count="0" type="stmt"/>
      <line num="576" count="0" type="stmt"/>
      <line num="577" count="0" type="stmt"/>
      <line num="581" count="0" type="stmt"/>
      <line num="582" count="0" type="stmt"/>
      <line num="583" count="0" type="stmt"/>
      <line num="585" count="0" type="cond" truecount="0" falsecount="2"/>
      <line num="586" count="0" type="cond" truecount="0" falsecount="2"/>
      <line num="587" count="0" type="stmt"/>
      <line num="588" count="0" type="cond" truecount="0" falsecount="2"/>
      <line num="589" count="0" type="stmt"/>
      <line num="590" count="0" type="stmt"/>
      <line num="594" count="0" type="stmt"/>
      <line num="595" count="0" type="cond" truecount="0" falsecount="2"/>
      <line num="600" count="0" type="stmt"/>
      <line num="601" count="0" type="stmt"/>
      <line num="602" count="0" type="stmt"/>
      <line num="607" count="0" type="stmt"/>
      <line num="608" count="0" type="cond" truecount="0" falsecount="2"/>
      <line num="609" count="0" type="stmt"/>
      <line num="618" count="0" type="stmt"/>
      <line num="621" count="0" type="stmt"/>
      <line num="627" count="0" type="stmt"/>
      <line num="628" count="0" type="stmt"/>
      <line num="629" count="0" type="stmt"/>
      <line num="630" count="0" type="cond" truecount="0" falsecount="4"/>
      <line num="631" count="0" type="stmt"/>
      <line num="632" count="0" type="stmt"/>
      <line num="634" count="0" type="stmt"/>
      <line num="640" count="0" type="stmt"/>
      <line num="641" count="0" type="stmt"/>
      <line num="645" count="0" type="stmt"/>
      <line num="646" count="0" type="stmt"/>
      <line num="648" count="0" type="stmt"/>
      <line num="649" count="0" type="stmt"/>
      <line num="650" count="0" type="stmt"/>
      <line num="653" count="0" type="stmt"/>
      <line num="654" count="0" type="stmt"/>
      <line num="656" count="0" type="stmt"/>
      <line num="657" count="0" type="stmt"/>
      <line num="660" count="0" type="stmt"/>
      <line num="661" count="0" type="stmt"/>
      <line num="662" count="0" type="stmt"/>
      <line num="663" count="0" type="cond" truecount="0" falsecount="2"/>
      <line num="664" count="0" type="stmt"/>
      <line num="665" count="0" type="cond" truecount="0" falsecount="2"/>
      <line num="666" count="0" type="stmt"/>
      <line num="667" count="0" type="stmt"/>
      <line num="669" count="0" type="stmt"/>
      <line num="675" count="0" type="stmt"/>
      <line num="676" count="0" type="stmt"/>
      <line num="677" count="0" type="stmt"/>
      <line num="679" count="0" type="stmt"/>
      <line num="680" count="0" type="stmt"/>
      <line num="682" count="0" type="stmt"/>
      <line num="683" count="0" type="stmt"/>
      <line num="686" count="0" type="stmt"/>
      <line num="687" count="0" type="stmt"/>
      <line num="688" count="0" type="stmt"/>
      <line num="689" count="0" type="cond" truecount="0" falsecount="2"/>
      <line num="690" count="0" type="stmt"/>
      <line num="691" count="0" type="stmt"/>
      <line num="692" count="0" type="cond" truecount="0" falsecount="2"/>
      <line num="693" count="0" type="stmt"/>
      <line num="700" count="0" type="stmt"/>
      <line num="701" count="0" type="stmt"/>
      <line num="704" count="0" type="stmt"/>
      <line num="705" count="0" type="stmt"/>
      <line num="720" count="0" type="stmt"/>
      <line num="721" count="0" type="stmt"/>
      <line num="722" count="0" type="stmt"/>
      <line num="725" count="0" type="stmt"/>
      <line num="730" count="0" type="cond" truecount="0" falsecount="2"/>
      <line num="731" count="0" type="stmt"/>
      <line num="732" count="0" type="stmt"/>
      <line num="733" count="0" type="stmt"/>
      <line num="738" count="0" type="stmt"/>
      <line num="745" count="0" type="stmt"/>
      <line num="750" count="0" type="cond" truecount="0" falsecount="2"/>
      <line num="751" count="0" type="stmt"/>
      <line num="754" count="0" type="stmt"/>
      <line num="755" count="0" type="stmt"/>
      <line num="758" count="0" type="stmt"/>
      <line num="759" count="0" type="cond" truecount="0" falsecount="2"/>
      <line num="763" count="0" type="stmt"/>
      <line num="768" count="3" type="stmt"/>
      <line num="769" count="3" type="stmt"/>
      <line num="770" count="3" type="stmt"/>
      <line num="771" count="3" type="stmt"/>
      <line num="776" count="3" type="stmt"/>
      <line num="777" count="3" type="cond" truecount="1" falsecount="1"/>
      <line num="778" count="3" type="cond" truecount="1" falsecount="1"/>
      <line num="779" count="3" type="cond" truecount="2" falsecount="0"/>
      <line num="782" count="3" type="stmt"/>
      <line num="783" count="3" type="stmt"/>
      <line num="786" count="3" type="stmt"/>
      <line num="787" count="3" type="stmt"/>
      <line num="788" count="3" type="stmt"/>
      <line num="792" count="3" type="stmt"/>
      <line num="793" count="3" type="stmt"/>
      <line num="795" count="3" type="stmt"/>
      <line num="796" count="3" type="stmt"/>
      <line num="799" count="3" type="cond" truecount="1" falsecount="1"/>
      <line num="800" count="0" type="stmt"/>
      <line num="801" count="3" type="cond" truecount="1" falsecount="1"/>
      <line num="802" count="0" type="stmt"/>
      <line num="807" count="3" type="cond" truecount="2" falsecount="0"/>
      <line num="808" count="2" type="cond" truecount="1" falsecount="1"/>
      <line num="809" count="2" type="cond" truecount="1" falsecount="1"/>
      <line num="810" count="2" type="cond" truecount="1" falsecount="1"/>
      <line num="813" count="3" type="cond" truecount="1" falsecount="1"/>
      <line num="814" count="3" type="cond" truecount="2" falsecount="0"/>
      <line num="818" count="3" type="cond" truecount="1" falsecount="1"/>
      <line num="819" count="0" type="cond" truecount="0" falsecount="2"/>
      <line num="820" count="0" type="cond" truecount="0" falsecount="2"/>
      <line num="823" count="3" type="cond" truecount="1" falsecount="1"/>
      <line num="824" count="0" type="cond" truecount="0" falsecount="2"/>
      <line num="827" count="3" type="stmt"/>
      <line num="828" count="3" type="stmt"/>
      <line num="829" count="3" type="stmt"/>
      <line num="830" count="3" type="stmt"/>
      <line num="832" count="3" type="stmt"/>
      <line num="834" count="3" type="stmt"/>
      <line num="846" count="0" type="cond" truecount="0" falsecount="2"/>
      <line num="849" count="0" type="cond" truecount="0" falsecount="2"/>
      <line num="852" count="0" type="stmt"/>
      <line num="853" count="0" type="cond" truecount="0" falsecount="2"/>
      <line num="854" count="0" type="cond" truecount="0" falsecount="2"/>
      <line num="855" count="0" type="stmt"/>
      <line num="857" count="0" type="stmt"/>
      <line num="862" count="0" type="cond" truecount="0" falsecount="2"/>
      <line num="864" count="0" type="cond" truecount="0" falsecount="2"/>
      <line num="866" count="0" type="cond" truecount="0" falsecount="2"/>
      <line num="868" count="0" type="cond" truecount="0" falsecount="2"/>
      <line num="871" count="0" type="cond" truecount="0" falsecount="2"/>
      <line num="873" count="0" type="cond" truecount="0" falsecount="2"/>
      <line num="876" count="0" type="cond" truecount="0" falsecount="2"/>
      <line num="878" count="0" type="cond" truecount="0" falsecount="2"/>
      <line num="881" count="0" type="cond" truecount="0" falsecount="2"/>
      <line num="884" count="0" type="stmt"/>
      <line num="898" count="0" type="stmt"/>
      <line num="901" count="0" type="stmt"/>
      <line num="902" count="0" type="cond" truecount="0" falsecount="2"/>
      <line num="904" count="0" type="stmt"/>
      <line num="905" count="0" type="cond" truecount="0" falsecount="2"/>
      <line num="907" count="0" type="stmt"/>
      <line num="908" count="0" type="cond" truecount="0" falsecount="2"/>
      <line num="910" count="0" type="stmt"/>
      <line num="911" count="0" type="cond" truecount="0" falsecount="2"/>
      <line num="913" count="0" type="stmt"/>
      <line num="914" count="0" type="cond" truecount="0" falsecount="2"/>
      <line num="917" count="0" type="stmt"/>
      <line num="918" count="0" type="cond" truecount="0" falsecount="2"/>
      <line num="919" count="0" type="stmt"/>
      <line num="920" count="0" type="stmt"/>
      <line num="923" count="0" type="cond" truecount="0" falsecount="2"/>
      <line num="924" count="0" type="stmt"/>
      <line num="925" count="0" type="cond" truecount="0" falsecount="2"/>
      <line num="926" count="0" type="stmt"/>
      <line num="928" count="0" type="stmt"/>
      <line num="933" count="0" type="stmt"/>
      <line num="934" count="0" type="cond" truecount="0" falsecount="2"/>
      <line num="935" count="0" type="cond" truecount="0" falsecount="2"/>
      <line num="936" count="0" type="stmt"/>
      <line num="938" count="0" type="cond" truecount="0" falsecount="2"/>
      <line num="939" count="0" type="stmt"/>
      <line num="941" count="0" type="cond" truecount="0" falsecount="2"/>
      <line num="942" count="0" type="stmt"/>
      <line num="945" count="0" type="stmt"/>
      <line num="955" count="0" type="stmt"/>
      <line num="957" count="0" type="stmt"/>
      <line num="958" count="0" type="stmt"/>
      <line num="961" count="0" type="stmt"/>
      <line num="962" count="0" type="stmt"/>
      <line num="963" count="0" type="stmt"/>
      <line num="966" count="0" type="stmt"/>
      <line num="967" count="0" type="stmt"/>
      <line num="970" count="0" type="stmt"/>
      <line num="971" count="0" type="cond" truecount="0" falsecount="2"/>
      <line num="972" count="0" type="cond" truecount="0" falsecount="2"/>
      <line num="978" count="0" type="stmt"/>
      <line num="979" count="0" type="cond" truecount="0" falsecount="2"/>
      <line num="980" count="0" type="cond" truecount="0" falsecount="2"/>
      <line num="983" count="0" type="cond" truecount="0" falsecount="2"/>
      <line num="984" count="0" type="stmt"/>
      <line num="985" count="0" type="stmt"/>
      <line num="989" count="0" type="cond" truecount="0" falsecount="2"/>
      <line num="990" count="0" type="stmt"/>
      <line num="993" count="0" type="stmt"/>
      <line num="995" count="0" type="cond" truecount="0" falsecount="2"/>
      <line num="996" count="0" type="stmt"/>
      <line num="1001" count="0" type="cond" truecount="0" falsecount="2"/>
      <line num="1002" count="0" type="stmt"/>
      <line num="1008" count="0" type="stmt"/>
      <line num="1009" count="0" type="cond" truecount="0" falsecount="2"/>
      <line num="1010" count="0" type="stmt"/>
      <line num="1011" count="0" type="stmt"/>
      <line num="1012" count="0" type="stmt"/>
      <line num="1015" count="0" type="cond" truecount="0" falsecount="2"/>
      <line num="1016" count="0" type="stmt"/>
      <line num="1017" count="0" type="cond" truecount="0" falsecount="2"/>
      <line num="1018" count="0" type="stmt"/>
      <line num="1020" count="0" type="stmt"/>
      <line num="1024" count="0" type="cond" truecount="0" falsecount="2"/>
      <line num="1025" count="0" type="cond" truecount="0" falsecount="2"/>
      <line num="1026" count="0" type="stmt"/>
      <line num="1027" count="0" type="stmt"/>
      <line num="1028" count="0" type="cond" truecount="0" falsecount="2"/>
      <line num="1029" count="0" type="stmt"/>
      <line num="1030" count="0" type="stmt"/>
      <line num="1032" count="0" type="stmt"/>
      <line num="1033" count="0" type="stmt"/>
      <line num="1038" count="0" type="stmt"/>
      <line num="1039" count="0" type="cond" truecount="0" falsecount="2"/>
      <line num="1040" count="0" type="cond" truecount="0" falsecount="2"/>
      <line num="1041" count="0" type="stmt"/>
      <line num="1042" count="0" type="stmt"/>
      <line num="1044" count="0" type="stmt"/>
      <line num="1045" count="0" type="stmt"/>
      <line num="1048" count="0" type="cond" truecount="0" falsecount="2"/>
      <line num="1049" count="0" type="stmt"/>
      <line num="1053" count="0" type="stmt"/>
      <line num="1056" count="0" type="cond" truecount="0" falsecount="2"/>
      <line num="1057" count="0" type="cond" truecount="0" falsecount="2"/>
      <line num="1058" count="0" type="stmt"/>
      <line num="1059" count="0" type="cond" truecount="0" falsecount="2"/>
      <line num="1060" count="0" type="cond" truecount="0" falsecount="2"/>
      <line num="1061" count="0" type="stmt"/>
      <line num="1064" count="0" type="stmt"/>
      <line num="1065" count="0" type="cond" truecount="0" falsecount="2"/>
      <line num="1069" count="0" type="stmt"/>
      <line num="1074" count="0" type="stmt"/>
      <line num="1075" count="0" type="stmt"/>
      <line num="1076" count="0" type="stmt"/>
      <line num="1077" count="0" type="stmt"/>
      <line num="1079" count="0" type="stmt"/>
      <line num="1082" count="0" type="cond" truecount="0" falsecount="2"/>
      <line num="1083" count="0" type="stmt"/>
      <line num="1090" count="0" type="cond" truecount="0" falsecount="2"/>
      <line num="1091" count="0" type="stmt"/>
      <line num="1098" count="0" type="cond" truecount="0" falsecount="2"/>
      <line num="1099" count="0" type="stmt"/>
      <line num="1106" count="0" type="cond" truecount="0" falsecount="2"/>
      <line num="1107" count="0" type="stmt"/>
      <line num="1114" count="0" type="cond" truecount="0" falsecount="2"/>
      <line num="1115" count="0" type="stmt"/>
      <line num="1122" count="0" type="cond" truecount="0" falsecount="2"/>
      <line num="1123" count="0" type="stmt"/>
      <line num="1130" count="0" type="stmt"/>
      <line num="1131" count="0" type="stmt"/>
      <line num="1132" count="0" type="stmt"/>
      <line num="1134" count="0" type="stmt"/>
      <line num="1135" count="0" type="stmt"/>
      <line num="1137" count="0" type="stmt"/>
      <line num="1138" count="0" type="stmt"/>
      <line num="1140" count="0" type="stmt"/>
      <line num="1141" count="0" type="stmt"/>
      <line num="1142" count="0" type="stmt"/>
      <line num="1148" count="0" type="stmt"/>
      <line num="1149" count="0" type="cond" truecount="0" falsecount="2"/>
      <line num="1150" count="0" type="cond" truecount="0" falsecount="2"/>
      <line num="1153" count="0" type="stmt"/>
      <line num="1154" count="0" type="cond" truecount="0" falsecount="2"/>
      <line num="1155" count="0" type="stmt"/>
      <line num="1156" count="0" type="stmt"/>
      <line num="1158" count="0" type="cond" truecount="0" falsecount="2"/>
      <line num="1159" count="0" type="cond" truecount="0" falsecount="2"/>
      <line num="1160" count="0" type="stmt"/>
      <line num="1161" count="0" type="stmt"/>
      <line num="1163" count="0" type="stmt"/>
      <line num="1164" count="0" type="stmt"/>
      <line num="1165" count="0" type="stmt"/>
      <line num="1170" count="0" type="cond" truecount="0" falsecount="2"/>
      <line num="1171" count="0" type="stmt"/>
      <line num="1174" count="0" type="stmt"/>
      <line num="1175" count="0" type="stmt"/>
      <line num="1211" count="0" type="stmt"/>
      <line num="1212" count="0" type="cond" truecount="0" falsecount="2"/>
      <line num="1213" count="0" type="cond" truecount="0" falsecount="2"/>
      <line num="1214" count="0" type="stmt"/>
      <line num="1218" count="0" type="cond" truecount="0" falsecount="2"/>
      <line num="1219" count="0" type="stmt"/>
      <line num="1224" count="0" type="stmt"/>
      <line num="1225" count="0" type="stmt"/>
      <line num="1227" count="0" type="stmt"/>
      <line num="1242" count="0" type="stmt"/>
      <line num="1243" count="0" type="stmt"/>
      <line num="1244" count="0" type="cond" truecount="0" falsecount="2"/>
      <line num="1245" count="0" type="stmt"/>
      <line num="1251" count="0" type="stmt"/>
      <line num="1252" count="0" type="stmt"/>
      <line num="1253" count="0" type="stmt"/>
      <line num="1295" count="0" type="stmt"/>
      <line num="1296" count="0" type="cond" truecount="0" falsecount="2"/>
      <line num="1297" count="0" type="stmt"/>
      <line num="1300" count="0" type="stmt"/>
      <line num="1302" count="0" type="stmt"/>
      <line num="1303" count="0" type="stmt"/>
      <line num="1305" count="0" type="stmt"/>
      <line num="1306" count="0" type="cond" truecount="0" falsecount="2"/>
      <line num="1307" count="0" type="stmt"/>
      <line num="1309" count="0" type="stmt"/>
      <line num="1310" count="0" type="stmt"/>
      <line num="1312" count="0" type="stmt"/>
      <line num="1313" count="0" type="stmt"/>
      <line num="1315" count="0" type="stmt"/>
      <line num="1316" count="0" type="stmt"/>
      <line num="1317" count="0" type="stmt"/>
      <line num="1320" count="0" type="stmt"/>
      <line num="1321" count="0" type="stmt"/>
      <line num="1324" count="0" type="stmt"/>
      <line num="1325" count="0" type="stmt"/>
      <line num="1327" count="0" type="stmt"/>
      <line num="1328" count="0" type="stmt"/>
      <line num="1330" count="0" type="stmt"/>
      <line num="1331" count="0" type="stmt"/>
      <line num="1333" count="0" type="stmt"/>
      <line num="1334" count="0" type="stmt"/>
      <line num="1335" count="0" type="stmt"/>
      <line num="1337" count="0" type="stmt"/>
      <line num="1338" count="0" type="stmt"/>
      <line num="1339" count="0" type="stmt"/>
      <line num="1341" count="0" type="stmt"/>
      <line num="1342" count="0" type="stmt"/>
      <line num="1344" count="0" type="stmt"/>
      <line num="1345" count="0" type="stmt"/>
      <line num="1347" count="0" type="stmt"/>
      <line num="1348" count="0" type="stmt"/>
      <line num="1349" count="0" type="stmt"/>
      <line num="1351" count="0" type="stmt"/>
      <line num="1352" count="0" type="stmt"/>
      <line num="1354" count="0" type="stmt"/>
      <line num="1357" count="0" type="stmt"/>
      <line num="1358" count="0" type="stmt"/>
      <line num="1363" count="0" type="stmt"/>
      <line num="1365" count="0" type="cond" truecount="0" falsecount="2"/>
      <line num="1366" count="0" type="cond" truecount="0" falsecount="2"/>
      <line num="1367" count="0" type="stmt"/>
      <line num="1368" count="0" type="stmt"/>
      <line num="1371" count="0" type="stmt"/>
      <line num="1374" count="0" type="stmt"/>
      <line num="1382" count="0" type="stmt"/>
      <line num="1385" count="0" type="cond" truecount="0" falsecount="4"/>
      <line num="1386" count="0" type="stmt"/>
      <line num="1388" count="0" type="cond" truecount="0" falsecount="2"/>
      <line num="1389" count="0" type="stmt"/>
      <line num="1391" count="0" type="cond" truecount="0" falsecount="2"/>
      <line num="1392" count="0" type="stmt"/>
      <line num="1396" count="0" type="cond" truecount="0" falsecount="2"/>
      <line num="1397" count="0" type="stmt"/>
      <line num="1398" count="0" type="stmt"/>
      <line num="1404" count="0" type="stmt"/>
      <line num="1407" count="0" type="stmt"/>
      <line num="1409" count="0" type="stmt"/>
      <line num="1410" count="0" type="stmt"/>
      <line num="1415" count="0" type="stmt"/>
      <line num="1418" count="0" type="cond" truecount="0" falsecount="2"/>
      <line num="1419" count="0" type="cond" truecount="0" falsecount="2"/>
      <line num="1420" count="0" type="stmt"/>
      <line num="1423" count="0" type="stmt"/>
      <line num="1427" count="1" type="stmt"/>
      <line num="1428" count="1" type="cond" truecount="1" falsecount="1"/>
      <line num="1429" count="0" type="stmt"/>
      <line num="1430" count="0" type="stmt"/>
      <line num="1431" count="0" type="stmt"/>
      <line num="1433" count="0" type="cond" truecount="0" falsecount="4"/>
      <line num="1434" count="0" type="stmt"/>
      <line num="1438" count="0" type="stmt"/>
      <line num="1441" count="0" type="stmt"/>
      <line num="1442" count="0" type="stmt"/>
      <line num="1443" count="0" type="stmt"/>
      <line num="1444" count="0" type="cond" truecount="0" falsecount="2"/>
      <line num="1445" count="0" type="cond" truecount="0" falsecount="2"/>
      <line num="1447" count="0" type="stmt"/>
      <line num="1457" count="0" type="stmt"/>
      <line num="1460" count="0" type="stmt"/>
      <line num="1461" count="0" type="stmt"/>
      <line num="1464" count="0" type="stmt"/>
      <line num="1469" count="0" type="stmt"/>
      <line num="1472" count="0" type="stmt"/>
      <line num="1475" count="0" type="stmt"/>
      <line num="1476" count="0" type="stmt"/>
      <line num="1484" count="1" type="stmt"/>
      <line num="1485" count="1" type="cond" truecount="1" falsecount="1"/>
      <line num="1486" count="0" type="stmt"/>
      <line num="1487" count="0" type="stmt"/>
      <line num="1488" count="0" type="stmt"/>
      <line num="1489" count="0" type="stmt"/>
      <line num="1490" count="0" type="stmt"/>
      <line num="1496" count="0" type="stmt"/>
      <line num="1497" count="0" type="stmt"/>
      <line num="1498" count="0" type="stmt"/>
      <line num="1502" count="0" type="stmt"/>
      <line num="1503" count="0" type="stmt"/>
      <line num="1505" count="0" type="stmt"/>
      <line num="1507" count="0" type="stmt"/>
      <line num="1508" count="0" type="stmt"/>
      <line num="1509" count="0" type="cond" truecount="0" falsecount="2"/>
      <line num="1510" count="0" type="stmt"/>
      <line num="1511" count="0" type="stmt"/>
      <line num="1515" count="0" type="cond" truecount="0" falsecount="2"/>
      <line num="1516" count="0" type="cond" truecount="0" falsecount="2"/>
      <line num="1518" count="0" type="cond" truecount="0" falsecount="2"/>
      <line num="1519" count="0" type="cond" truecount="0" falsecount="2"/>
      <line num="1520" count="0" type="stmt"/>
      <line num="1523" count="0" type="stmt"/>
      <line num="1524" count="0" type="stmt"/>
      <line num="1525" count="0" type="stmt"/>
      <line num="1530" count="0" type="stmt"/>
      <line num="1531" count="0" type="cond" truecount="0" falsecount="2"/>
      <line num="1532" count="0" type="stmt"/>
      <line num="1538" count="0" type="stmt"/>
      <line num="1539" count="0" type="cond" truecount="0" falsecount="2"/>
      <line num="1542" count="0" type="stmt"/>
      <line num="1543" count="0" type="cond" truecount="0" falsecount="2"/>
      <line num="1545" count="0" type="stmt"/>
      <line num="1546" count="0" type="stmt"/>
      <line num="1547" count="0" type="stmt"/>
      <line num="1549" count="0" type="stmt"/>
      <line num="1550" count="0" type="stmt"/>
      <line num="1551" count="0" type="stmt"/>
      <line num="1553" count="0" type="stmt"/>
      <line num="1554" count="0" type="stmt"/>
      <line num="1555" count="0" type="stmt"/>
      <line num="1557" count="0" type="stmt"/>
      <line num="1558" count="0" type="stmt"/>
      <line num="1559" count="0" type="stmt"/>
      <line num="1564" count="0" type="stmt"/>
      <line num="1565" count="0" type="stmt"/>
      <line num="1566" count="0" type="stmt"/>
      <line num="1569" count="0" type="stmt"/>
      <line num="1570" count="0" type="stmt"/>
      <line num="1574" count="0" type="stmt"/>
      <line num="1575" count="0" type="cond" truecount="0" falsecount="2"/>
      <line num="1577" count="0" type="stmt"/>
      <line num="1580" count="0" type="cond" truecount="0" falsecount="2"/>
      <line num="1581" count="0" type="stmt"/>
      <line num="1584" count="0" type="cond" truecount="0" falsecount="2"/>
      <line num="1589" count="0" type="stmt"/>
      <line num="1590" count="0" type="cond" truecount="0" falsecount="2"/>
      <line num="1598" count="0" type="stmt"/>
      <line num="1599" count="0" type="cond" truecount="0" falsecount="2"/>
      <line num="1600" count="0" type="stmt"/>
      <line num="1602" count="0" type="stmt"/>
      <line num="1603" count="0" type="stmt"/>
      <line num="1604" count="0" type="stmt"/>
      <line num="1606" count="0" type="stmt"/>
      <line num="1607" count="0" type="stmt"/>
      <line num="1609" count="0" type="stmt"/>
      <line num="1610" count="0" type="stmt"/>
      <line num="1611" count="0" type="stmt"/>
      <line num="1613" count="0" type="stmt"/>
      <line num="1614" count="0" type="stmt"/>
      <line num="1616" count="0" type="stmt"/>
      <line num="1617" count="0" type="stmt"/>
      <line num="1618" count="0" type="stmt"/>
      <line num="1620" count="0" type="stmt"/>
      <line num="1621" count="0" type="stmt"/>
      <line num="1622" count="0" type="stmt"/>
      <line num="1624" count="0" type="stmt"/>
      <line num="1625" count="0" type="stmt"/>
      <line num="1627" count="0" type="stmt"/>
      <line num="1628" count="0" type="stmt"/>
      <line num="1629" count="0" type="stmt"/>
      <line num="1634" count="0" type="stmt"/>
      <line num="1635" count="0" type="stmt"/>
      <line num="1636" count="0" type="stmt"/>
      <line num="1637" count="0" type="stmt"/>
      <line num="1640" count="0" type="cond" truecount="0" falsecount="4"/>
      <line num="1641" count="0" type="stmt"/>
      <line num="1642" count="0" type="stmt"/>
      <line num="1644" count="0" type="stmt"/>
      <line num="1645" count="0" type="stmt"/>
      <line num="1647" count="0" type="stmt"/>
      <line num="1648" count="0" type="stmt"/>
      <line num="1650" count="0" type="stmt"/>
      <line num="1651" count="0" type="stmt"/>
      <line num="1653" count="0" type="cond" truecount="0" falsecount="2"/>
      <line num="1654" count="0" type="stmt"/>
      <line num="1655" count="0" type="stmt"/>
      <line num="1656" count="0" type="cond" truecount="0" falsecount="2"/>
      <line num="1657" count="0" type="stmt"/>
      <line num="1658" count="0" type="stmt"/>
      <line num="1659" count="0" type="stmt"/>
      <line num="1661" count="0" type="stmt"/>
      <line num="1662" count="0" type="stmt"/>
      <line num="1665" count="0" type="stmt"/>
      <line num="1670" count="0" type="stmt"/>
      <line num="1671" count="0" type="stmt"/>
      <line num="1673" count="0" type="stmt"/>
      <line num="1674" count="0" type="stmt"/>
      <line num="1675" count="0" type="stmt"/>
      <line num="1677" count="0" type="stmt"/>
      <line num="1678" count="0" type="stmt"/>
      <line num="1679" count="0" type="stmt"/>
      <line num="1680" count="0" type="stmt"/>
      <line num="1683" count="0" type="cond" truecount="0" falsecount="2"/>
      <line num="1684" count="0" type="stmt"/>
      <line num="1685" count="0" type="stmt"/>
      <line num="1686" count="0" type="stmt"/>
      <line num="1687" count="0" type="stmt"/>
      <line num="1688" count="0" type="stmt"/>
      <line num="1689" count="0" type="stmt"/>
      <line num="1691" count="0" type="stmt"/>
      <line num="1692" count="0" type="stmt"/>
      <line num="1693" count="0" type="stmt"/>
      <line num="1694" count="0" type="stmt"/>
      <line num="1695" count="0" type="stmt"/>
      <line num="1697" count="0" type="stmt"/>
      <line num="1700" count="0" type="stmt"/>
      <line num="1703" count="0" type="stmt"/>
      <line num="1704" count="0" type="stmt"/>
      <line num="1705" count="0" type="stmt"/>
      <line num="1707" count="0" type="stmt"/>
      <line num="1708" count="0" type="stmt"/>
      <line num="1709" count="0" type="stmt"/>
      <line num="1710" count="0" type="stmt"/>
      <line num="1711" count="0" type="stmt"/>
      <line num="1712" count="0" type="stmt"/>
      <line num="1713" count="0" type="stmt"/>
      <line num="1714" count="0" type="stmt"/>
      <line num="1720" count="0" type="stmt"/>
      <line num="1721" count="0" type="stmt"/>
      <line num="1724" count="0" type="stmt"/>
      <line num="1727" count="0" type="stmt"/>
      <line num="1728" count="0" type="stmt"/>
      <line num="1733" count="0" type="cond" truecount="0" falsecount="2"/>
      <line num="1735" count="0" type="cond" truecount="0" falsecount="2"/>
      <line num="1736" count="0" type="stmt"/>
      <line num="1737" count="0" type="cond" truecount="0" falsecount="2"/>
      <line num="1738" count="0" type="stmt"/>
      <line num="1740" count="0" type="stmt"/>
      <line num="1747" count="0" type="stmt"/>
      <line num="1756" count="0" type="stmt"/>
      <line num="1757" count="0" type="cond" truecount="0" falsecount="5"/>
      <line num="1759" count="0" type="cond" truecount="0" falsecount="4"/>
      <line num="1760" count="0" type="cond" truecount="0" falsecount="2"/>
      <line num="1761" count="0" type="stmt"/>
      <line num="1765" count="0" type="cond" truecount="0" falsecount="2"/>
      <line num="1766" count="0" type="cond" truecount="0" falsecount="2"/>
      <line num="1767" count="0" type="stmt"/>
      <line num="1769" count="0" type="stmt"/>
      <line num="1770" count="0" type="stmt"/>
      <line num="1777" count="0" type="stmt"/>
      <line num="1778" count="0" type="stmt"/>
      <line num="1781" count="0" type="cond" truecount="0" falsecount="2"/>
      <line num="1782" count="0" type="stmt"/>
      <line num="1786" count="0" type="stmt"/>
      <line num="1789" count="0" type="stmt"/>
      <line num="1791" count="0" type="stmt"/>
      <line num="1796" count="0" type="stmt"/>
      <line num="1797" count="0" type="stmt"/>
      <line num="1802" count="0" type="stmt"/>
      <line num="1803" count="0" type="cond" truecount="0" falsecount="2"/>
      <line num="1804" count="0" type="stmt"/>
      <line num="1806" count="0" type="stmt"/>
      <line num="1807" count="0" type="stmt"/>
      <line num="1808" count="0" type="stmt"/>
      <line num="1810" count="0" type="stmt"/>
      <line num="1811" count="0" type="cond" truecount="0" falsecount="2"/>
      <line num="1812" count="0" type="cond" truecount="0" falsecount="2"/>
      <line num="1814" count="0" type="stmt"/>
      <line num="1815" count="0" type="stmt"/>
      <line num="1816" count="0" type="cond" truecount="0" falsecount="2"/>
      <line num="1818" count="0" type="stmt"/>
      <line num="1819" count="0" type="stmt"/>
      <line num="1820" count="0" type="stmt"/>
      <line num="1822" count="0" type="stmt"/>
      <line num="1823" count="0" type="stmt"/>
      <line num="1825" count="0" type="cond" truecount="0" falsecount="2"/>
      <line num="1826" count="0" type="stmt"/>
      <line num="1827" count="0" type="stmt"/>
      <line num="1828" count="0" type="stmt"/>
      <line num="1829" count="0" type="stmt"/>
      <line num="1832" count="0" type="stmt"/>
      <line num="1835" count="0" type="stmt"/>
      <line num="1843" count="0" type="stmt"/>
      <line num="1844" count="0" type="stmt"/>
      <line num="1845" count="0" type="stmt"/>
      <line num="1846" count="0" type="stmt"/>
      <line num="1848" count="0" type="stmt"/>
      <line num="1879" count="0" type="stmt"/>
      <line num="1880" count="0" type="cond" truecount="0" falsecount="2"/>
      <line num="1881" count="0" type="stmt"/>
      <line num="1882" count="0" type="stmt"/>
      <line num="1886" count="0" type="stmt"/>
      <line num="1888" count="0" type="cond" truecount="0" falsecount="2"/>
      <line num="1892" count="0" type="stmt"/>
      <line num="1894" count="0" type="stmt"/>
      <line num="1895" count="0" type="stmt"/>
      <line num="1897" count="0" type="stmt"/>
      <line num="1903" count="0" type="stmt"/>
      <line num="1904" count="0" type="stmt"/>
      <line num="1905" count="0" type="stmt"/>
      <line num="1906" count="0" type="stmt"/>
      <line num="1908" count="0" type="cond" truecount="0" falsecount="2"/>
      <line num="1909" count="0" type="stmt"/>
      <line num="1912" count="0" type="stmt"/>
      <line num="1913" count="0" type="cond" truecount="0" falsecount="2"/>
      <line num="1914" count="0" type="stmt"/>
      <line num="1917" count="0" type="stmt"/>
      <line num="1918" count="0" type="cond" truecount="0" falsecount="2"/>
      <line num="1919" count="0" type="stmt"/>
      <line num="1926" count="0" type="cond" truecount="0" falsecount="2"/>
      <line num="1928" count="0" type="cond" truecount="0" falsecount="2"/>
      <line num="1930" count="0" type="cond" truecount="0" falsecount="2"/>
      <line num="1932" count="0" type="cond" truecount="0" falsecount="2"/>
      <line num="1934" count="0" type="stmt"/>
      <line num="1935" count="0" type="stmt"/>
      <line num="1936" count="0" type="stmt"/>
      <line num="1938" count="0" type="stmt"/>
      <line num="1939" count="0" type="cond" truecount="0" falsecount="2"/>
      <line num="1940" count="0" type="stmt"/>
      <line num="1942" count="0" type="stmt"/>
      <line num="1945" count="0" type="stmt"/>
      <line num="1947" count="0" type="stmt"/>
      <line num="1949" count="0" type="stmt"/>
      <line num="1950" count="0" type="cond" truecount="0" falsecount="2"/>
      <line num="1951" count="0" type="stmt"/>
      <line num="1957" count="0" type="stmt"/>
      <line num="1958" count="0" type="stmt"/>
      <line num="1959" count="0" type="stmt"/>
      <line num="1961" count="0" type="stmt"/>
      <line num="1962" count="0" type="stmt"/>
      <line num="1963" count="0" type="stmt"/>
      <line num="1965" count="0" type="stmt"/>
      <line num="1969" count="0" type="stmt"/>
      <line num="1970" count="0" type="stmt"/>
      <line num="1973" count="0" type="stmt"/>
      <line num="1974" count="0" type="stmt"/>
      <line num="1977" count="0" type="stmt"/>
      <line num="1979" count="0" type="stmt"/>
      <line num="1981" count="0" type="stmt"/>
      <line num="1984" count="0" type="stmt"/>
      <line num="1985" count="0" type="cond" truecount="0" falsecount="2"/>
      <line num="1986" count="0" type="stmt"/>
      <line num="1987" count="0" type="stmt"/>
      <line num="1991" count="0" type="stmt"/>
      <line num="1992" count="0" type="stmt"/>
      <line num="1994" count="0" type="stmt"/>
      <line num="1995" count="0" type="stmt"/>
      <line num="1996" count="0" type="stmt"/>
      <line num="1997" count="0" type="stmt"/>
      <line num="1998" count="0" type="stmt"/>
      <line num="1999" count="0" type="stmt"/>
      <line num="2001" count="0" type="stmt"/>
      <line num="2006" count="0" type="stmt"/>
      <line num="2007" count="0" type="stmt"/>
      <line num="2010" count="0" type="stmt"/>
      <line num="2011" count="0" type="stmt"/>
      <line num="2012" count="0" type="stmt"/>
      <line num="2014" count="0" type="stmt"/>
      <line num="2017" count="0" type="stmt"/>
      <line num="2020" count="0" type="cond" truecount="0" falsecount="2"/>
      <line num="2021" count="0" type="stmt"/>
      <line num="2025" count="0" type="stmt"/>
      <line num="2026" count="0" type="stmt"/>
      <line num="2027" count="0" type="stmt"/>
      <line num="2029" count="0" type="stmt"/>
      <line num="2031" count="0" type="cond" truecount="0" falsecount="2"/>
      <line num="2032" count="0" type="stmt"/>
      <line num="2033" count="0" type="stmt"/>
      <line num="2034" count="0" type="stmt"/>
      <line num="2035" count="0" type="stmt"/>
      <line num="2036" count="0" type="stmt"/>
      <line num="2039" count="0" type="stmt"/>
      <line num="2045" count="0" type="stmt"/>
      <line num="2046" count="0" type="stmt"/>
      <line num="2047" count="0" type="stmt"/>
      <line num="2050" count="0" type="stmt"/>
      <line num="2053" count="0" type="stmt"/>
      <line num="2057" count="0" type="stmt"/>
      <line num="2058" count="0" type="cond" truecount="0" falsecount="2"/>
      <line num="2059" count="0" type="stmt"/>
      <line num="2061" count="0" type="stmt"/>
      <line num="2066" count="0" type="stmt"/>
      <line num="2067" count="0" type="stmt"/>
      <line num="2069" count="0" type="stmt"/>
      <line num="2070" count="0" type="stmt"/>
      <line num="2072" count="0" type="stmt"/>
      <line num="2073" count="0" type="stmt"/>
      <line num="2076" count="0" type="cond" truecount="0" falsecount="2"/>
      <line num="2077" count="0" type="stmt"/>
      <line num="2081" count="0" type="cond" truecount="0" falsecount="2"/>
      <line num="2082" count="0" type="cond" truecount="0" falsecount="2"/>
      <line num="2083" count="0" type="stmt"/>
      <line num="2084" count="0" type="stmt"/>
      <line num="2088" count="0" type="stmt"/>
      <line num="2092" count="0" type="stmt"/>
      <line num="2100" count="0" type="stmt"/>
      <line num="2101" count="0" type="cond" truecount="0" falsecount="2"/>
      <line num="2102" count="0" type="stmt"/>
      <line num="2106" count="0" type="stmt"/>
      <line num="2107" count="0" type="cond" truecount="0" falsecount="2"/>
      <line num="2108" count="0" type="stmt"/>
      <line num="2112" count="0" type="stmt"/>
      <line num="2113" count="0" type="cond" truecount="0" falsecount="2"/>
      <line num="2114" count="0" type="stmt"/>
      <line num="2118" count="0" type="stmt"/>
      <line num="2119" count="0" type="stmt"/>
      <line num="2120" count="0" type="cond" truecount="0" falsecount="4"/>
      <line num="2121" count="0" type="stmt"/>
      <line num="2122" count="0" type="stmt"/>
      <line num="2123" count="0" type="stmt"/>
      <line num="2125" count="0" type="stmt"/>
      <line num="2126" count="0" type="stmt"/>
      <line num="2133" count="0" type="stmt"/>
      <line num="2137" count="0" type="stmt"/>
      <line num="2141" count="0" type="stmt"/>
      <line num="2151" count="0" type="stmt"/>
      <line num="2161" count="0" type="stmt"/>
      <line num="2164" count="0" type="stmt"/>
      <line num="2165" count="0" type="stmt"/>
      <line num="2166" count="0" type="stmt"/>
      <line num="2167" count="0" type="stmt"/>
      <line num="2168" count="0" type="stmt"/>
      <line num="2169" count="0" type="stmt"/>
      <line num="2170" count="0" type="stmt"/>
      <line num="2174" count="0" type="stmt"/>
      <line num="2175" count="0" type="stmt"/>
      <line num="2176" count="0" type="stmt"/>
      <line num="2177" count="0" type="stmt"/>
      <line num="2180" count="0" type="cond" truecount="0" falsecount="2"/>
      <line num="2184" count="0" type="stmt"/>
      <line num="2186" count="0" type="cond" truecount="0" falsecount="2"/>
      <line num="2187" count="0" type="stmt"/>
      <line num="2195" count="0" type="stmt"/>
      <line num="2198" count="0" type="stmt"/>
      <line num="2203" count="0" type="stmt"/>
      <line num="2204" count="0" type="stmt"/>
      <line num="2211" count="0" type="stmt"/>
      <line num="2212" count="0" type="stmt"/>
      <line num="2213" count="0" type="stmt"/>
      <line num="2215" count="0" type="cond" truecount="0" falsecount="4"/>
      <line num="2216" count="0" type="stmt"/>
      <line num="2217" count="0" type="stmt"/>
      <line num="2218" count="0" type="cond" truecount="0" falsecount="2"/>
      <line num="2222" count="0" type="cond" truecount="0" falsecount="2"/>
      <line num="2223" count="0" type="stmt"/>
      <line num="2224" count="0" type="stmt"/>
      <line num="2225" count="0" type="stmt"/>
      <line num="2230" count="0" type="stmt"/>
      <line num="2231" count="0" type="stmt"/>
      <line num="2232" count="0" type="cond" truecount="0" falsecount="2"/>
      <line num="2233" count="0" type="stmt"/>
      <line num="2234" count="0" type="cond" truecount="0" falsecount="2"/>
      <line num="2240" count="1" type="cond" truecount="3" falsecount="1"/>
      <line num="2241" count="1" type="stmt"/>
    </file>
    <file name="server.js" path="C:\Users\Swati\OneDrive\Documents\Prompt wars challenge 3\server.js">
      <metrics statements="22" coveredstatements="20" conditionals="6" coveredconditionals="4" methods="3" coveredmethods="2"/>
      <line num="1" count="1" type="stmt"/>
      <line num="2" count="1" type="stmt"/>
      <line num="3" count="1" type="stmt"/>
      <line num="4" count="1" type="stmt"/>
      <line num="5" count="1" type="stmt"/>
      <line num="6" count="1" type="stmt"/>
      <line num="8" count="1" type="stmt"/>
      <line num="9" count="1" type="cond" truecount="2" falsecount="0"/>
      <line num="15" count="1" type="stmt"/>
      <line num="36" count="1" type="stmt"/>
      <line num="39" count="1" type="stmt"/>
      <line num="44" count="1" type="stmt"/>
      <line num="50" count="1" type="stmt"/>
      <line num="56" count="1" type="stmt"/>
      <line num="60" count="3" type="cond" truecount="1" falsecount="1"/>
      <line num="62" count="3" type="stmt"/>
      <line num="72" count="1" type="stmt"/>
      <line num="73" count="1" type="stmt"/>
      <line num="77" count="1" type="cond" truecount="1" falsecount="1"/>
      <line num="78" count="0" type="stmt"/>
      <line num="79" count="0" type="stmt"/>
      <line num="82" count="1" type="stmt"/>
    </file>
  </project>
</coverage>
