{"C:\\Users\\Swati\\OneDrive\\Documents\\Prompt wars challenge 3\\app.js": {"path":"C:\\Users\\Swati\\OneDrive\\Documents\\Prompt wars challenge 3\\app.js","statementMap":{"0":{"start":{"line":10,"column":15},"end":{"line":220,"column":1}},"1":{"start":{"line":223,"column":23},"end":{"line":287,"column":1}},"2":{"start":{"line":290,"column":21},"end":{"line":347,"column":1}},"3":{"start":{"line":350,"column":23},"end":{"line":350,"column":27}},"4":{"start":{"line":351,"column":20},"end":{"line":351,"column":24}},"5":{"start":{"line":354,"column":0},"end":{"line":390,"column":3}},"6":{"start":{"line":356,"column":2},"end":{"line":356,"column":25}},"7":{"start":{"line":359,"column":2},"end":{"line":359,"column":19}},"8":{"start":{"line":362,"column":2},"end":{"line":362,"column":20}},"9":{"start":{"line":365,"column":2},"end":{"line":365,"column":26}},"10":{"start":{"line":368,"column":2},"end":{"line":368,"column":30}},"11":{"start":{"line":371,"column":2},"end":{"line":371,"column":19}},"12":{"start":{"line":374,"column":2},"end":{"line":374,"column":15}},"13":{"start":{"line":377,"column":2},"end":{"line":377,"column":20}},"14":{"start":{"line":380,"column":2},"end":{"line":380,"column":14}},"15":{"start":{"line":383,"column":2},"end":{"line":383,"column":20}},"16":{"start":{"line":386,"column":2},"end":{"line":386,"column":22}},"17":{"start":{"line":389,"column":2},"end":{"line":389,"column":23}},"18":{"start":{"line":394,"column":17},"end":{"line":394,"column":55}},"19":{"start":{"line":395,"column":2},"end":{"line":403,"column":3}},"20":{"start":{"line":396,"column":20},"end":{"line":401,"column":5}},"21":{"start":{"line":402,"column":4},"end":{"line":402,"column":73}},"22":{"start":{"line":410,"column":2},"end":{"line":410,"column":71}},"23":{"start":{"line":414,"column":16},"end":{"line":414,"column":58}},"24":{"start":{"line":415,"column":2},"end":{"line":451,"column":3}},"25":{"start":{"line":416,"column":4},"end":{"line":447,"column":5}},"26":{"start":{"line":417,"column":21},"end":{"line":417,"column":38}},"27":{"start":{"line":419,"column":6},"end":{"line":419,"column":59}},"28":{"start":{"line":420,"column":6},"end":{"line":420,"column":77}},"29":{"start":{"line":421,"column":6},"end":{"line":421,"column":80}},"30":{"start":{"line":422,"column":6},"end":{"line":422,"column":58}},"31":{"start":{"line":423,"column":6},"end":{"line":423,"column":60}},"32":{"start":{"line":424,"column":6},"end":{"line":424,"column":59}},"33":{"start":{"line":427,"column":23},"end":{"line":427,"column":48}},"34":{"start":{"line":428,"column":6},"end":{"line":431,"column":7}},"35":{"start":{"line":429,"column":8},"end":{"line":429,"column":55}},"36":{"start":{"line":430,"column":8},"end":{"line":430,"column":48}},"37":{"start":{"line":434,"column":6},"end":{"line":444,"column":7}},"38":{"start":{"line":435,"column":8},"end":{"line":443,"column":11}},"39":{"start":{"line":436,"column":25},"end":{"line":436,"column":71}},"40":{"start":{"line":436,"column":57},"end":{"line":436,"column":70}},"41":{"start":{"line":437,"column":10},"end":{"line":442,"column":11}},"42":{"start":{"line":438,"column":12},"end":{"line":438,"column":41}},"43":{"start":{"line":439,"column":12},"end":{"line":439,"column":47}},"44":{"start":{"line":440,"column":12},"end":{"line":441,"column":70}},"45":{"start":{"line":446,"column":6},"end":{"line":446,"column":57}},"46":{"start":{"line":450,"column":4},"end":{"line":450,"column":68}},"47":{"start":{"line":458,"column":19},"end":{"line":458,"column":58}},"48":{"start":{"line":459,"column":18},"end":{"line":459,"column":53}},"49":{"start":{"line":460,"column":19},"end":{"line":460,"column":55}},"50":{"start":{"line":464,"column":4},"end":{"line":464,"column":60}},"51":{"start":{"line":465,"column":2},"end":{"line":469,"column":3}},"52":{"start":{"line":466,"column":4},"end":{"line":466,"column":46}},"53":{"start":{"line":467,"column":4},"end":{"line":467,"column":36}},"54":{"start":{"line":468,"column":4},"end":{"line":468,"column":40}},"55":{"start":{"line":471,"column":2},"end":{"line":485,"column":5}},"56":{"start":{"line":472,"column":20},"end":{"line":472,"column":64}},"57":{"start":{"line":473,"column":4},"end":{"line":473,"column":78}},"58":{"start":{"line":475,"column":4},"end":{"line":481,"column":5}},"59":{"start":{"line":476,"column":6},"end":{"line":476,"column":38}},"60":{"start":{"line":477,"column":6},"end":{"line":477,"column":42}},"61":{"start":{"line":479,"column":6},"end":{"line":479,"column":41}},"62":{"start":{"line":480,"column":6},"end":{"line":480,"column":39}},"63":{"start":{"line":484,"column":4},"end":{"line":484,"column":19}},"64":{"start":{"line":492,"column":19},"end":{"line":492,"column":57}},"65":{"start":{"line":493,"column":19},"end":{"line":493,"column":57}},"66":{"start":{"line":495,"column":2},"end":{"line":521,"column":5}},"67":{"start":{"line":496,"column":4},"end":{"line":520,"column":7}},"68":{"start":{"line":497,"column":24},"end":{"line":497,"column":53}},"69":{"start":{"line":500,"column":6},"end":{"line":500,"column":60}},"70":{"start":{"line":500,"column":30},"end":{"line":500,"column":58}},"71":{"start":{"line":501,"column":6},"end":{"line":501,"column":35}},"72":{"start":{"line":504,"column":6},"end":{"line":509,"column":9}},"73":{"start":{"line":505,"column":8},"end":{"line":505,"column":40}},"74":{"start":{"line":506,"column":8},"end":{"line":508,"column":9}},"75":{"start":{"line":507,"column":10},"end":{"line":507,"column":39}},"76":{"start":{"line":512,"column":6},"end":{"line":516,"column":7}},"77":{"start":{"line":513,"column":8},"end":{"line":513,"column":26}},"78":{"start":{"line":514,"column":13},"end":{"line":516,"column":7}},"79":{"start":{"line":515,"column":8},"end":{"line":515,"column":36}},"80":{"start":{"line":519,"column":6},"end":{"line":519,"column":54}},"81":{"start":{"line":524,"column":21},"end":{"line":524,"column":66}},"82":{"start":{"line":525,"column":2},"end":{"line":529,"column":3}},"83":{"start":{"line":526,"column":4},"end":{"line":528,"column":7}},"84":{"start":{"line":527,"column":6},"end":{"line":527,"column":78}},"85":{"start":{"line":534,"column":17},"end":{"line":534,"column":64}},"86":{"start":{"line":535,"column":15},"end":{"line":535,"column":59}},"87":{"start":{"line":536,"column":18},"end":{"line":536,"column":63}},"88":{"start":{"line":539,"column":26},"end":{"line":539,"column":69}},"89":{"start":{"line":540,"column":2},"end":{"line":545,"column":3}},"90":{"start":{"line":541,"column":20},"end":{"line":541,"column":47}},"91":{"start":{"line":542,"column":4},"end":{"line":542,"column":50}},"92":{"start":{"line":543,"column":4},"end":{"line":543,"column":44}},"93":{"start":{"line":544,"column":4},"end":{"line":544,"column":51}},"94":{"start":{"line":547,"column":2},"end":{"line":547,"column":29}},"95":{"start":{"line":548,"column":2},"end":{"line":548,"column":36}},"96":{"start":{"line":549,"column":2},"end":{"line":549,"column":23}},"97":{"start":{"line":552,"column":2},"end":{"line":554,"column":11}},"98":{"start":{"line":553,"column":4},"end":{"line":553,"column":35}},"99":{"start":{"line":561,"column":2},"end":{"line":561,"column":29}},"100":{"start":{"line":564,"column":21},"end":{"line":564,"column":22}},"101":{"start":{"line":565,"column":2},"end":{"line":569,"column":3}},"102":{"start":{"line":566,"column":4},"end":{"line":566,"column":55}},"103":{"start":{"line":567,"column":4},"end":{"line":567,"column":29}},"104":{"start":{"line":568,"column":4},"end":{"line":568,"column":19}},"105":{"start":{"line":571,"column":2},"end":{"line":578,"column":3}},"106":{"start":{"line":573,"column":4},"end":{"line":576,"column":6}},"107":{"start":{"line":577,"column":4},"end":{"line":577,"column":33}},"108":{"start":{"line":580,"column":2},"end":{"line":580,"column":23}},"109":{"start":{"line":581,"column":2},"end":{"line":581,"column":20}},"110":{"start":{"line":585,"column":16},"end":{"line":585,"column":53}},"111":{"start":{"line":586,"column":15},"end":{"line":586,"column":49}},"112":{"start":{"line":587,"column":16},"end":{"line":587,"column":54}},"113":{"start":{"line":589,"column":2},"end":{"line":589,"column":53}},"114":{"start":{"line":589,"column":13},"end":{"line":589,"column":53}},"115":{"start":{"line":590,"column":2},"end":{"line":591,"column":84}},"116":{"start":{"line":591,"column":4},"end":{"line":591,"column":84}},"117":{"start":{"line":592,"column":2},"end":{"line":595,"column":3}},"118":{"start":{"line":593,"column":16},"end":{"line":593,"column":73}},"119":{"start":{"line":594,"column":4},"end":{"line":594,"column":34}},"120":{"start":{"line":598,"column":20},"end":{"line":598,"column":64}},"121":{"start":{"line":599,"column":2},"end":{"line":599,"column":80}},"122":{"start":{"line":599,"column":17},"end":{"line":599,"column":80}},"123":{"start":{"line":604,"column":21},"end":{"line":604,"column":22}},"124":{"start":{"line":605,"column":19},"end":{"line":615,"column":9}},"125":{"start":{"line":606,"column":4},"end":{"line":610,"column":7}},"126":{"start":{"line":611,"column":4},"end":{"line":611,"column":19}},"127":{"start":{"line":612,"column":4},"end":{"line":614,"column":5}},"128":{"start":{"line":613,"column":6},"end":{"line":613,"column":30}},"129":{"start":{"line":622,"column":15},"end":{"line":622,"column":62}},"130":{"start":{"line":625,"column":18},"end":{"line":629,"column":3}},"131":{"start":{"line":631,"column":2},"end":{"line":641,"column":5}},"132":{"start":{"line":632,"column":21},"end":{"line":632,"column":54}},"133":{"start":{"line":633,"column":21},"end":{"line":633,"column":58}},"134":{"start":{"line":634,"column":4},"end":{"line":640,"column":5}},"135":{"start":{"line":635,"column":6},"end":{"line":639,"column":9}},"136":{"start":{"line":636,"column":8},"end":{"line":636,"column":61}},"137":{"start":{"line":638,"column":8},"end":{"line":638,"column":34}},"138":{"start":{"line":644,"column":2},"end":{"line":646,"column":5}},"139":{"start":{"line":645,"column":4},"end":{"line":645,"column":62}},"140":{"start":{"line":649,"column":19},"end":{"line":649,"column":53}},"141":{"start":{"line":650,"column":19},"end":{"line":650,"column":53}},"142":{"start":{"line":652,"column":2},"end":{"line":677,"column":5}},"143":{"start":{"line":653,"column":4},"end":{"line":676,"column":7}},"144":{"start":{"line":654,"column":25},"end":{"line":654,"column":54}},"145":{"start":{"line":657,"column":26},"end":{"line":657,"column":51}},"146":{"start":{"line":658,"column":6},"end":{"line":658,"column":45}},"147":{"start":{"line":660,"column":23},"end":{"line":660,"column":73}},"148":{"start":{"line":661,"column":6},"end":{"line":661,"column":39}},"149":{"start":{"line":664,"column":19},"end":{"line":664,"column":57}},"150":{"start":{"line":665,"column":6},"end":{"line":675,"column":9}},"151":{"start":{"line":666,"column":21},"end":{"line":666,"column":60}},"152":{"start":{"line":667,"column":8},"end":{"line":674,"column":9}},"153":{"start":{"line":668,"column":10},"end":{"line":668,"column":38}},"154":{"start":{"line":669,"column":15},"end":{"line":674,"column":9}},"155":{"start":{"line":670,"column":10},"end":{"line":670,"column":41}},"156":{"start":{"line":671,"column":10},"end":{"line":671,"column":41}},"157":{"start":{"line":673,"column":10},"end":{"line":673,"column":54}},"158":{"start":{"line":679,"column":2},"end":{"line":701,"column":5}},"159":{"start":{"line":680,"column":4},"end":{"line":700,"column":7}},"160":{"start":{"line":681,"column":25},"end":{"line":681,"column":54}},"161":{"start":{"line":683,"column":26},"end":{"line":683,"column":51}},"162":{"start":{"line":684,"column":6},"end":{"line":684,"column":45}},"163":{"start":{"line":686,"column":23},"end":{"line":686,"column":73}},"164":{"start":{"line":687,"column":6},"end":{"line":687,"column":39}},"165":{"start":{"line":690,"column":19},"end":{"line":690,"column":57}},"166":{"start":{"line":691,"column":6},"end":{"line":699,"column":9}},"167":{"start":{"line":692,"column":21},"end":{"line":692,"column":60}},"168":{"start":{"line":693,"column":8},"end":{"line":698,"column":9}},"169":{"start":{"line":694,"column":10},"end":{"line":694,"column":38}},"170":{"start":{"line":695,"column":10},"end":{"line":695,"column":44}},"171":{"start":{"line":696,"column":15},"end":{"line":698,"column":9}},"172":{"start":{"line":697,"column":10},"end":{"line":697,"column":54}},"173":{"start":{"line":704,"column":2},"end":{"line":764,"column":5}},"174":{"start":{"line":705,"column":4},"end":{"line":705,"column":23}},"175":{"start":{"line":708,"column":21},"end":{"line":708,"column":39}},"176":{"start":{"line":709,"column":4},"end":{"line":721,"column":6}},"177":{"start":{"line":724,"column":20},"end":{"line":724,"column":66}},"178":{"start":{"line":725,"column":4},"end":{"line":725,"column":45}},"179":{"start":{"line":726,"column":4},"end":{"line":726,"column":52}},"180":{"start":{"line":729,"column":4},"end":{"line":731,"column":6}},"181":{"start":{"line":734,"column":4},"end":{"line":746,"column":5}},"182":{"start":{"line":735,"column":6},"end":{"line":735,"column":18}},"183":{"start":{"line":736,"column":6},"end":{"line":736,"column":68}},"184":{"start":{"line":737,"column":6},"end":{"line":740,"column":8}},"185":{"start":{"line":742,"column":6},"end":{"line":745,"column":8}},"186":{"start":{"line":749,"column":4},"end":{"line":752,"column":6}},"187":{"start":{"line":754,"column":4},"end":{"line":756,"column":5}},"188":{"start":{"line":755,"column":6},"end":{"line":755,"column":47}},"189":{"start":{"line":758,"column":4},"end":{"line":758,"column":25}},"190":{"start":{"line":759,"column":4},"end":{"line":759,"column":22}},"191":{"start":{"line":762,"column":20},"end":{"line":762,"column":64}},"192":{"start":{"line":763,"column":4},"end":{"line":763,"column":33}},"193":{"start":{"line":763,"column":17},"end":{"line":763,"column":33}},"194":{"start":{"line":767,"column":2},"end":{"line":767,"column":28}},"195":{"start":{"line":777,"column":18},"end":{"line":777,"column":19}},"196":{"start":{"line":778,"column":15},"end":{"line":778,"column":16}},"197":{"start":{"line":779,"column":13},"end":{"line":779,"column":14}},"198":{"start":{"line":780,"column":14},"end":{"line":780,"column":15}},"199":{"start":{"line":785,"column":20},"end":{"line":785,"column":24}},"200":{"start":{"line":786,"column":2},"end":{"line":788,"column":63}},"201":{"start":{"line":786,"column":43},"end":{"line":786,"column":62}},"202":{"start":{"line":787,"column":7},"end":{"line":788,"column":63}},"203":{"start":{"line":787,"column":50},"end":{"line":787,"column":69}},"204":{"start":{"line":788,"column":7},"end":{"line":788,"column":63}},"205":{"start":{"line":788,"column":45},"end":{"line":788,"column":63}},"206":{"start":{"line":791,"column":21},"end":{"line":791,"column":44}},"207":{"start":{"line":792,"column":2},"end":{"line":792,"column":49}},"208":{"start":{"line":795,"column":25},"end":{"line":795,"column":50}},"209":{"start":{"line":796,"column":24},"end":{"line":796,"column":48}},"210":{"start":{"line":797,"column":2},"end":{"line":797,"column":55}},"211":{"start":{"line":801,"column":20},"end":{"line":801,"column":41}},"212":{"start":{"line":802,"column":26},"end":{"line":802,"column":42}},"213":{"start":{"line":804,"column":28},"end":{"line":804,"column":77}},"214":{"start":{"line":805,"column":2},"end":{"line":805,"column":37}},"215":{"start":{"line":808,"column":2},"end":{"line":812,"column":3}},"216":{"start":{"line":809,"column":4},"end":{"line":809,"column":18}},"217":{"start":{"line":810,"column":9},"end":{"line":812,"column":3}},"218":{"start":{"line":811,"column":4},"end":{"line":811,"column":18}},"219":{"start":{"line":816,"column":2},"end":{"line":819,"column":51}},"220":{"start":{"line":816,"column":40},"end":{"line":816,"column":51}},"221":{"start":{"line":817,"column":7},"end":{"line":819,"column":51}},"222":{"start":{"line":817,"column":48},"end":{"line":817,"column":59}},"223":{"start":{"line":818,"column":7},"end":{"line":819,"column":51}},"224":{"start":{"line":818,"column":45},"end":{"line":818,"column":56}},"225":{"start":{"line":819,"column":7},"end":{"line":819,"column":51}},"226":{"start":{"line":819,"column":40},"end":{"line":819,"column":51}},"227":{"start":{"line":822,"column":2},"end":{"line":823,"column":55}},"228":{"start":{"line":822,"column":40},"end":{"line":822,"column":52}},"229":{"start":{"line":823,"column":7},"end":{"line":823,"column":55}},"230":{"start":{"line":823,"column":42},"end":{"line":823,"column":55}},"231":{"start":{"line":827,"column":2},"end":{"line":829,"column":58}},"232":{"start":{"line":827,"column":46},"end":{"line":827,"column":58}},"233":{"start":{"line":828,"column":7},"end":{"line":829,"column":58}},"234":{"start":{"line":828,"column":48},"end":{"line":828,"column":60}},"235":{"start":{"line":829,"column":7},"end":{"line":829,"column":58}},"236":{"start":{"line":829,"column":46},"end":{"line":829,"column":58}},"237":{"start":{"line":832,"column":2},"end":{"line":833,"column":61}},"238":{"start":{"line":832,"column":38},"end":{"line":832,"column":52}},"239":{"start":{"line":833,"column":7},"end":{"line":833,"column":61}},"240":{"start":{"line":833,"column":47},"end":{"line":833,"column":61}},"241":{"start":{"line":836,"column":2},"end":{"line":836,"column":37}},"242":{"start":{"line":837,"column":2},"end":{"line":837,"column":31}},"243":{"start":{"line":838,"column":2},"end":{"line":838,"column":27}},"244":{"start":{"line":839,"column":2},"end":{"line":839,"column":29}},"245":{"start":{"line":841,"column":16},"end":{"line":841,"column":49}},"246":{"start":{"line":843,"column":2},"end":{"line":849,"column":4}},"247":{"start":{"line":855,"column":4},"end":{"line":856,"column":16}},"248":{"start":{"line":858,"column":4},"end":{"line":858,"column":69}},"249":{"start":{"line":861,"column":20},"end":{"line":861,"column":65}},"250":{"start":{"line":862,"column":2},"end":{"line":868,"column":3}},"251":{"start":{"line":863,"column":4},"end":{"line":867,"column":5}},"252":{"start":{"line":864,"column":6},"end":{"line":864,"column":39}},"253":{"start":{"line":866,"column":6},"end":{"line":866,"column":40}},"254":{"start":{"line":871,"column":4},"end":{"line":871,"column":66}},"255":{"start":{"line":873,"column":4},"end":{"line":873,"column":65}},"256":{"start":{"line":875,"column":4},"end":{"line":875,"column":66}},"257":{"start":{"line":877,"column":4},"end":{"line":878,"column":17}},"258":{"start":{"line":880,"column":4},"end":{"line":880,"column":64}},"259":{"start":{"line":882,"column":4},"end":{"line":883,"column":19}},"260":{"start":{"line":885,"column":4},"end":{"line":885,"column":74}},"261":{"start":{"line":887,"column":4},"end":{"line":888,"column":9}},"262":{"start":{"line":890,"column":4},"end":{"line":891,"column":13}},"263":{"start":{"line":893,"column":21},"end":{"line":905,"column":3}},"264":{"start":{"line":907,"column":14},"end":{"line":907,"column":44}},"265":{"start":{"line":910,"column":19},"end":{"line":910,"column":61}},"266":{"start":{"line":911,"column":2},"end":{"line":911,"column":60}},"267":{"start":{"line":911,"column":16},"end":{"line":911,"column":60}},"268":{"start":{"line":913,"column":23},"end":{"line":913,"column":68}},"269":{"start":{"line":914,"column":2},"end":{"line":914,"column":79}},"270":{"start":{"line":914,"column":20},"end":{"line":914,"column":79}},"271":{"start":{"line":916,"column":20},"end":{"line":916,"column":62}},"272":{"start":{"line":917,"column":2},"end":{"line":917,"column":70}},"273":{"start":{"line":917,"column":17},"end":{"line":917,"column":70}},"274":{"start":{"line":919,"column":18},"end":{"line":919,"column":58}},"275":{"start":{"line":920,"column":2},"end":{"line":920,"column":64}},"276":{"start":{"line":920,"column":15},"end":{"line":920,"column":64}},"277":{"start":{"line":922,"column":19},"end":{"line":922,"column":60}},"278":{"start":{"line":923,"column":2},"end":{"line":923,"column":67}},"279":{"start":{"line":923,"column":16},"end":{"line":923,"column":67}},"280":{"start":{"line":926,"column":23},"end":{"line":926,"column":69}},"281":{"start":{"line":927,"column":2},"end":{"line":939,"column":3}},"282":{"start":{"line":928,"column":23},"end":{"line":928,"column":62}},"283":{"start":{"line":929,"column":4},"end":{"line":929,"column":48}},"284":{"start":{"line":932,"column":4},"end":{"line":938,"column":5}},"285":{"start":{"line":933,"column":6},"end":{"line":933,"column":60}},"286":{"start":{"line":934,"column":11},"end":{"line":938,"column":5}},"287":{"start":{"line":935,"column":6},"end":{"line":935,"column":59}},"288":{"start":{"line":937,"column":6},"end":{"line":937,"column":59}},"289":{"start":{"line":942,"column":25},"end":{"line":942,"column":73}},"290":{"start":{"line":943,"column":2},"end":{"line":957,"column":3}},"291":{"start":{"line":944,"column":4},"end":{"line":956,"column":5}},"292":{"start":{"line":945,"column":6},"end":{"line":946,"column":105}},"293":{"start":{"line":947,"column":11},"end":{"line":956,"column":5}},"294":{"start":{"line":948,"column":6},"end":{"line":949,"column":103}},"295":{"start":{"line":950,"column":11},"end":{"line":956,"column":5}},"296":{"start":{"line":951,"column":6},"end":{"line":952,"column":131}},"297":{"start":{"line":954,"column":6},"end":{"line":955,"column":131}},"298":{"start":{"line":964,"column":2},"end":{"line":964,"column":20}},"299":{"start":{"line":966,"column":29},"end":{"line":966,"column":69}},"300":{"start":{"line":967,"column":29},"end":{"line":969,"column":3}},"301":{"start":{"line":970,"column":24},"end":{"line":970,"column":73}},"302":{"start":{"line":971,"column":23},"end":{"line":971,"column":69}},"303":{"start":{"line":972,"column":28},"end":{"line":974,"column":3}},"304":{"start":{"line":975,"column":26},"end":{"line":975,"column":77}},"305":{"start":{"line":976,"column":26},"end":{"line":976,"column":77}},"306":{"start":{"line":979,"column":24},"end":{"line":979,"column":65}},"307":{"start":{"line":980,"column":2},"end":{"line":984,"column":3}},"308":{"start":{"line":981,"column":4},"end":{"line":983,"column":52}},"309":{"start":{"line":987,"column":23},"end":{"line":987,"column":50}},"310":{"start":{"line":988,"column":2},"end":{"line":991,"column":69}},"311":{"start":{"line":989,"column":4},"end":{"line":991,"column":69}},"312":{"start":{"line":992,"column":2},"end":{"line":995,"column":3}},"313":{"start":{"line":993,"column":28},"end":{"line":993,"column":60}},"314":{"start":{"line":994,"column":4},"end":{"line":994,"column":92}},"315":{"start":{"line":998,"column":2},"end":{"line":1075,"column":3}},"316":{"start":{"line":999,"column":28},"end":{"line":999,"column":64}},"317":{"start":{"line":1002,"column":30},"end":{"line":1002,"column":59}},"318":{"start":{"line":1004,"column":6},"end":{"line":1004,"column":78}},"319":{"start":{"line":1005,"column":25},"end":{"line":1008,"column":5}},"320":{"start":{"line":1010,"column":4},"end":{"line":1011,"column":64}},"321":{"start":{"line":1011,"column":6},"end":{"line":1011,"column":64}},"322":{"start":{"line":1017,"column":20},"end":{"line":1017,"column":62}},"323":{"start":{"line":1018,"column":4},"end":{"line":1031,"column":5}},"324":{"start":{"line":1019,"column":23},"end":{"line":1019,"column":56}},"325":{"start":{"line":1020,"column":21},"end":{"line":1020,"column":45}},"326":{"start":{"line":1021,"column":6},"end":{"line":1021,"column":46}},"327":{"start":{"line":1024,"column":6},"end":{"line":1030,"column":7}},"328":{"start":{"line":1025,"column":8},"end":{"line":1025,"column":48}},"329":{"start":{"line":1026,"column":13},"end":{"line":1030,"column":7}},"330":{"start":{"line":1027,"column":8},"end":{"line":1027,"column":47}},"331":{"start":{"line":1029,"column":8},"end":{"line":1029,"column":47}},"332":{"start":{"line":1033,"column":4},"end":{"line":1044,"column":5}},"333":{"start":{"line":1034,"column":6},"end":{"line":1043,"column":7}},"334":{"start":{"line":1035,"column":8},"end":{"line":1035,"column":63}},"335":{"start":{"line":1036,"column":8},"end":{"line":1036,"column":53}},"336":{"start":{"line":1037,"column":13},"end":{"line":1043,"column":7}},"337":{"start":{"line":1038,"column":8},"end":{"line":1038,"column":52}},"338":{"start":{"line":1039,"column":8},"end":{"line":1039,"column":55}},"339":{"start":{"line":1041,"column":8},"end":{"line":1041,"column":52}},"340":{"start":{"line":1042,"column":8},"end":{"line":1042,"column":52}},"341":{"start":{"line":1047,"column":24},"end":{"line":1047,"column":63}},"342":{"start":{"line":1048,"column":4},"end":{"line":1056,"column":5}},"343":{"start":{"line":1049,"column":6},"end":{"line":1055,"column":7}},"344":{"start":{"line":1050,"column":8},"end":{"line":1050,"column":73}},"345":{"start":{"line":1051,"column":8},"end":{"line":1051,"column":55}},"346":{"start":{"line":1053,"column":8},"end":{"line":1053,"column":83}},"347":{"start":{"line":1054,"column":8},"end":{"line":1054,"column":54}},"348":{"start":{"line":1057,"column":4},"end":{"line":1059,"column":5}},"349":{"start":{"line":1058,"column":6},"end":{"line":1058,"column":74}},"350":{"start":{"line":1062,"column":4},"end":{"line":1062,"column":35}},"351":{"start":{"line":1065,"column":4},"end":{"line":1065,"column":65}},"352":{"start":{"line":1065,"column":28},"end":{"line":1065,"column":65}},"353":{"start":{"line":1066,"column":4},"end":{"line":1067,"column":71}},"354":{"start":{"line":1067,"column":6},"end":{"line":1067,"column":71}},"355":{"start":{"line":1068,"column":4},"end":{"line":1068,"column":60}},"356":{"start":{"line":1068,"column":25},"end":{"line":1068,"column":60}},"357":{"start":{"line":1069,"column":4},"end":{"line":1070,"column":66}},"358":{"start":{"line":1070,"column":6},"end":{"line":1070,"column":66}},"359":{"start":{"line":1073,"column":29},"end":{"line":1073,"column":79}},"360":{"start":{"line":1074,"column":4},"end":{"line":1074,"column":70}},"361":{"start":{"line":1074,"column":26},"end":{"line":1074,"column":70}},"362":{"start":{"line":1078,"column":2},"end":{"line":1078,"column":17}},"363":{"start":{"line":1083,"column":17},"end":{"line":1083,"column":43}},"364":{"start":{"line":1084,"column":20},"end":{"line":1084,"column":50}},"365":{"start":{"line":1085,"column":20},"end":{"line":1085,"column":65}},"366":{"start":{"line":1086,"column":2},"end":{"line":1086,"column":27}},"367":{"start":{"line":1088,"column":21},"end":{"line":1088,"column":23}},"368":{"start":{"line":1091,"column":2},"end":{"line":1096,"column":3}},"369":{"start":{"line":1092,"column":4},"end":{"line":1095,"column":7}},"370":{"start":{"line":1099,"column":2},"end":{"line":1104,"column":3}},"371":{"start":{"line":1100,"column":4},"end":{"line":1103,"column":7}},"372":{"start":{"line":1107,"column":2},"end":{"line":1112,"column":3}},"373":{"start":{"line":1108,"column":4},"end":{"line":1111,"column":7}},"374":{"start":{"line":1115,"column":2},"end":{"line":1120,"column":3}},"375":{"start":{"line":1116,"column":4},"end":{"line":1119,"column":7}},"376":{"start":{"line":1123,"column":2},"end":{"line":1128,"column":3}},"377":{"start":{"line":1124,"column":4},"end":{"line":1127,"column":7}},"378":{"start":{"line":1131,"column":2},"end":{"line":1136,"column":3}},"379":{"start":{"line":1132,"column":4},"end":{"line":1135,"column":7}},"380":{"start":{"line":1139,"column":2},"end":{"line":1152,"column":5}},"381":{"start":{"line":1140,"column":17},"end":{"line":1140,"column":46}},"382":{"start":{"line":1141,"column":4},"end":{"line":1141,"column":48}},"383":{"start":{"line":1143,"column":16},"end":{"line":1143,"column":45}},"384":{"start":{"line":1144,"column":4},"end":{"line":1144,"column":34}},"385":{"start":{"line":1146,"column":17},"end":{"line":1146,"column":44}},"386":{"start":{"line":1147,"column":4},"end":{"line":1147,"column":32}},"387":{"start":{"line":1149,"column":4},"end":{"line":1149,"column":26}},"388":{"start":{"line":1150,"column":4},"end":{"line":1150,"column":27}},"389":{"start":{"line":1151,"column":4},"end":{"line":1151,"column":32}},"390":{"start":{"line":1157,"column":22},"end":{"line":1157,"column":68}},"391":{"start":{"line":1158,"column":20},"end":{"line":1158,"column":55}},"392":{"start":{"line":1159,"column":20},"end":{"line":1159,"column":79}},"393":{"start":{"line":1162,"column":25},"end":{"line":1162,"column":65}},"394":{"start":{"line":1163,"column":2},"end":{"line":1217,"column":3}},"395":{"start":{"line":1164,"column":24},"end":{"line":1164,"column":64}},"396":{"start":{"line":1165,"column":29},"end":{"line":1165,"column":79}},"397":{"start":{"line":1167,"column":4},"end":{"line":1176,"column":5}},"398":{"start":{"line":1168,"column":6},"end":{"line":1175,"column":7}},"399":{"start":{"line":1169,"column":8},"end":{"line":1169,"column":49}},"400":{"start":{"line":1170,"column":8},"end":{"line":1170,"column":50}},"401":{"start":{"line":1172,"column":8},"end":{"line":1172,"column":52}},"402":{"start":{"line":1173,"column":8},"end":{"line":1173,"column":47}},"403":{"start":{"line":1174,"column":8},"end":{"line":1174,"column":15}},"404":{"start":{"line":1179,"column":4},"end":{"line":1181,"column":5}},"405":{"start":{"line":1180,"column":6},"end":{"line":1180,"column":33}},"406":{"start":{"line":1183,"column":17},"end":{"line":1183,"column":47}},"407":{"start":{"line":1184,"column":4},"end":{"line":1216,"column":7}},"408":{"start":{"line":1220,"column":22},"end":{"line":1220,"column":59}},"409":{"start":{"line":1221,"column":2},"end":{"line":1297,"column":3}},"410":{"start":{"line":1222,"column":4},"end":{"line":1224,"column":5}},"411":{"start":{"line":1223,"column":6},"end":{"line":1223,"column":30}},"412":{"start":{"line":1227,"column":4},"end":{"line":1231,"column":5}},"413":{"start":{"line":1228,"column":6},"end":{"line":1230,"column":8}},"414":{"start":{"line":1233,"column":19},"end":{"line":1233,"column":55}},"415":{"start":{"line":1233,"column":47},"end":{"line":1233,"column":54}},"416":{"start":{"line":1234,"column":21},"end":{"line":1234,"column":61}},"417":{"start":{"line":1234,"column":49},"end":{"line":1234,"column":60}},"418":{"start":{"line":1236,"column":4},"end":{"line":1296,"column":7}},"419":{"start":{"line":1251,"column":28},"end":{"line":1251,"column":41}},"420":{"start":{"line":1252,"column":41},"end":{"line":1252,"column":46}},"421":{"start":{"line":1253,"column":14},"end":{"line":1253,"column":42}},"422":{"start":{"line":1253,"column":30},"end":{"line":1253,"column":42}},"423":{"start":{"line":1254,"column":31},"end":{"line":1259,"column":15}},"424":{"start":{"line":1260,"column":14},"end":{"line":1260,"column":66}},"425":{"start":{"line":1261,"column":14},"end":{"line":1261,"column":66}},"426":{"start":{"line":1262,"column":14},"end":{"line":1262,"column":30}},"427":{"start":{"line":1304,"column":24},"end":{"line":1304,"column":67}},"428":{"start":{"line":1305,"column":2},"end":{"line":1305,"column":29}},"429":{"start":{"line":1305,"column":22},"end":{"line":1305,"column":29}},"430":{"start":{"line":1306,"column":2},"end":{"line":1306,"column":31}},"431":{"start":{"line":1309,"column":20},"end":{"line":1309,"column":66}},"432":{"start":{"line":1311,"column":2},"end":{"line":1364,"column":5}},"433":{"start":{"line":1312,"column":22},"end":{"line":1312,"column":75}},"434":{"start":{"line":1314,"column":16},"end":{"line":1314,"column":45}},"435":{"start":{"line":1315,"column":4},"end":{"line":1315,"column":65}},"436":{"start":{"line":1316,"column":4},"end":{"line":1316,"column":48}},"437":{"start":{"line":1318,"column":20},"end":{"line":1318,"column":49}},"438":{"start":{"line":1319,"column":4},"end":{"line":1319,"column":37}},"439":{"start":{"line":1321,"column":23},"end":{"line":1321,"column":54}},"440":{"start":{"line":1322,"column":4},"end":{"line":1322,"column":53}},"441":{"start":{"line":1324,"column":18},"end":{"line":1324,"column":49}},"442":{"start":{"line":1325,"column":4},"end":{"line":1325,"column":28}},"443":{"start":{"line":1326,"column":4},"end":{"line":1326,"column":30}},"444":{"start":{"line":1329,"column":4},"end":{"line":1331,"column":7}},"445":{"start":{"line":1330,"column":6},"end":{"line":1330,"column":53}},"446":{"start":{"line":1333,"column":22},"end":{"line":1333,"column":52}},"447":{"start":{"line":1334,"column":4},"end":{"line":1334,"column":47}},"448":{"start":{"line":1336,"column":4},"end":{"line":1336,"column":34}},"449":{"start":{"line":1337,"column":4},"end":{"line":1337,"column":38}},"450":{"start":{"line":1339,"column":20},"end":{"line":1339,"column":49}},"451":{"start":{"line":1340,"column":4},"end":{"line":1340,"column":37}},"452":{"start":{"line":1342,"column":21},"end":{"line":1342,"column":51}},"453":{"start":{"line":1343,"column":4},"end":{"line":1343,"column":38}},"454":{"start":{"line":1344,"column":4},"end":{"line":1344,"column":38}},"455":{"start":{"line":1346,"column":23},"end":{"line":1346,"column":53}},"456":{"start":{"line":1347,"column":4},"end":{"line":1347,"column":46}},"457":{"start":{"line":1348,"column":4},"end":{"line":1348,"column":107}},"458":{"start":{"line":1350,"column":4},"end":{"line":1350,"column":34}},"459":{"start":{"line":1351,"column":4},"end":{"line":1351,"column":36}},"460":{"start":{"line":1353,"column":4},"end":{"line":1353,"column":36}},"461":{"start":{"line":1354,"column":4},"end":{"line":1354,"column":33}},"462":{"start":{"line":1356,"column":18},"end":{"line":1356,"column":47}},"463":{"start":{"line":1357,"column":4},"end":{"line":1357,"column":43}},"464":{"start":{"line":1358,"column":4},"end":{"line":1358,"column":72}},"465":{"start":{"line":1360,"column":4},"end":{"line":1360,"column":29}},"466":{"start":{"line":1361,"column":4},"end":{"line":1361,"column":27}},"467":{"start":{"line":1363,"column":4},"end":{"line":1363,"column":35}},"468":{"start":{"line":1366,"column":2},"end":{"line":1366,"column":23}},"469":{"start":{"line":1367,"column":2},"end":{"line":1367,"column":24}},"470":{"start":{"line":1372,"column":23},"end":{"line":1372,"column":75}},"471":{"start":{"line":1374,"column":2},"end":{"line":1421,"column":3}},"472":{"start":{"line":1375,"column":4},"end":{"line":1403,"column":5}},"473":{"start":{"line":1376,"column":6},"end":{"line":1376,"column":56}},"474":{"start":{"line":1377,"column":6},"end":{"line":1377,"column":51}},"475":{"start":{"line":1380,"column":6},"end":{"line":1380,"column":66}},"476":{"start":{"line":1383,"column":6},"end":{"line":1388,"column":9}},"477":{"start":{"line":1391,"column":6},"end":{"line":1391,"column":29}},"478":{"start":{"line":1394,"column":6},"end":{"line":1396,"column":7}},"479":{"start":{"line":1395,"column":8},"end":{"line":1395,"column":49}},"480":{"start":{"line":1397,"column":6},"end":{"line":1399,"column":7}},"481":{"start":{"line":1398,"column":8},"end":{"line":1398,"column":49}},"482":{"start":{"line":1400,"column":6},"end":{"line":1402,"column":7}},"483":{"start":{"line":1401,"column":8},"end":{"line":1401,"column":49}},"484":{"start":{"line":1405,"column":4},"end":{"line":1420,"column":5}},"485":{"start":{"line":1406,"column":6},"end":{"line":1406,"column":65}},"486":{"start":{"line":1407,"column":6},"end":{"line":1410,"column":8}},"487":{"start":{"line":1413,"column":6},"end":{"line":1413,"column":72}},"488":{"start":{"line":1416,"column":6},"end":{"line":1416,"column":38}},"489":{"start":{"line":1418,"column":6},"end":{"line":1418,"column":27}},"490":{"start":{"line":1419,"column":6},"end":{"line":1419,"column":24}},"491":{"start":{"line":1424,"column":19},"end":{"line":1426,"column":3}},"492":{"start":{"line":1427,"column":2},"end":{"line":1430,"column":3}},"493":{"start":{"line":1428,"column":4},"end":{"line":1429,"column":48}},"494":{"start":{"line":1428,"column":19},"end":{"line":1428,"column":55}},"495":{"start":{"line":1429,"column":9},"end":{"line":1429,"column":48}},"496":{"start":{"line":1432,"column":2},"end":{"line":1432,"column":24}},"497":{"start":{"line":1436,"column":21},"end":{"line":1436,"column":69}},"498":{"start":{"line":1437,"column":0},"end":{"line":1490,"column":1}},"499":{"start":{"line":1438,"column":2},"end":{"line":1489,"column":5}},"500":{"start":{"line":1439,"column":22},"end":{"line":1439,"column":67}},"501":{"start":{"line":1440,"column":25},"end":{"line":1440,"column":72}},"502":{"start":{"line":1442,"column":4},"end":{"line":1448,"column":5}},"503":{"start":{"line":1443,"column":6},"end":{"line":1446,"column":8}},"504":{"start":{"line":1447,"column":6},"end":{"line":1447,"column":13}},"505":{"start":{"line":1450,"column":17},"end":{"line":1450,"column":39}},"506":{"start":{"line":1451,"column":20},"end":{"line":1451,"column":50}},"507":{"start":{"line":1452,"column":19},"end":{"line":1452,"column":21}},"508":{"start":{"line":1453,"column":4},"end":{"line":1454,"column":43}},"509":{"start":{"line":1453,"column":24},"end":{"line":1453,"column":38}},"510":{"start":{"line":1454,"column":9},"end":{"line":1454,"column":43}},"511":{"start":{"line":1454,"column":29},"end":{"line":1454,"column":43}},"512":{"start":{"line":1456,"column":24},"end":{"line":1463,"column":5}},"513":{"start":{"line":1466,"column":4},"end":{"line":1466,"column":45}},"514":{"start":{"line":1469,"column":4},"end":{"line":1469,"column":60}},"515":{"start":{"line":1470,"column":4},"end":{"line":1470,"column":55}},"516":{"start":{"line":1473,"column":4},"end":{"line":1477,"column":6}},"517":{"start":{"line":1478,"column":4},"end":{"line":1478,"column":33}},"518":{"start":{"line":1481,"column":4},"end":{"line":1481,"column":25}},"519":{"start":{"line":1484,"column":4},"end":{"line":1484,"column":28}},"520":{"start":{"line":1485,"column":4},"end":{"line":1488,"column":6}},"521":{"start":{"line":1493,"column":23},"end":{"line":1493,"column":66}},"522":{"start":{"line":1494,"column":0},"end":{"line":1501,"column":1}},"523":{"start":{"line":1495,"column":2},"end":{"line":1500,"column":5}},"524":{"start":{"line":1496,"column":4},"end":{"line":1496,"column":44}},"525":{"start":{"line":1497,"column":4},"end":{"line":1497,"column":25}},"526":{"start":{"line":1498,"column":4},"end":{"line":1498,"column":28}},"527":{"start":{"line":1499,"column":4},"end":{"line":1499,"column":76}},"528":{"start":{"line":1505,"column":23},"end":{"line":1505,"column":65}},"529":{"start":{"line":1506,"column":20},"end":{"line":1506,"column":62}},"530":{"start":{"line":1507,"column":32},"end":{"line":1509,"column":3}},"531":{"start":{"line":1511,"column":19},"end":{"line":1511,"column":20}},"532":{"start":{"line":1512,"column":16},"end":{"line":1512,"column":17}},"533":{"start":{"line":1514,"column":20},"end":{"line":1514,"column":66}},"534":{"start":{"line":1516,"column":2},"end":{"line":1522,"column":5}},"535":{"start":{"line":1517,"column":18},"end":{"line":1517,"column":53}},"536":{"start":{"line":1517,"column":40},"end":{"line":1517,"column":52}},"537":{"start":{"line":1518,"column":4},"end":{"line":1521,"column":5}},"538":{"start":{"line":1519,"column":6},"end":{"line":1519,"column":34}},"539":{"start":{"line":1520,"column":6},"end":{"line":1520,"column":32}},"540":{"start":{"line":1524,"column":2},"end":{"line":1524,"column":69}},"541":{"start":{"line":1524,"column":20},"end":{"line":1524,"column":69}},"542":{"start":{"line":1525,"column":2},"end":{"line":1525,"column":49}},"543":{"start":{"line":1525,"column":17},"end":{"line":1525,"column":49}},"544":{"start":{"line":1527,"column":2},"end":{"line":1536,"column":3}},"545":{"start":{"line":1528,"column":4},"end":{"line":1535,"column":5}},"546":{"start":{"line":1529,"column":6},"end":{"line":1530,"column":78}},"547":{"start":{"line":1532,"column":29},"end":{"line":1532,"column":58}},"548":{"start":{"line":1533,"column":27},"end":{"line":1533,"column":57}},"549":{"start":{"line":1534,"column":6},"end":{"line":1534,"column":271}},"550":{"start":{"line":1539,"column":20},"end":{"line":1539,"column":70}},"551":{"start":{"line":1540,"column":2},"end":{"line":1542,"column":3}},"552":{"start":{"line":1541,"column":4},"end":{"line":1541,"column":100}},"553":{"start":{"line":1547,"column":20},"end":{"line":1547,"column":60}},"554":{"start":{"line":1548,"column":2},"end":{"line":1548,"column":25}},"555":{"start":{"line":1548,"column":18},"end":{"line":1548,"column":25}},"556":{"start":{"line":1551,"column":19},"end":{"line":1551,"column":61}},"557":{"start":{"line":1552,"column":2},"end":{"line":1552,"column":48}},"558":{"start":{"line":1552,"column":16},"end":{"line":1552,"column":48}},"559":{"start":{"line":1554,"column":15},"end":{"line":1554,"column":44}},"560":{"start":{"line":1555,"column":2},"end":{"line":1555,"column":35}},"561":{"start":{"line":1556,"column":2},"end":{"line":1556,"column":47}},"562":{"start":{"line":1558,"column":18},"end":{"line":1558,"column":47}},"563":{"start":{"line":1559,"column":2},"end":{"line":1559,"column":42}},"564":{"start":{"line":1560,"column":2},"end":{"line":1560,"column":52}},"565":{"start":{"line":1562,"column":18},"end":{"line":1562,"column":47}},"566":{"start":{"line":1563,"column":2},"end":{"line":1563,"column":38}},"567":{"start":{"line":1564,"column":2},"end":{"line":1564,"column":91}},"568":{"start":{"line":1566,"column":19},"end":{"line":1566,"column":49}},"569":{"start":{"line":1567,"column":2},"end":{"line":1567,"column":39}},"570":{"start":{"line":1568,"column":2},"end":{"line":1571,"column":5}},"571":{"start":{"line":1573,"column":2},"end":{"line":1573,"column":28}},"572":{"start":{"line":1574,"column":2},"end":{"line":1574,"column":28}},"573":{"start":{"line":1575,"column":2},"end":{"line":1575,"column":29}},"574":{"start":{"line":1578,"column":2},"end":{"line":1578,"column":53}},"575":{"start":{"line":1579,"column":2},"end":{"line":1579,"column":23}},"576":{"start":{"line":1583,"column":20},"end":{"line":1583,"column":60}},"577":{"start":{"line":1584,"column":2},"end":{"line":1584,"column":25}},"578":{"start":{"line":1584,"column":18},"end":{"line":1584,"column":25}},"579":{"start":{"line":1586,"column":15},"end":{"line":1588,"column":3}},"580":{"start":{"line":1589,"column":2},"end":{"line":1591,"column":3}},"581":{"start":{"line":1590,"column":4},"end":{"line":1590,"column":32}},"582":{"start":{"line":1593,"column":2},"end":{"line":1600,"column":3}},"583":{"start":{"line":1598,"column":21},"end":{"line":1598,"column":63}},"584":{"start":{"line":1599,"column":4},"end":{"line":1599,"column":51}},"585":{"start":{"line":1599,"column":18},"end":{"line":1599,"column":51}},"586":{"start":{"line":1607,"column":20},"end":{"line":1607,"column":62}},"587":{"start":{"line":1608,"column":2},"end":{"line":1608,"column":25}},"588":{"start":{"line":1608,"column":18},"end":{"line":1608,"column":25}},"589":{"start":{"line":1609,"column":2},"end":{"line":1609,"column":27}},"590":{"start":{"line":1611,"column":2},"end":{"line":1734,"column":5}},"591":{"start":{"line":1612,"column":17},"end":{"line":1612,"column":46}},"592":{"start":{"line":1613,"column":4},"end":{"line":1613,"column":43}},"593":{"start":{"line":1615,"column":16},"end":{"line":1615,"column":45}},"594":{"start":{"line":1616,"column":4},"end":{"line":1616,"column":36}},"595":{"start":{"line":1618,"column":20},"end":{"line":1618,"column":49}},"596":{"start":{"line":1619,"column":4},"end":{"line":1619,"column":50}},"597":{"start":{"line":1620,"column":4},"end":{"line":1620,"column":61}},"598":{"start":{"line":1622,"column":20},"end":{"line":1622,"column":49}},"599":{"start":{"line":1623,"column":4},"end":{"line":1623,"column":44}},"600":{"start":{"line":1625,"column":18},"end":{"line":1625,"column":47}},"601":{"start":{"line":1626,"column":4},"end":{"line":1626,"column":40}},"602":{"start":{"line":1627,"column":4},"end":{"line":1627,"column":35}},"603":{"start":{"line":1629,"column":17},"end":{"line":1629,"column":46}},"604":{"start":{"line":1630,"column":4},"end":{"line":1630,"column":38}},"605":{"start":{"line":1631,"column":4},"end":{"line":1631,"column":33}},"606":{"start":{"line":1633,"column":4},"end":{"line":1633,"column":31}},"607":{"start":{"line":1634,"column":4},"end":{"line":1634,"column":30}},"608":{"start":{"line":1636,"column":20},"end":{"line":1636,"column":49}},"609":{"start":{"line":1637,"column":4},"end":{"line":1637,"column":44}},"610":{"start":{"line":1638,"column":4},"end":{"line":1641,"column":10}},"611":{"start":{"line":1643,"column":4},"end":{"line":1643,"column":29}},"612":{"start":{"line":1644,"column":4},"end":{"line":1644,"column":29}},"613":{"start":{"line":1645,"column":4},"end":{"line":1645,"column":29}},"614":{"start":{"line":1646,"column":4},"end":{"line":1646,"column":26}},"615":{"start":{"line":1649,"column":4},"end":{"line":1731,"column":5}},"616":{"start":{"line":1650,"column":21},"end":{"line":1650,"column":50}},"617":{"start":{"line":1651,"column":6},"end":{"line":1651,"column":44}},"618":{"start":{"line":1653,"column":23},"end":{"line":1653,"column":52}},"619":{"start":{"line":1654,"column":6},"end":{"line":1654,"column":53}},"620":{"start":{"line":1656,"column":23},"end":{"line":1656,"column":52}},"621":{"start":{"line":1657,"column":6},"end":{"line":1657,"column":53}},"622":{"start":{"line":1659,"column":16},"end":{"line":1659,"column":17}},"623":{"start":{"line":1660,"column":24},"end":{"line":1660,"column":26}},"624":{"start":{"line":1662,"column":6},"end":{"line":1672,"column":7}},"625":{"start":{"line":1663,"column":8},"end":{"line":1663,"column":18}},"626":{"start":{"line":1664,"column":8},"end":{"line":1664,"column":34}},"627":{"start":{"line":1665,"column":13},"end":{"line":1672,"column":7}},"628":{"start":{"line":1666,"column":27},"end":{"line":1666,"column":66}},"629":{"start":{"line":1667,"column":8},"end":{"line":1667,"column":65}},"630":{"start":{"line":1668,"column":8},"end":{"line":1668,"column":60}},"631":{"start":{"line":1670,"column":8},"end":{"line":1670,"column":65}},"632":{"start":{"line":1671,"column":8},"end":{"line":1671,"column":58}},"633":{"start":{"line":1674,"column":6},"end":{"line":1677,"column":14}},"634":{"start":{"line":1679,"column":24},"end":{"line":1679,"column":53}},"635":{"start":{"line":1680,"column":6},"end":{"line":1680,"column":56}},"636":{"start":{"line":1682,"column":26},"end":{"line":1682,"column":55}},"637":{"start":{"line":1683,"column":6},"end":{"line":1683,"column":60}},"638":{"start":{"line":1684,"column":6},"end":{"line":1684,"column":42}},"639":{"start":{"line":1686,"column":6},"end":{"line":1686,"column":41}},"640":{"start":{"line":1687,"column":6},"end":{"line":1687,"column":37}},"641":{"start":{"line":1688,"column":6},"end":{"line":1688,"column":38}},"642":{"start":{"line":1689,"column":6},"end":{"line":1689,"column":35}},"643":{"start":{"line":1692,"column":6},"end":{"line":1707,"column":7}},"644":{"start":{"line":1693,"column":27},"end":{"line":1693,"column":57}},"645":{"start":{"line":1694,"column":8},"end":{"line":1694,"column":66}},"646":{"start":{"line":1695,"column":8},"end":{"line":1695,"column":50}},"647":{"start":{"line":1696,"column":8},"end":{"line":1696,"column":56}},"648":{"start":{"line":1697,"column":8},"end":{"line":1697,"column":78}},"649":{"start":{"line":1698,"column":8},"end":{"line":1698,"column":39}},"650":{"start":{"line":1700,"column":25},"end":{"line":1700,"column":57}},"651":{"start":{"line":1701,"column":8},"end":{"line":1701,"column":54}},"652":{"start":{"line":1702,"column":8},"end":{"line":1702,"column":48}},"653":{"start":{"line":1703,"column":8},"end":{"line":1705,"column":11}},"654":{"start":{"line":1704,"column":10},"end":{"line":1704,"column":39}},"655":{"start":{"line":1706,"column":8},"end":{"line":1706,"column":37}},"656":{"start":{"line":1709,"column":6},"end":{"line":1709,"column":31}},"657":{"start":{"line":1712,"column":21},"end":{"line":1712,"column":50}},"658":{"start":{"line":1713,"column":6},"end":{"line":1713,"column":44}},"659":{"start":{"line":1714,"column":6},"end":{"line":1714,"column":39}},"660":{"start":{"line":1716,"column":22},"end":{"line":1716,"column":54}},"661":{"start":{"line":1717,"column":6},"end":{"line":1717,"column":61}},"662":{"start":{"line":1718,"column":6},"end":{"line":1718,"column":45}},"663":{"start":{"line":1719,"column":6},"end":{"line":1727,"column":9}},"664":{"start":{"line":1720,"column":8},"end":{"line":1720,"column":29}},"665":{"start":{"line":1721,"column":8},"end":{"line":1721,"column":29}},"666":{"start":{"line":1722,"column":8},"end":{"line":1722,"column":36}},"667":{"start":{"line":1723,"column":8},"end":{"line":1726,"column":10}},"668":{"start":{"line":1729,"column":6},"end":{"line":1729,"column":34}},"669":{"start":{"line":1730,"column":6},"end":{"line":1730,"column":31}},"670":{"start":{"line":1733,"column":4},"end":{"line":1733,"column":32}},"671":{"start":{"line":1736,"column":2},"end":{"line":1736,"column":22}},"672":{"start":{"line":1737,"column":2},"end":{"line":1737,"column":23}},"673":{"start":{"line":1742,"column":2},"end":{"line":1742,"column":31}},"674":{"start":{"line":1742,"column":24},"end":{"line":1742,"column":31}},"675":{"start":{"line":1744,"column":2},"end":{"line":1760,"column":3}},"676":{"start":{"line":1745,"column":18},"end":{"line":1745,"column":57}},"677":{"start":{"line":1746,"column":4},"end":{"line":1753,"column":5}},"678":{"start":{"line":1747,"column":6},"end":{"line":1747,"column":30}},"679":{"start":{"line":1749,"column":6},"end":{"line":1752,"column":8}},"680":{"start":{"line":1756,"column":4},"end":{"line":1759,"column":6}},"681":{"start":{"line":1765,"column":15},"end":{"line":1765,"column":63}},"682":{"start":{"line":1765,"column":47},"end":{"line":1765,"column":62}},"683":{"start":{"line":1766,"column":2},"end":{"line":1766,"column":58}},"684":{"start":{"line":1766,"column":51},"end":{"line":1766,"column":58}},"685":{"start":{"line":1768,"column":2},"end":{"line":1781,"column":3}},"686":{"start":{"line":1769,"column":4},"end":{"line":1771,"column":5}},"687":{"start":{"line":1770,"column":6},"end":{"line":1770,"column":30}},"688":{"start":{"line":1774,"column":4},"end":{"line":1774,"column":45}},"689":{"start":{"line":1775,"column":4},"end":{"line":1780,"column":5}},"690":{"start":{"line":1776,"column":6},"end":{"line":1776,"column":30}},"691":{"start":{"line":1778,"column":6},"end":{"line":1778,"column":27}},"692":{"start":{"line":1779,"column":6},"end":{"line":1779,"column":34}},"693":{"start":{"line":1786,"column":2},"end":{"line":1786,"column":26}},"694":{"start":{"line":1787,"column":2},"end":{"line":1787,"column":30}},"695":{"start":{"line":1790,"column":2},"end":{"line":1792,"column":3}},"696":{"start":{"line":1791,"column":4},"end":{"line":1791,"column":47}},"697":{"start":{"line":1795,"column":2},"end":{"line":1795,"column":24}},"698":{"start":{"line":1798,"column":2},"end":{"line":1798,"column":31}},"699":{"start":{"line":1800,"column":2},"end":{"line":1803,"column":4}},"700":{"start":{"line":1805,"column":2},"end":{"line":1805,"column":23}},"701":{"start":{"line":1806,"column":2},"end":{"line":1806,"column":30}},"702":{"start":{"line":1811,"column":16},"end":{"line":1811,"column":54}},"703":{"start":{"line":1812,"column":2},"end":{"line":1812,"column":21}},"704":{"start":{"line":1812,"column":14},"end":{"line":1812,"column":21}},"705":{"start":{"line":1813,"column":2},"end":{"line":1813,"column":23}},"706":{"start":{"line":1815,"column":2},"end":{"line":1842,"column":5}},"707":{"start":{"line":1816,"column":18},"end":{"line":1816,"column":35}},"708":{"start":{"line":1817,"column":23},"end":{"line":1817,"column":60}},"709":{"start":{"line":1819,"column":17},"end":{"line":1819,"column":46}},"710":{"start":{"line":1820,"column":4},"end":{"line":1820,"column":64}},"711":{"start":{"line":1821,"column":4},"end":{"line":1821,"column":77}},"712":{"start":{"line":1823,"column":20},"end":{"line":1823,"column":49}},"713":{"start":{"line":1824,"column":4},"end":{"line":1824,"column":56}},"714":{"start":{"line":1825,"column":4},"end":{"line":1825,"column":84}},"715":{"start":{"line":1827,"column":18},"end":{"line":1827,"column":47}},"716":{"start":{"line":1828,"column":4},"end":{"line":1828,"column":36}},"717":{"start":{"line":1829,"column":4},"end":{"line":1829,"column":35}},"718":{"start":{"line":1831,"column":4},"end":{"line":1831,"column":30}},"719":{"start":{"line":1832,"column":4},"end":{"line":1832,"column":28}},"720":{"start":{"line":1834,"column":4},"end":{"line":1839,"column":5}},"721":{"start":{"line":1835,"column":23},"end":{"line":1835,"column":53}},"722":{"start":{"line":1836,"column":6},"end":{"line":1836,"column":47}},"723":{"start":{"line":1837,"column":6},"end":{"line":1837,"column":40}},"724":{"start":{"line":1838,"column":6},"end":{"line":1838,"column":33}},"725":{"start":{"line":1841,"column":4},"end":{"line":1841,"column":28}},"726":{"start":{"line":1844,"column":2},"end":{"line":1844,"column":23}},"727":{"start":{"line":1852,"column":24},"end":{"line":1852,"column":70}},"728":{"start":{"line":1853,"column":21},"end":{"line":1853,"column":64}},"729":{"start":{"line":1854,"column":23},"end":{"line":1854,"column":68}},"730":{"start":{"line":1855,"column":23},"end":{"line":1855,"column":68}},"731":{"start":{"line":1857,"column":22},"end":{"line":1886,"column":3}},"732":{"start":{"line":1888,"column":2},"end":{"line":1909,"column":5}},"733":{"start":{"line":1889,"column":4},"end":{"line":1908,"column":5}},"734":{"start":{"line":1890,"column":6},"end":{"line":1907,"column":9}},"735":{"start":{"line":1891,"column":8},"end":{"line":1892,"column":34}},"736":{"start":{"line":1895,"column":21},"end":{"line":1895,"column":31}},"737":{"start":{"line":1897,"column":8},"end":{"line":1902,"column":9}},"738":{"start":{"line":1901,"column":10},"end":{"line":1901,"column":72}},"739":{"start":{"line":1903,"column":25},"end":{"line":1903,"column":46}},"740":{"start":{"line":1904,"column":8},"end":{"line":1904,"column":77}},"741":{"start":{"line":1906,"column":8},"end":{"line":1906,"column":38}},"742":{"start":{"line":1912,"column":23},"end":{"line":1912,"column":64}},"743":{"start":{"line":1913,"column":28},"end":{"line":1913,"column":74}},"744":{"start":{"line":1914,"column":27},"end":{"line":1914,"column":72}},"745":{"start":{"line":1915,"column":30},"end":{"line":1915,"column":78}},"746":{"start":{"line":1917,"column":2},"end":{"line":1919,"column":3}},"747":{"start":{"line":1918,"column":4},"end":{"line":1918,"column":54}},"748":{"start":{"line":1921,"column":22},"end":{"line":1921,"column":62}},"749":{"start":{"line":1922,"column":2},"end":{"line":1924,"column":3}},"750":{"start":{"line":1923,"column":4},"end":{"line":1923,"column":60}},"751":{"start":{"line":1926,"column":25},"end":{"line":1926,"column":68}},"752":{"start":{"line":1927,"column":2},"end":{"line":1929,"column":3}},"753":{"start":{"line":1928,"column":4},"end":{"line":1928,"column":56}},"754":{"start":{"line":1935,"column":4},"end":{"line":1935,"column":73}},"755":{"start":{"line":1937,"column":4},"end":{"line":1937,"column":70}},"756":{"start":{"line":1939,"column":4},"end":{"line":1939,"column":72}},"757":{"start":{"line":1941,"column":4},"end":{"line":1941,"column":72}},"758":{"start":{"line":1943,"column":23},"end":{"line":1943,"column":40}},"759":{"start":{"line":1944,"column":20},"end":{"line":1944,"column":34}},"760":{"start":{"line":1945,"column":22},"end":{"line":1945,"column":39}},"761":{"start":{"line":1947,"column":21},"end":{"line":1947,"column":25}},"762":{"start":{"line":1948,"column":2},"end":{"line":1950,"column":3}},"763":{"start":{"line":1949,"column":4},"end":{"line":1949,"column":72}},"764":{"start":{"line":1951,"column":22},"end":{"line":1951,"column":46}},"765":{"start":{"line":1954,"column":18},"end":{"line":1954,"column":70}},"766":{"start":{"line":1956,"column":22},"end":{"line":1956,"column":36}},"767":{"start":{"line":1958,"column":28},"end":{"line":1958,"column":71}},"768":{"start":{"line":1959,"column":2},"end":{"line":1961,"column":3}},"769":{"start":{"line":1960,"column":4},"end":{"line":1960,"column":59}},"770":{"start":{"line":1966,"column":2},"end":{"line":1966,"column":41}},"771":{"start":{"line":1967,"column":2},"end":{"line":1967,"column":26}},"772":{"start":{"line":1968,"column":2},"end":{"line":1968,"column":29}},"773":{"start":{"line":1970,"column":2},"end":{"line":1970,"column":73}},"774":{"start":{"line":1971,"column":2},"end":{"line":1971,"column":75}},"775":{"start":{"line":1972,"column":2},"end":{"line":1972,"column":75}},"776":{"start":{"line":1974,"column":2},"end":{"line":1974,"column":21}},"777":{"start":{"line":1978,"column":15},"end":{"line":1978,"column":28}},"778":{"start":{"line":1979,"column":19},"end":{"line":1979,"column":60}},"779":{"start":{"line":1982,"column":2},"end":{"line":1982,"column":67}},"780":{"start":{"line":1983,"column":2},"end":{"line":1983,"column":74}},"781":{"start":{"line":1986,"column":2},"end":{"line":1987,"column":53}},"782":{"start":{"line":1988,"column":2},"end":{"line":1989,"column":58}},"783":{"start":{"line":1990,"column":2},"end":{"line":1990,"column":73}},"784":{"start":{"line":1993,"column":23},"end":{"line":1993,"column":68}},"785":{"start":{"line":1994,"column":2},"end":{"line":1997,"column":3}},"786":{"start":{"line":1995,"column":16},"end":{"line":1995,"column":59}},"787":{"start":{"line":1996,"column":4},"end":{"line":1996,"column":41}},"788":{"start":{"line":2000,"column":27},"end":{"line":2000,"column":71}},"789":{"start":{"line":2001,"column":2},"end":{"line":2001,"column":34}},"790":{"start":{"line":2003,"column":2},"end":{"line":2011,"column":5}},"791":{"start":{"line":2004,"column":19},"end":{"line":2004,"column":51}},"792":{"start":{"line":2005,"column":4},"end":{"line":2005,"column":41}},"793":{"start":{"line":2006,"column":4},"end":{"line":2006,"column":29}},"794":{"start":{"line":2007,"column":4},"end":{"line":2009,"column":7}},"795":{"start":{"line":2008,"column":6},"end":{"line":2008,"column":30}},"796":{"start":{"line":2010,"column":4},"end":{"line":2010,"column":41}},"797":{"start":{"line":2015,"column":15},"end":{"line":2015,"column":28}},"798":{"start":{"line":2016,"column":19},"end":{"line":2016,"column":60}},"799":{"start":{"line":2019,"column":27},"end":{"line":2019,"column":71}},"800":{"start":{"line":2020,"column":24},"end":{"line":2020,"column":77}},"801":{"start":{"line":2021,"column":2},"end":{"line":2021,"column":56}},"802":{"start":{"line":2021,"column":34},"end":{"line":2021,"column":53}},"803":{"start":{"line":2023,"column":20},"end":{"line":2023,"column":59}},"804":{"start":{"line":2026,"column":2},"end":{"line":2028,"column":4}},"805":{"start":{"line":2029,"column":2},"end":{"line":2031,"column":3}},"806":{"start":{"line":2030,"column":4},"end":{"line":2030,"column":66}},"807":{"start":{"line":2034,"column":25},"end":{"line":2034,"column":72}},"808":{"start":{"line":2035,"column":27},"end":{"line":2035,"column":71}},"809":{"start":{"line":2036,"column":26},"end":{"line":2036,"column":69}},"810":{"start":{"line":2038,"column":2},"end":{"line":2038,"column":44}},"811":{"start":{"line":2040,"column":2},"end":{"line":2057,"column":3}},"812":{"start":{"line":2041,"column":4},"end":{"line":2041,"column":20}},"813":{"start":{"line":2042,"column":4},"end":{"line":2042,"column":24}},"814":{"start":{"line":2043,"column":4},"end":{"line":2043,"column":61}},"815":{"start":{"line":2044,"column":4},"end":{"line":2044,"column":36}},"816":{"start":{"line":2045,"column":4},"end":{"line":2045,"column":62}},"817":{"start":{"line":2048,"column":4},"end":{"line":2052,"column":7}},"818":{"start":{"line":2054,"column":4},"end":{"line":2054,"column":58}},"819":{"start":{"line":2055,"column":4},"end":{"line":2055,"column":51}},"820":{"start":{"line":2056,"column":4},"end":{"line":2056,"column":54}},"821":{"start":{"line":2059,"column":2},"end":{"line":2059,"column":53}},"822":{"start":{"line":2062,"column":2},"end":{"line":2062,"column":70}},"823":{"start":{"line":2066,"column":2},"end":{"line":2066,"column":42}},"824":{"start":{"line":2067,"column":2},"end":{"line":2071,"column":3}},"825":{"start":{"line":2068,"column":4},"end":{"line":2068,"column":23}},"826":{"start":{"line":2070,"column":4},"end":{"line":2070,"column":22}},"827":{"start":{"line":2075,"column":2},"end":{"line":2075,"column":72}},"828":{"start":{"line":2076,"column":2},"end":{"line":2076,"column":78}},"829":{"start":{"line":2078,"column":23},"end":{"line":2078,"column":71}},"830":{"start":{"line":2079,"column":20},"end":{"line":2079,"column":69}},"831":{"start":{"line":2081,"column":2},"end":{"line":2081,"column":90}},"832":{"start":{"line":2082,"column":2},"end":{"line":2082,"column":70}},"833":{"start":{"line":2085,"column":2},"end":{"line":2087,"column":3}},"834":{"start":{"line":2086,"column":4},"end":{"line":2086,"column":35}},"835":{"start":{"line":2090,"column":2},"end":{"line":2099,"column":3}},"836":{"start":{"line":2091,"column":4},"end":{"line":2098,"column":5}},"837":{"start":{"line":2092,"column":6},"end":{"line":2092,"column":49}},"838":{"start":{"line":2093,"column":6},"end":{"line":2096,"column":8}},"839":{"start":{"line":2097,"column":6},"end":{"line":2097,"column":35}},"840":{"start":{"line":2101,"column":2},"end":{"line":2101,"column":23}},"841":{"start":{"line":2109,"column":17},"end":{"line":2109,"column":58}},"842":{"start":{"line":2110,"column":2},"end":{"line":2112,"column":3}},"843":{"start":{"line":2111,"column":4},"end":{"line":2111,"column":56}},"844":{"start":{"line":2115,"column":18},"end":{"line":2115,"column":60}},"845":{"start":{"line":2116,"column":2},"end":{"line":2118,"column":3}},"846":{"start":{"line":2117,"column":4},"end":{"line":2117,"column":58}},"847":{"start":{"line":2121,"column":19},"end":{"line":2121,"column":62}},"848":{"start":{"line":2122,"column":2},"end":{"line":2124,"column":3}},"849":{"start":{"line":2123,"column":4},"end":{"line":2123,"column":54}},"850":{"start":{"line":2127,"column":23},"end":{"line":2127,"column":72}},"851":{"start":{"line":2128,"column":25},"end":{"line":2128,"column":72}},"852":{"start":{"line":2129,"column":2},"end":{"line":2137,"column":3}},"853":{"start":{"line":2130,"column":4},"end":{"line":2133,"column":7}},"854":{"start":{"line":2131,"column":6},"end":{"line":2131,"column":26}},"855":{"start":{"line":2132,"column":6},"end":{"line":2132,"column":46}},"856":{"start":{"line":2134,"column":4},"end":{"line":2136,"column":7}},"857":{"start":{"line":2135,"column":6},"end":{"line":2135,"column":46}},"858":{"start":{"line":2142,"column":2},"end":{"line":2145,"column":4}},"859":{"start":{"line":2146,"column":2},"end":{"line":2146,"column":40}},"860":{"start":{"line":2146,"column":19},"end":{"line":2146,"column":33}},"861":{"start":{"line":2150,"column":17},"end":{"line":2168,"column":3}},"862":{"start":{"line":2160,"column":48},"end":{"line":2167,"column":5}},"863":{"start":{"line":2170,"column":15},"end":{"line":2172,"column":4}},"864":{"start":{"line":2173,"column":14},"end":{"line":2173,"column":39}},"865":{"start":{"line":2174,"column":12},"end":{"line":2174,"column":39}},"866":{"start":{"line":2175,"column":2},"end":{"line":2175,"column":15}},"867":{"start":{"line":2176,"column":2},"end":{"line":2176,"column":81}},"868":{"start":{"line":2177,"column":2},"end":{"line":2177,"column":12}},"869":{"start":{"line":2178,"column":2},"end":{"line":2178,"column":27}},"870":{"start":{"line":2179,"column":2},"end":{"line":2179,"column":76}},"871":{"start":{"line":2183,"column":16},"end":{"line":2183,"column":52}},"872":{"start":{"line":2184,"column":16},"end":{"line":2184,"column":43}},"873":{"start":{"line":2185,"column":16},"end":{"line":2185,"column":35}},"874":{"start":{"line":2186,"column":17},"end":{"line":2186,"column":47}},"875":{"start":{"line":2189,"column":4},"end":{"line":2191,"column":174}},"876":{"start":{"line":2193,"column":14},"end":{"line":2193,"column":41}},"877":{"start":{"line":2195,"column":2},"end":{"line":2208,"column":3}},"878":{"start":{"line":2196,"column":4},"end":{"line":2205,"column":9}},"879":{"start":{"line":2204,"column":8},"end":{"line":2204,"column":36}},"880":{"start":{"line":2207,"column":4},"end":{"line":2207,"column":32}},"881":{"start":{"line":2212,"column":21},"end":{"line":2212,"column":119}},"882":{"start":{"line":2213,"column":2},"end":{"line":2213,"column":60}},"883":{"start":{"line":2220,"column":20},"end":{"line":2220,"column":65}},"884":{"start":{"line":2221,"column":18},"end":{"line":2221,"column":52}},"885":{"start":{"line":2222,"column":18},"end":{"line":2222,"column":60}},"886":{"start":{"line":2224,"column":2},"end":{"line":2229,"column":3}},"887":{"start":{"line":2225,"column":4},"end":{"line":2228,"column":7}},"888":{"start":{"line":2226,"column":6},"end":{"line":2226,"column":46}},"889":{"start":{"line":2227,"column":6},"end":{"line":2227,"column":55}},"890":{"start":{"line":2227,"column":19},"end":{"line":2227,"column":55}},"891":{"start":{"line":2231,"column":2},"end":{"line":2236,"column":3}},"892":{"start":{"line":2232,"column":4},"end":{"line":2235,"column":7}},"893":{"start":{"line":2233,"column":6},"end":{"line":2233,"column":46}},"894":{"start":{"line":2234,"column":6},"end":{"line":2234,"column":42}},"895":{"start":{"line":2239,"column":2},"end":{"line":2246,"column":5}},"896":{"start":{"line":2240,"column":4},"end":{"line":2245,"column":7}},"897":{"start":{"line":2241,"column":6},"end":{"line":2244,"column":7}},"898":{"start":{"line":2242,"column":8},"end":{"line":2242,"column":48}},"899":{"start":{"line":2243,"column":8},"end":{"line":2243,"column":57}},"900":{"start":{"line":2243,"column":21},"end":{"line":2243,"column":57}},"901":{"start":{"line":2249,"column":0},"end":{"line":2249,"column":115}},"902":{"start":{"line":2249,"column":55},"end":{"line":2249,"column":113}}},"fnMap":{"0":{"name":"(anonymous_0)","decl":{"start":{"line":354,"column":46},"end":{"line":354,"column":47}},"loc":{"start":{"line":354,"column":52},"end":{"line":390,"column":1}},"line":354},"1":{"name":"setupHeaderDate","decl":{"start":{"line":393,"column":9},"end":{"line":393,"column":24}},"loc":{"start":{"line":393,"column":27},"end":{"line":404,"column":1}},"line":393},"2":{"name":"saveStateToStorage","decl":{"start":{"line":409,"column":9},"end":{"line":409,"column":27}},"loc":{"start":{"line":409,"column":30},"end":{"line":411,"column":1}},"line":409},"3":{"name":"loadStateFromStorage","decl":{"start":{"line":413,"column":9},"end":{"line":413,"column":29}},"loc":{"start":{"line":413,"column":32},"end":{"line":452,"column":1}},"line":413},"4":{"name":"(anonymous_4)","decl":{"start":{"line":435,"column":34},"end":{"line":435,"column":35}},"loc":{"start":{"line":435,"column":41},"end":{"line":443,"column":9}},"line":435},"5":{"name":"(anonymous_5)","decl":{"start":{"line":436,"column":50},"end":{"line":436,"column":51}},"loc":{"start":{"line":436,"column":57},"end":{"line":436,"column":70}},"line":436},"6":{"name":"initTheme","decl":{"start":{"line":457,"column":9},"end":{"line":457,"column":18}},"loc":{"start":{"line":457,"column":21},"end":{"line":486,"column":1}},"line":457},"7":{"name":"(anonymous_7)","decl":{"start":{"line":471,"column":37},"end":{"line":471,"column":38}},"loc":{"start":{"line":471,"column":43},"end":{"line":485,"column":3}},"line":471},"8":{"name":"initNavigation","decl":{"start":{"line":491,"column":9},"end":{"line":491,"column":23}},"loc":{"start":{"line":491,"column":26},"end":{"line":530,"column":1}},"line":491},"9":{"name":"(anonymous_9)","decl":{"start":{"line":495,"column":19},"end":{"line":495,"column":20}},"loc":{"start":{"line":495,"column":29},"end":{"line":521,"column":3}},"line":495},"10":{"name":"(anonymous_10)","decl":{"start":{"line":496,"column":35},"end":{"line":496,"column":36}},"loc":{"start":{"line":496,"column":41},"end":{"line":520,"column":5}},"line":496},"11":{"name":"(anonymous_11)","decl":{"start":{"line":500,"column":23},"end":{"line":500,"column":24}},"loc":{"start":{"line":500,"column":30},"end":{"line":500,"column":58}},"line":500},"12":{"name":"(anonymous_12)","decl":{"start":{"line":504,"column":23},"end":{"line":504,"column":24}},"loc":{"start":{"line":504,"column":33},"end":{"line":509,"column":7}},"line":504},"13":{"name":"(anonymous_13)","decl":{"start":{"line":526,"column":41},"end":{"line":526,"column":42}},"loc":{"start":{"line":526,"column":47},"end":{"line":528,"column":5}},"line":526},"14":{"name":"triggerNotification","decl":{"start":{"line":533,"column":9},"end":{"line":533,"column":28}},"loc":{"start":{"line":533,"column":57},"end":{"line":555,"column":1}},"line":533},"15":{"name":"(anonymous_15)","decl":{"start":{"line":552,"column":13},"end":{"line":552,"column":14}},"loc":{"start":{"line":552,"column":19},"end":{"line":554,"column":3}},"line":552},"16":{"name":"gainXP","decl":{"start":{"line":560,"column":9},"end":{"line":560,"column":15}},"loc":{"start":{"line":560,"column":24},"end":{"line":582,"column":1}},"line":560},"17":{"name":"updateXPDisplay","decl":{"start":{"line":584,"column":9},"end":{"line":584,"column":24}},"loc":{"start":{"line":584,"column":27},"end":{"line":600,"column":1}},"line":584},"18":{"name":"launchCelebrationConfetti","decl":{"start":{"line":603,"column":9},"end":{"line":603,"column":34}},"loc":{"start":{"line":603,"column":47},"end":{"line":616,"column":1}},"line":603},"19":{"name":"(anonymous_19)","decl":{"start":{"line":605,"column":31},"end":{"line":605,"column":32}},"loc":{"start":{"line":605,"column":37},"end":{"line":615,"column":3}},"line":605},"20":{"name":"initCalculator","decl":{"start":{"line":621,"column":9},"end":{"line":621,"column":23}},"loc":{"start":{"line":621,"column":26},"end":{"line":768,"column":1}},"line":621},"21":{"name":"(anonymous_21)","decl":{"start":{"line":631,"column":18},"end":{"line":631,"column":19}},"loc":{"start":{"line":631,"column":29},"end":{"line":641,"column":3}},"line":631},"22":{"name":"(anonymous_22)","decl":{"start":{"line":635,"column":41},"end":{"line":635,"column":42}},"loc":{"start":{"line":635,"column":47},"end":{"line":639,"column":7}},"line":635},"23":{"name":"(anonymous_23)","decl":{"start":{"line":644,"column":49},"end":{"line":644,"column":50}},"loc":{"start":{"line":644,"column":60},"end":{"line":646,"column":3}},"line":644},"24":{"name":"(anonymous_24)","decl":{"start":{"line":652,"column":19},"end":{"line":652,"column":20}},"loc":{"start":{"line":652,"column":28},"end":{"line":677,"column":3}},"line":652},"25":{"name":"(anonymous_25)","decl":{"start":{"line":653,"column":34},"end":{"line":653,"column":35}},"loc":{"start":{"line":653,"column":40},"end":{"line":676,"column":5}},"line":653},"26":{"name":"(anonymous_26)","decl":{"start":{"line":665,"column":19},"end":{"line":665,"column":20}},"loc":{"start":{"line":665,"column":28},"end":{"line":675,"column":7}},"line":665},"27":{"name":"(anonymous_27)","decl":{"start":{"line":679,"column":19},"end":{"line":679,"column":20}},"loc":{"start":{"line":679,"column":28},"end":{"line":701,"column":3}},"line":679},"28":{"name":"(anonymous_28)","decl":{"start":{"line":680,"column":34},"end":{"line":680,"column":35}},"loc":{"start":{"line":680,"column":40},"end":{"line":700,"column":5}},"line":680},"29":{"name":"(anonymous_29)","decl":{"start":{"line":691,"column":19},"end":{"line":691,"column":20}},"loc":{"start":{"line":691,"column":28},"end":{"line":699,"column":7}},"line":691},"30":{"name":"(anonymous_30)","decl":{"start":{"line":704,"column":34},"end":{"line":704,"column":35}},"loc":{"start":{"line":704,"column":41},"end":{"line":764,"column":3}},"line":704},"31":{"name":"calculateFootprint","decl":{"start":{"line":776,"column":9},"end":{"line":776,"column":27}},"loc":{"start":{"line":776,"column":36},"end":{"line":850,"column":1}},"line":776},"32":{"name":"recalculateLiveEstimate","decl":{"start":{"line":853,"column":9},"end":{"line":853,"column":32}},"loc":{"start":{"line":853,"column":35},"end":{"line":958,"column":1}},"line":853},"33":{"name":"renderDashboard","decl":{"start":{"line":963,"column":9},"end":{"line":963,"column":24}},"loc":{"start":{"line":963,"column":27},"end":{"line":1079,"column":1}},"line":963},"34":{"name":"generatePersonalizedInsights","decl":{"start":{"line":1082,"column":9},"end":{"line":1082,"column":37}},"loc":{"start":{"line":1082,"column":40},"end":{"line":1153,"column":1}},"line":1082},"35":{"name":"(anonymous_35)","decl":{"start":{"line":1139,"column":23},"end":{"line":1139,"column":24}},"loc":{"start":{"line":1139,"column":32},"end":{"line":1152,"column":3}},"line":1139},"36":{"name":"renderCharts","decl":{"start":{"line":1156,"column":9},"end":{"line":1156,"column":21}},"loc":{"start":{"line":1156,"column":24},"end":{"line":1298,"column":1}},"line":1156},"37":{"name":"(anonymous_37)","decl":{"start":{"line":1233,"column":40},"end":{"line":1233,"column":41}},"loc":{"start":{"line":1233,"column":47},"end":{"line":1233,"column":54}},"line":1233},"38":{"name":"(anonymous_38)","decl":{"start":{"line":1234,"column":42},"end":{"line":1234,"column":43}},"loc":{"start":{"line":1234,"column":49},"end":{"line":1234,"column":60}},"line":1234},"39":{"name":"(anonymous_39)","decl":{"start":{"line":1250,"column":29},"end":{"line":1250,"column":30}},"loc":{"start":{"line":1250,"column":42},"end":{"line":1263,"column":13}},"line":1250},"40":{"name":"renderHabitsChecklist","decl":{"start":{"line":1303,"column":9},"end":{"line":1303,"column":30}},"loc":{"start":{"line":1303,"column":33},"end":{"line":1368,"column":1}},"line":1303},"41":{"name":"(anonymous_41)","decl":{"start":{"line":1311,"column":20},"end":{"line":1311,"column":21}},"loc":{"start":{"line":1311,"column":31},"end":{"line":1364,"column":3}},"line":1311},"42":{"name":"(anonymous_42)","decl":{"start":{"line":1329,"column":37},"end":{"line":1329,"column":38}},"loc":{"start":{"line":1329,"column":44},"end":{"line":1331,"column":5}},"line":1329},"43":{"name":"toggleHabitCompletion","decl":{"start":{"line":1371,"column":9},"end":{"line":1371,"column":30}},"loc":{"start":{"line":1371,"column":49},"end":{"line":1433,"column":1}},"line":1371},"44":{"name":"(anonymous_44)","decl":{"start":{"line":1438,"column":41},"end":{"line":1438,"column":42}},"loc":{"start":{"line":1438,"column":47},"end":{"line":1489,"column":3}},"line":1438},"45":{"name":"(anonymous_45)","decl":{"start":{"line":1495,"column":43},"end":{"line":1495,"column":44}},"loc":{"start":{"line":1495,"column":49},"end":{"line":1500,"column":3}},"line":1495},"46":{"name":"updateImpactMetrics","decl":{"start":{"line":1504,"column":9},"end":{"line":1504,"column":28}},"loc":{"start":{"line":1504,"column":31},"end":{"line":1543,"column":1}},"line":1504},"47":{"name":"(anonymous_47)","decl":{"start":{"line":1516,"column":45},"end":{"line":1516,"column":46}},"loc":{"start":{"line":1516,"column":54},"end":{"line":1522,"column":3}},"line":1516},"48":{"name":"(anonymous_48)","decl":{"start":{"line":1517,"column":33},"end":{"line":1517,"column":34}},"loc":{"start":{"line":1517,"column":40},"end":{"line":1517,"column":52}},"line":1517},"49":{"name":"addTimelineEvent","decl":{"start":{"line":1546,"column":9},"end":{"line":1546,"column":25}},"loc":{"start":{"line":1546,"column":41},"end":{"line":1580,"column":1}},"line":1546},"50":{"name":"removeTimelineEvent","decl":{"start":{"line":1582,"column":9},"end":{"line":1582,"column":28}},"loc":{"start":{"line":1582,"column":35},"end":{"line":1601,"column":1}},"line":1582},"51":{"name":"renderChallengesAndBadges","decl":{"start":{"line":1606,"column":9},"end":{"line":1606,"column":34}},"loc":{"start":{"line":1606,"column":37},"end":{"line":1738,"column":1}},"line":1606},"52":{"name":"(anonymous_52)","decl":{"start":{"line":1611,"column":30},"end":{"line":1611,"column":31}},"loc":{"start":{"line":1611,"column":40},"end":{"line":1734,"column":3}},"line":1611},"53":{"name":"(anonymous_53)","decl":{"start":{"line":1703,"column":43},"end":{"line":1703,"column":44}},"loc":{"start":{"line":1703,"column":49},"end":{"line":1705,"column":9}},"line":1703},"54":{"name":"(anonymous_54)","decl":{"start":{"line":1719,"column":40},"end":{"line":1719,"column":41}},"loc":{"start":{"line":1719,"column":46},"end":{"line":1727,"column":7}},"line":1719},"55":{"name":"evaluateManualProgress","decl":{"start":{"line":1741,"column":9},"end":{"line":1741,"column":31}},"loc":{"start":{"line":1741,"column":38},"end":{"line":1761,"column":1}},"line":1741},"56":{"name":"checkChallengeCriteria","decl":{"start":{"line":1764,"column":9},"end":{"line":1764,"column":31}},"loc":{"start":{"line":1764,"column":54},"end":{"line":1782,"column":1}},"line":1764},"57":{"name":"(anonymous_57)","decl":{"start":{"line":1765,"column":40},"end":{"line":1765,"column":41}},"loc":{"start":{"line":1765,"column":47},"end":{"line":1765,"column":62}},"line":1765},"58":{"name":"completeChallenge","decl":{"start":{"line":1785,"column":9},"end":{"line":1785,"column":26}},"loc":{"start":{"line":1785,"column":33},"end":{"line":1807,"column":1}},"line":1785},"59":{"name":"renderBadgesShelf","decl":{"start":{"line":1810,"column":9},"end":{"line":1810,"column":26}},"loc":{"start":{"line":1810,"column":29},"end":{"line":1845,"column":1}},"line":1810},"60":{"name":"(anonymous_60)","decl":{"start":{"line":1815,"column":36},"end":{"line":1815,"column":37}},"loc":{"start":{"line":1815,"column":45},"end":{"line":1842,"column":3}},"line":1815},"61":{"name":"initEcoHub","decl":{"start":{"line":1850,"column":9},"end":{"line":1850,"column":19}},"loc":{"start":{"line":1850,"column":22},"end":{"line":1930,"column":1}},"line":1850},"62":{"name":"(anonymous_62)","decl":{"start":{"line":1888,"column":22},"end":{"line":1888,"column":23}},"loc":{"start":{"line":1888,"column":31},"end":{"line":1909,"column":3}},"line":1888},"63":{"name":"(anonymous_63)","decl":{"start":{"line":1890,"column":39},"end":{"line":1890,"column":40}},"loc":{"start":{"line":1890,"column":45},"end":{"line":1907,"column":7}},"line":1890},"64":{"name":"calculateSwapSimulatorTotal","decl":{"start":{"line":1933,"column":9},"end":{"line":1933,"column":36}},"loc":{"start":{"line":1933,"column":39},"end":{"line":1962,"column":1}},"line":1933},"65":{"name":"startQuiz","decl":{"start":{"line":1965,"column":9},"end":{"line":1965,"column":18}},"loc":{"start":{"line":1965,"column":21},"end":{"line":1975,"column":1}},"line":1965},"66":{"name":"loadQuizQuestion","decl":{"start":{"line":1977,"column":9},"end":{"line":1977,"column":25}},"loc":{"start":{"line":1977,"column":28},"end":{"line":2012,"column":1}},"line":1977},"67":{"name":"(anonymous_67)","decl":{"start":{"line":2003,"column":27},"end":{"line":2003,"column":28}},"loc":{"start":{"line":2003,"column":43},"end":{"line":2011,"column":3}},"line":2003},"68":{"name":"(anonymous_68)","decl":{"start":{"line":2007,"column":37},"end":{"line":2007,"column":38}},"loc":{"start":{"line":2007,"column":43},"end":{"line":2009,"column":5}},"line":2007},"69":{"name":"selectQuizAnswer","decl":{"start":{"line":2014,"column":9},"end":{"line":2014,"column":25}},"loc":{"start":{"line":2014,"column":41},"end":{"line":2063,"column":1}},"line":2014},"70":{"name":"(anonymous_70)","decl":{"start":{"line":2021,"column":24},"end":{"line":2021,"column":25}},"loc":{"start":{"line":2021,"column":34},"end":{"line":2021,"column":53}},"line":2021},"71":{"name":"loadNextQuestion","decl":{"start":{"line":2065,"column":9},"end":{"line":2065,"column":25}},"loc":{"start":{"line":2065,"column":28},"end":{"line":2072,"column":1}},"line":2065},"72":{"name":"showQuizResults","decl":{"start":{"line":2074,"column":9},"end":{"line":2074,"column":24}},"loc":{"start":{"line":2074,"column":27},"end":{"line":2102,"column":1}},"line":2074},"73":{"name":"initExportShare","decl":{"start":{"line":2107,"column":9},"end":{"line":2107,"column":24}},"loc":{"start":{"line":2107,"column":27},"end":{"line":2138,"column":1}},"line":2107},"74":{"name":"(anonymous_74)","decl":{"start":{"line":2130,"column":43},"end":{"line":2130,"column":44}},"loc":{"start":{"line":2130,"column":50},"end":{"line":2133,"column":5}},"line":2130},"75":{"name":"(anonymous_75)","decl":{"start":{"line":2134,"column":39},"end":{"line":2134,"column":40}},"loc":{"start":{"line":2134,"column":45},"end":{"line":2136,"column":5}},"line":2134},"76":{"name":"exportReportAsPDF","decl":{"start":{"line":2140,"column":9},"end":{"line":21
[...]
ine":1939,"column":4},"end":{"line":1939,"column":67}},{"start":{"line":1939,"column":71},"end":{"line":1939,"column":72}}],"line":1939},"178":{"loc":{"start":{"line":1941,"column":4},"end":{"line":1941,"column":72}},"type":"binary-expr","locations":[{"start":{"line":1941,"column":4},"end":{"line":1941,"column":67}},{"start":{"line":1941,"column":71},"end":{"line":1941,"column":72}}],"line":1941},"179":{"loc":{"start":{"line":1948,"column":2},"end":{"line":1950,"column":3}},"type":"if","locations":[{"start":{"line":1948,"column":2},"end":{"line":1950,"column":3}},{"start":{},"end":{}}],"line":1948},"180":{"loc":{"start":{"line":1959,"column":2},"end":{"line":1961,"column":3}},"type":"if","locations":[{"start":{"line":1959,"column":2},"end":{"line":1961,"column":3}},{"start":{},"end":{}}],"line":1959},"181":{"loc":{"start":{"line":1994,"column":2},"end":{"line":1997,"column":3}},"type":"if","locations":[{"start":{"line":1994,"column":2},"end":{"line":1997,"column":3}},{"start":{},"end":{}}],"line":1994},"182":{"loc":{"start":{"line":2027,"column":4},"end":{"line":2027,"column":39}},"type":"cond-expr","locations":[{"start":{"line":2027,"column":16},"end":{"line":2027,"column":25}},{"start":{"line":2027,"column":28},"end":{"line":2027,"column":39}}],"line":2027},"183":{"loc":{"start":{"line":2029,"column":2},"end":{"line":2031,"column":3}},"type":"if","locations":[{"start":{"line":2029,"column":2},"end":{"line":2031,"column":3}},{"start":{},"end":{}}],"line":2029},"184":{"loc":{"start":{"line":2040,"column":2},"end":{"line":2057,"column":3}},"type":"if","locations":[{"start":{"line":2040,"column":2},"end":{"line":2057,"column":3}},{"start":{"line":2053,"column":9},"end":{"line":2057,"column":3}}],"line":2040},"185":{"loc":{"start":{"line":2067,"column":2},"end":{"line":2071,"column":3}},"type":"if","locations":[{"start":{"line":2067,"column":2},"end":{"line":2071,"column":3}},{"start":{"line":2069,"column":9},"end":{"line":2071,"column":3}}],"line":2067},"186":{"loc":{"start":{"line":2085,"column":2},"end":{"line":2087,"column":3}},"type":"if","locations":[{"start":{"line":2085,"column":2},"end":{"line":2087,"column":3}},{"start":{},"end":{}}],"line":2085},"187":{"loc":{"start":{"line":2090,"column":2},"end":{"line":2099,"column":3}},"type":"if","locations":[{"start":{"line":2090,"column":2},"end":{"line":2099,"column":3}},{"start":{},"end":{}}],"line":2090},"188":{"loc":{"start":{"line":2091,"column":4},"end":{"line":2098,"column":5}},"type":"if","locations":[{"start":{"line":2091,"column":4},"end":{"line":2098,"column":5}},{"start":{},"end":{}}],"line":2091},"189":{"loc":{"start":{"line":2110,"column":2},"end":{"line":2112,"column":3}},"type":"if","locations":[{"start":{"line":2110,"column":2},"end":{"line":2112,"column":3}},{"start":{},"end":{}}],"line":2110},"190":{"loc":{"start":{"line":2116,"column":2},"end":{"line":2118,"column":3}},"type":"if","locations":[{"start":{"line":2116,"column":2},"end":{"line":2118,"column":3}},{"start":{},"end":{}}],"line":2116},"191":{"loc":{"start":{"line":2122,"column":2},"end":{"line":2124,"column":3}},"type":"if","locations":[{"start":{"line":2122,"column":2},"end":{"line":2124,"column":3}},{"start":{},"end":{}}],"line":2122},"192":{"loc":{"start":{"line":2129,"column":2},"end":{"line":2137,"column":3}},"type":"if","locations":[{"start":{"line":2129,"column":2},"end":{"line":2137,"column":3}},{"start":{},"end":{}}],"line":2129},"193":{"loc":{"start":{"line":2129,"column":6},"end":{"line":2129,"column":36}},"type":"binary-expr","locations":[{"start":{"line":2129,"column":6},"end":{"line":2129,"column":18}},{"start":{"line":2129,"column":22},"end":{"line":2129,"column":36}}],"line":2129},"194":{"loc":{"start":{"line":2189,"column":4},"end":{"line":2191,"column":174}},"type":"cond-expr","locations":[{"start":{"line":2190,"column":8},"end":{"line":2190,"column":279}},{"start":{"line":2191,"column":8},"end":{"line":2191,"column":174}}],"line":2189},"195":{"loc":{"start":{"line":2190,"column":74},"end":{"line":2190,"column":103}},"type":"cond-expr","locations":[{"start":{"line":2190,"column":86},"end":{"line":2190,"column":93}},{"start":{"line":2190,"column":96},"end":{"line":2190,"column":103}}],"line":2190},"196":{"loc":{"start":{"line":2190,"column":199},"end":{"line":2190,"column":222}},"type":"cond-expr","locations":[{"start":{"line":2190,"column":214},"end":{"line":2190,"column":217}},{"start":{"line":2190,"column":220},"end":{"line":2190,"column":222}}],"line":2190},"197":{"loc":{"start":{"line":2195,"column":2},"end":{"line":2208,"column":3}},"type":"if","locations":[{"start":{"line":2195,"column":2},"end":{"line":2208,"column":3}},{"start":{"line":2206,"column":9},"end":{"line":2208,"column":3}}],"line":2195},"198":{"loc":{"start":{"line":2224,"column":2},"end":{"line":2229,"column":3}},"type":"if","locations":[{"start":{"line":2224,"column":2},"end":{"line":2229,"column":3}},{"start":{},"end":{}}],"line":2224},"199":{"loc":{"start":{"line":2224,"column":6},"end":{"line":2224,"column":26}},"type":"binary-expr","locations":[{"start":{"line":2224,"column":6},"end":{"line":2224,"column":15}},{"start":{"line":2224,"column":19},"end":{"line":2224,"column":26}}],"line":2224},"200":{"loc":{"start":{"line":2227,"column":6},"end":{"line":2227,"column":55}},"type":"if","locations":[{"start":{"line":2227,"column":6},"end":{"line":2227,"column":55}},{"start":{},"end":{}}],"line":2227},"201":{"loc":{"start":{"line":2231,"column":2},"end":{"line":2236,"column":3}},"type":"if","locations":[{"start":{"line":2231,"column":2},"end":{"line":2236,"column":3}},{"start":{},"end":{}}],"line":2231},"202":{"loc":{"start":{"line":2241,"column":6},"end":{"line":2244,"column":7}},"type":"if","locations":[{"start":{"line":2241,"column":6},"end":{"line":2244,"column":7}},{"start":{},"end":{}}],"line":2241},"203":{"loc":{"start":{"line":2243,"column":8},"end":{"line":2243,"column":57}},"type":"if","locations":[{"start":{"line":2243,"column":8},"end":{"line":2243,"column":57}},{"start":{},"end":{}}],"line":2243},"204":{"loc":{"start":{"line":2249,"column":0},"end":{"line":2249,"column":115}},"type":"if","locations":[{"start":{"line":2249,"column":0},"end":{"line":2249,"column":115}},{"start":{},"end":{}}],"line":2249},"205":{"loc":{"start":{"line":2249,"column":4},"end":{"line":2249,"column":51}},"type":"binary-expr","locations":[{"start":{"line":2249,"column":4},"end":{"line":2249,"column":33}},{"start":{"line":2249,"column":37},"end":{"line":2249,"column":51}}],"line":2249}},"s":{"0":1,"1":1,"2":1,"3":1,"4":1,"5":1,"6":0,"7":0,"8":0,"9":0,"10":0,"11":0,"12":0,"13":0,"14":0,"15":0,"16":0,"17":0,"18":0,"19":0,"20":0,"21":0,"22":0,"23":0,"24":0,"25":0,"26":0,"27":0,"28":0,"29":0,"30":0,"31":0,"32":0,"33":0,"34":0,"35":0,"36":0,"37":0,"38":0,"39":0,"40":0,"41":0,"42":0,"43":0,"44":0,"45":0,"46":0,"47":0,"48":0,"49":0,"50":0,"51":0,"52":0,"53":0,"54":0,"55":0,"56":0,"57":0,"58":0,"59":0,"60":0,"61":0,"62":0,"63":0,"64":0,"65":0,"66":0,"67":0,"68":0,"69":0,"70":0,"71":0,"72":0,"73":0,"74":0,"75":0,"76":0,"77":0,"78":0,"79":0,"80":0,"81":0,"82":0,"83":0,"84":0,"85":0,"86":0,"87":0,"88":0,"89":0,"90":0,"91":0,"92":0,"93":0,"94":0,"95":0,"96":0,"97":0,"98":0,"99":0,"100":0,"101":0,"102":0,"103":0,"104":0,"105":0,"106":0,"107":0,"108":0,"109":0,"110":0,"111":0,"112":0,"113":0,"114":0,"115":0,"116":0,"117":0,"118":0,"119":0,"120":0,"121":0,"122":0,"123":0,"124":0,"125":0,"126":0,"127":0,"128":0,"129":0,"130":0,"131":0,"132":0,"133":0,"134":0,"135":0,"136":0,"137":0,"138":0,"139":0,"140":0,"141":0,"142":0,"143":0,"144":0,"145":0,"146":0,"147":0,"148":0,"149":0,"150":0,"151":0,"152":0,"153":0,"154":0,"155":0,"156":0,"157":0,"158":0,"159":0,"160":0,"161":0,"162":0,"163":0,"164":0,"165":0,"166":0,"167":0,"168":0,"169":0,"170":0,"171":0,"172":0,"173":0,"174":0,"175":0,"176":0,"177":0,"178":0,"179":0,"180":0,"181":0,"182":0,"183":0,"184":0,"185":0,"186":0,"187":0,"188":0,"189":0,"190":0,"191":0,"192":0,"193":0,"194":0,"195":3,"196":3,"197":3,"198":3,"199":3,"200":3,"201":0,"202":3,"203":0,"204":3,"205":2,"206":3,"207":3,"208":3,"209":3,"210":3,"211":3,"212":3,"213":3,"214":3,"215":3,"216":0,"217":3,"218":0,"219":3,"220":1,"221":2,"222":0,"223":2,"224":0,"225":2,"226":2,"227":3,"228":0,"229":3,"230":1,"231":3,"232":3,"233":0,"234":0,"235":0,"236":0,"237":3,"238":3,"239":0,"240":0,"241":3,"242":3,"243":3,"244":3,"245":3,"246":3,"247":0,"248":0,"249":0,"250":0,"251":0,"252":0,"253":0,"254":0,"255":0,"256":0,"257":0,"258":0,"259":0,"260":0,"261":0,"262":0,"263":0,"264":0,"265":0,"266":0,"267":0,"268":0,"269":0,"270":0,"271":0,"272":0,"273":0,"274":0,"275":0,"276":0,"277":0,"278":0,"279":0,"280":0,"281":0,"282":0,"283":0,"284":0,"285":0,"286":0,"287":0,"288":0,"289":0,"290":0,"291":0,"292":0,"293":0,"294":0,"295":0,"296":0,"297":0,"298":0,"299":0,"300":0,"301":0,"302":0,"303":0,"304":0,"305":0,"306":0,"307":0,"308":0,"309":0,"310":0,"311":0,"312":0,"313":0,"314":0,"315":0,"316":0,"317":0,"318":0,"319":0,"320":0,"321":0,"322":0,"323":0,"324":0,"325":0,"326":0,"327":0,"328":0,"329":0,"330":0,"331":0,"332":0,"333":0,"334":0,"335":0,"336":0,"337":0,"338":0,"339":0,"340":0,"341":0,"342":0,"343":0,"344":0,"345":0,"346":0,"347":0,"348":0,"349":0,"350":0,"351":0,"352":0,"353":0,"354":0,"355":0,"356":0,"357":0,"358":0,"359":0,"360":0,"361":0,"362":0,"363":0,"364":0,"365":0,"366":0,"367":0,"368":0,"369":0,"370":0,"371":0,"372":0,"373":0,"374":0,"375":0,"376":0,"377":0,"378":0,"379":0,"380":0,"381":0,"382":0,"383":0,"384":0,"385":0,"386":0,"387":0,"388":0,"389":0,"390":0,"391":0,"392":0,"393":0,"394":0,"395":0,"396":0,"397":0,"398":0,"399":0,"400":0,"401":0,"402":0,"403":0,"404":0,"405":0,"406":0,"407":0,"408":0,"409":0,"410":0,"411":0,"412":0,"413":0,"414":0,"415":0,"416":0,"417":0,"418":0,"419":0,"420":0,"421":0,"422":0,"423":0,"424":0,"425":0,"426":0,"427":0,"428":0,"429":0,"430":0,"431":0,"432":0,"433":0,"434":0,"435":0,"436":0,"437":0,"438":0,"439":0,"440":0,"441":0,"442":0,"443":0,"444":0,"445":0,"446":0,"447":0,"448":0,"449":0,"450":0,"451":0,"452":0,"453":0,"454":0,"455":0,"456":0,"457":0,"458":0,"459":0,"460":0,"461":0,"462":0,"463":0,"464":0,"465":0,"466":0,"467":0,"468":0,"469":0,"470":0,"471":0,"472":0,"473":0,"474":0,"475":0,"476":0,"477":0,"478":0,"479":0,"480":0,"481":0,"482":0,"483":0,"484":0,"485":0,"486":0,"487":0,"488":0,"489":0,"490":0,"491":0,"492":0,"493":0,"494":0,"495":0,"496":0,"497":1,"498":1,"499":0,"500":0,"501":0,"502":0,"503":0,"504":0,"505":0,"506":0,"507":0,"508":0,"509":0,"510":0,"511":0,"512":0,"513":0,"514":0,"515":0,"516":0,"517":0,"518":0,"519":0,"520":0,"521":1,"522":1,"523":0,"524":0,"525":0,"526":0,"527":0,"528":0,"529":0,"530":0,"531":0,"532":0,"533":0,"534":0,"535":0,"536":0,"537":0,"538":0,"539":0,"540":0,"541":0,"542":0,"543":0,"544":0,"545":0,"546":0,"547":0,"548":0,"549":0,"550":0,"551":0,"552":0,"553":0,"554":0,"555":0,"556":0,"557":0,"558":0,"559":0,"560":0,"561":0,"562":0,"563":0,"564":0,"565":0,"566":0,"567":0,"568":0,"569":0,"570":0,"571":0,"572":0,"573":0,"574":0,"575":0,"576":0,"577":0,"578":0,"579":0,"580":0,"581":0,"582":0,"583":0,"584":0,"585":0,"586":0,"587":0,"588":0,"589":0,"590":0,"591":0,"592":0,"593":0,"594":0,"595":0,"596":0,"597":0,"598":0,"599":0,"600":0,"601":0,"602":0,"603":0,"604":0,"605":0,"606":0,"607":0,"608":0,"609":0,"610":0,"611":0,"612":0,"613":0,"614":0,"615":0,"616":0,"617":0,"618":0,"619":0,"620":0,"621":0,"622":0,"623":0,"624":0,"625":0,"626":0,"627":0,"628":0,"629":0,"630":0,"631":0,"632":0,"633":0,"634":0,"635":0,"636":0,"637":0,"638":0,"639":0,"640":0,"641":0,"642":0,"643":0,"644":0,"645":0,"646":0,"647":0,"648":0,"649":0,"650":0,"651":0,"652":0,"653":0,"654":0,"655":0,"656":0,"657":0,"658":0,"659":0,"660":0,"661":0,"662":0,"663":0,"664":0,"665":0,"666":0,"667":0,"668":0,"669":0,"670":0,"671":0,"672":0,"673":0,"674":0,"675":0,"676":0,"677":0,"678":0,"679":0,"680":0,"681":0,"682":0,"683":0,"684":0,"685":0,"686":0,"687":0,"688":0,"689":0,"690":0,"691":0,"692":0,"693":0,"694":0,"695":0,"696":0,"697":0,"698":0,"699":0,"700":0,"701":0,"702":0,"703":0,"704":0,"705":0,"706":0,"707":0,"708":0,"709":0,"710":0,"711":0,"712":0,"713":0,"714":0,"715":0,"716":0,"717":0,"718":0,"719":0,"720":0,"721":0,"722":0,"723":0,"724":0,"725":0,"726":0,"727":0,"728":0,"729":0,"730":0,"731":0,"732":0,"733":0,"734":0,"735":0,"736":0,"737":0,"738":0,"739":0,"740":0,"741":0,"742":0,"743":0,"744":0,"745":0,"746":0,"747":0,"748":0,"749":0,"750":0,"751":0,"752":0,"753":0,"754":0,"755":0,"756":0,"757":0,"758":0,"759":0,"760":0,"761":0,"762":0,"763":0,"764":0,"765":0,"766":0,"767":0,"768":0,"769":0,"770":0,"771":0,"772":0,"773":0,"774":0,"775":0,"776":0,"777":0,"778":0,"779":0,"780":0,"781":0,"782":0,"783":0,"784":0,"785":0,"786":0,"787":0,"788":0,"789":0,"790":0,"791":0,"792":0,"793":0,"794":0,"795":0,"796":0,"797":0,"798":0,"799":0,"800":0,"801":0,"802":0,"803":0,"804":0,"805":0,"806":0,"807":0,"808":0,"809":0,"810":0,"811":0,"812":0,"813":0,"814":0,"815":0,"816":0,"817":0,"818":0,"819":0,"820":0,"821":0,"822":0,"823":0,"824":0,"825":0,"826":0,"827":0,"828":0,"829":0,"830":0,"831":0,"832":0,"833":0,"834":0,"835":0,"836":0,"837":0,"838":0,"839":0,"840":0,"841":0,"842":0,"843":0,"844":0,"845":0,"846":0,"847":0,"848":0,"849":0,"850":0,"851":0,"852":0,"853":0,"854":0,"855":0,"856":0,"857":0,"858":0,"859":0,"860":0,"861":0,"862":0,"863":0,"864":0,"865":0,"866":0,"867":0,"868":0,"869":0,"870":0,"871":0,"872":0,"873":0,"874":0,"875":0,"876":0,"877":0,"878":0,"879":0,"880":0,"881":0,"882":0,"883":0,"884":0,"885":0,"886":0,"887":0,"888":0,"889":0,"890":0,"891":0,"892":0,"893":0,"894":0,"895":0,"896":0,"897":0,"898":0,"899":0,"900":0,"901":1,"902":1},"f":{"0":0,"1":0,"2":0,"3":0,"4":0,"5":0,"6":0,"7":0,"8":0,"9":0,"10":0,"11":0,"12":0,"13":0,"14":0,"15":0,"16":0,"17":0,"18":0,"19":0,"20":0,"21":0,"22":0,"23":0,"24":0,"25":0,"26":0,"27":0,"28":0,"29":0,"30":0,"31":3,"32":0,"33":0,"34":0,"35":0,"36":0,"37":0,"38":0,"39":0,"40":0,"41":0,"42":0,"43":0,"44":0,"45":0,"46":0,"47":0,"48":0,"49":0,"50":0,"51":0,"52":0,"53":0,"54":0,"55":0,"56":0,"57":0,"58":0,"59":0,"60":0,"61":0,"62":0,"63":0,"64":0,"65":0,"66":0,"67":0,"68":0,"69":0,"70":0,"71":0,"72":0,"73":0,"74":0,"75":0,"76":0,"77":0,"78":0,"79":0,"80":0,"81":0,"82":0,"83":0,"84":0,"85":0,"86":0,"87":0},"b":{"0":[0,0],"1":[0,0],"2":[0,0],"3":[0,0],"4":[0,0],"5":[0,0],"6":[0,0],"7":[0,0],"8":[0,0],"9":[0,0],"10":[0,0],"11":[0,0],"12":[0,0],"13":[0,0],"14":[0,0],"15":[0,0],"16":[0],"17":[0,0],"18":[0,0],"19":[0,0],"20":[0,0],"21":[0,0],"22":[0,0],"23":[0],"24":[0,0],"25":[0,0],"26":[0,0],"27":[0,0],"28":[0,0],"29":[0,0],"30":[0,0],"31":[0,0],"32":[0,0],"33":[0,0],"34":[0,0],"35":[0,0],"36":[0,3],"37":[0,3],"38":[2,1],"39":[0,3],"40":[0,3],"41":[1,2],"42":[0,2],"43":[0,2],"44":[2,0],"45":[0,3],"46":[1,2],"47":[3,0],"48":[0,0],"49":[0,0],"50":[3,0],"51":[0,0],"52":[0,0],"53":[0,0],"54":[0,0],"55":[0,0],"56":[0,0],"57":[0,0],"58":[0,0],"59":[0,0],"60":[0,0],"61":[0,0],"62":[0,0],"63":[0,0],"64":[0,0],"65":[0,0],"66":[0,0],"67":[0,0],"68":[0,0],"69":[0,0],"70":[0,0],"71":[0,0],"72":[0,0],"73":[0,0],"74":[0,0],"75":[0,0],"76":[0,0],"77":[0,0],"78":[0,0],"79":[0,0],"80":[0,0],"81":[0,0],"82":[0,0],"83":[0,0],"84":[0,0],"85":[0,0],"86":[0,0],"87":[0,0],"88":[0,0],"89":[0,0],"90":[0,0],"91":[0,0],"92":[0,0],"93":[0,0],"94":[0,0],"95":[0,0],"96":[0,0],"97":[0,0],"98":[0,0],"99":[0,0],"100":[0,0],"101":[0,0],"102":[0,0],"103":[0,0],"104":[0,0],"105":[0,0],"106":[0,0],"107":[0,0],"108":[0,0],"109":[0,0],"110":[0,0],"111":[0,0],"112":[0,0],"113":[0,0],"114":[0,0],"115":[0,0],"116":[0,0],"117":[0,0],"118":[0,0],"119":[0,0],"120":[0,0],"121":[0,0],"122":[0,0],"123":[0,0],"124":[0,0],"125":[0,0],"126":[0,0],"127":[0,1],"128":[0,0],"129":[0,0],"130":[0,0],"131":[0,0],"132":[0,1],"133":[0,0],"134":[0,0],"135":[0,0],"136":[0,0],"137":[0,0],"138":[0,0],"139":[0,0],"140":[0,0],"141":[0,0],"142":[0,0],"143":[0,0],"144":[0,0,0],"145":[0,0],"146":[0,0],"147":[0,0],"148":[0,0],"149":[0,0],"150":[0,0],"151":[0,0],"152":[0,0],"153":[0,0],"154":[0,0],"155":[0],"156":[0,0],"157":[0,0,0],"158":[0,0],"159":[0,0],"160":[0,0],"161":[0,0],"162":[0,0],"163":[0,0],"164":[0,0],"165":[0,0],"166":[0,0],"167":[0,0],"168":[0,0],"169":[0,0],"170":[0,0],"171":[0,0],"172":[0,0],"173":[0,0],"174":[0,0],"175":[0,0],"176":[0,0],"177":[0,0],"178":[0,0],"179":[0,0],"180":[0,0],"181":[0,0],"182":[0,0],"183":[0,0],"184":[0,0],"185":[0,0],"186":[0,0],"187":[0,0],"188":[0,0],"189":[0,0],"190":[0,0],"191":[0,0],"192":[0,0],"193":[0,0],"194":[0,0],"195":[0,0],"196":[0,0],"197":[0,0],"198":[0,0],"199":[0,0],"200":[0,0],"201":[0,0],"202":[0,0],"203":[0,0],"204":[1,0],"205":[1,1]},"_coverageSchema":"1a1c01bbd47fc00a2c39e90264f33305004495a9","hash":"514ff82bc07521a8815e3d360a7bcf711220e950"}
,"C:\\Users\\Swati\\OneDrive\\Documents\\Prompt wars challenge 3\\server.js": {"path":"C:\\Users\\Swati\\OneDrive\\Documents\\Prompt wars challenge 3\\server.js","statementMap":{"0":{"start":{"line":1,"column":16},"end":{"line":1,"column":34}},"1":{"start":{"line":2,"column":13},"end":{"line":2,"column":28}},"2":{"start":{"line":3,"column":15},"end":{"line":3,"column":32}},"3":{"start":{"line":4,"column":13},"end":{"line":4,"column":28}},"4":{"start":{"line":5,"column":18},"end":{"line":5,"column":47}},"5":{"start":{"line":6,"column":20},"end":{"line":6,"column":42}},"6":{"start":{"line":8,"column":12},"end":{"line":8,"column":21}},"7":{"start":{"line":9,"column":13},"end":{"line":9,"column":37}},"8":{"start":{"line":15,"column":0},"end":{"line":15,"column":26}},"9":{"start":{"line":16,"column":0},"end":{"line":33,"column":2}},"10":{"start":{"line":36,"column":0},"end":{"line":36,"column":91}},"11":{"start":{"line":39,"column":16},"end":{"line":43,"column":2}},"12":{"start":{"line":44,"column":0},"end":{"line":44,"column":17}},"13":{"start":{"line":50,"column":0},"end":{"line":50,"column":23}},"14":{"start":{"line":56,"column":0},"end":{"line":66,"column":2}},"15":{"start":{"line":60,"column":6},"end":{"line":63,"column":7}},"16":{"start":{"line":62,"column":8},"end":{"line":62,"column":51}},"17":{"start":{"line":72,"column":0},"end":{"line":74,"column":3}},"18":{"start":{"line":73,"column":2},"end":{"line":73,"column":51}},"19":{"start":{"line":77,"column":0},"end":{"line":83,"column":1}},"20":{"start":{"line":78,"column":2},"end":{"line":80,"column":5}},"21":{"start":{"line":79,"column":4},"end":{"line":79,"column":60}},"22":{"start":{"line":82,"column":2},"end":{"line":82,"column":23}}},"fnMap":{"0":{"name":"(anonymous_0)","decl":{"start":{"line":59,"column":16},"end":{"line":59,"column":17}},"loc":{"start":{"line":59,"column":31},"end":{"line":64,"column":5}},"line":59},"1":{"name":"(anonymous_1)","decl":{"start":{"line":72,"column":13},"end":{"line":72,"column":14}},"loc":{"start":{"line":72,"column":27},"end":{"line":74,"column":1}},"line":72},"2":{"name":"(anonymous_2)","decl":{"start":{"line":78,"column":19},"end":{"line":78,"column":20}},"loc":{"start":{"line":78,"column":25},"end":{"line":80,"column":3}},"line":78}},"branchMap":{"0":{"loc":{"start":{"line":9,"column":13},"end":{"line":9,"column":37}},"type":"binary-expr","locations":[{"start":{"line":9,"column":13},"end":{"line":9,"column":29}},{"start":{"line":9,"column":33},"end":{"line":9,"column":37}}],"line":9},"1":{"loc":{"start":{"line":60,"column":6},"end":{"line":63,"column":7}},"type":"if","locations":[{"start":{"line":60,"column":6},"end":{"line":63,"column":7}},{"start":{},"end":{}}],"line":60},"2":{"loc":{"start":{"line":77,"column":0},"end":{"line":83,"column":1}},"type":"if","locations":[{"start":{"line":77,"column":0},"end":{"line":83,"column":1}},{"start":{"line":81,"column":7},"end":{"line":83,"column":1}}],"line":77}},"s":{"0":1,"1":1,"2":1,"3":1,"4":1,"5":1,"6":1,"7":1,"8":1,"9":1,"10":1,"11":1,"12":1,"13":1,"14":1,"15":3,"16":3,"17":1,"18":1,"19":1,"20":0,"21":0,"22":1},"f":{"0":3,"1":1,"2":0},"b":{"0":[1,1],"1":[3,0],"2":[0,1]},"_coverageSchema":"1a1c01bbd47fc00a2c39e90264f33305004495a9","hash":"9e7f914a06b1fe478bb2a77d2770f6c5bfb41bd5"}
}
