{"C:\\Users\\Swati\\OneDrive\\Documents\\Prompt wars challenge 3\\app.js": {"path":"C:\\Users\\Swati\\OneDrive\\Documents\\Prompt wars challenge 3\\app.js","statementMap":{"0":{"start":{"line":6,"column":15},"end":{"line":216,"column":1}},"1":{"start":{"line":219,"column":23},"end":{"line":283,"column":1}},"2":{"start":{"line":286,"column":21},"end":{"line":343,"column":1}},"3":{"start":{"line":346,"column":23},"end":{"line":346,"column":27}},"4":{"start":{"line":347,"column":20},"end":{"line":347,"column":24}},"5":{"start":{"line":350,"column":0},"end":{"line":386,"column":3}},"6":{"start":{"line":352,"column":2},"end":{"line":352,"column":25}},"7":{"start":{"line":355,"column":2},"end":{"line":355,"column":19}},"8":{"start":{"line":358,"column":2},"end":{"line":358,"column":20}},"9":{"start":{"line":361,"column":2},"end":{"line":361,"column":26}},"10":{"start":{"line":364,"column":2},"end":{"line":364,"column":30}},"11":{"start":{"line":367,"column":2},"end":{"line":367,"column":19}},"12":{"start":{"line":370,"column":2},"end":{"line":370,"column":15}},"13":{"start":{"line":373,"column":2},"end":{"line":373,"column":20}},"14":{"start":{"line":376,"column":2},"end":{"line":376,"column":14}},"15":{"start":{"line":379,"column":2},"end":{"line":379,"column":20}},"16":{"start":{"line":382,"column":2},"end":{"line":382,"column":22}},"17":{"start":{"line":385,"column":2},"end":{"line":385,"column":23}},"18":{"start":{"line":390,"column":17},"end":{"line":390,"column":55}},"19":{"start":{"line":391,"column":2},"end":{"line":399,"column":3}},"20":{"start":{"line":392,"column":20},"end":{"line":397,"column":5}},"21":{"start":{"line":398,"column":4},"end":{"line":398,"column":73}},"22":{"start":{"line":406,"column":2},"end":{"line":406,"column":71}},"23":{"start":{"line":410,"column":16},"end":{"line":410,"column":58}},"24":{"start":{"line":411,"column":2},"end":{"line":447,"column":3}},"25":{"start":{"line":412,"column":4},"end":{"line":443,"column":5}},"26":{"start":{"line":413,"column":21},"end":{"line":413,"column":38}},"27":{"start":{"line":415,"column":6},"end":{"line":415,"column":59}},"28":{"start":{"line":416,"column":6},"end":{"line":416,"column":77}},"29":{"start":{"line":417,"column":6},"end":{"line":417,"column":80}},"30":{"start":{"line":418,"column":6},"end":{"line":418,"column":58}},"31":{"start":{"line":419,"column":6},"end":{"line":419,"column":60}},"32":{"start":{"line":420,"column":6},"end":{"line":420,"column":59}},"33":{"start":{"line":423,"column":23},"end":{"line":423,"column":48}},"34":{"start":{"line":424,"column":6},"end":{"line":427,"column":7}},"35":{"start":{"line":425,"column":8},"end":{"line":425,"column":55}},"36":{"start":{"line":426,"column":8},"end":{"line":426,"column":48}},"37":{"start":{"line":430,"column":6},"end":{"line":440,"column":7}},"38":{"start":{"line":431,"column":8},"end":{"line":439,"column":11}},"39":{"start":{"line":432,"column":25},"end":{"line":432,"column":71}},"40":{"start":{"line":432,"column":57},"end":{"line":432,"column":70}},"41":{"start":{"line":433,"column":10},"end":{"line":438,"column":11}},"42":{"start":{"line":434,"column":12},"end":{"line":434,"column":41}},"43":{"start":{"line":435,"column":12},"end":{"line":435,"column":47}},"44":{"start":{"line":436,"column":12},"end":{"line":437,"column":70}},"45":{"start":{"line":442,"column":6},"end":{"line":442,"column":57}},"46":{"start":{"line":446,"column":4},"end":{"line":446,"column":68}},"47":{"start":{"line":454,"column":19},"end":{"line":454,"column":58}},"48":{"start":{"line":455,"column":18},"end":{"line":455,"column":53}},"49":{"start":{"line":456,"column":19},"end":{"line":456,"column":55}},"50":{"start":{"line":460,"column":4},"end":{"line":460,"column":60}},"51":{"start":{"line":461,"column":2},"end":{"line":465,"column":3}},"52":{"start":{"line":462,"column":4},"end":{"line":462,"column":46}},"53":{"start":{"line":463,"column":4},"end":{"line":463,"column":36}},"54":{"start":{"line":464,"column":4},"end":{"line":464,"column":40}},"55":{"start":{"line":467,"column":2},"end":{"line":481,"column":5}},"56":{"start":{"line":468,"column":20},"end":{"line":468,"column":64}},"57":{"start":{"line":469,"column":4},"end":{"line":469,"column":78}},"58":{"start":{"line":471,"column":4},"end":{"line":477,"column":5}},"59":{"start":{"line":472,"column":6},"end":{"line":472,"column":38}},"60":{"start":{"line":473,"column":6},"end":{"line":473,"column":42}},"61":{"start":{"line":475,"column":6},"end":{"line":475,"column":41}},"62":{"start":{"line":476,"column":6},"end":{"line":476,"column":39}},"63":{"start":{"line":480,"column":4},"end":{"line":480,"column":19}},"64":{"start":{"line":488,"column":19},"end":{"line":488,"column":57}},"65":{"start":{"line":489,"column":19},"end":{"line":489,"column":57}},"66":{"start":{"line":491,"column":2},"end":{"line":517,"column":5}},"67":{"start":{"line":492,"column":4},"end":{"line":516,"column":7}},"68":{"start":{"line":493,"column":24},"end":{"line":493,"column":53}},"69":{"start":{"line":496,"column":6},"end":{"line":496,"column":60}},"70":{"start":{"line":496,"column":30},"end":{"line":496,"column":58}},"71":{"start":{"line":497,"column":6},"end":{"line":497,"column":35}},"72":{"start":{"line":500,"column":6},"end":{"line":505,"column":9}},"73":{"start":{"line":501,"column":8},"end":{"line":501,"column":40}},"74":{"start":{"line":502,"column":8},"end":{"line":504,"column":9}},"75":{"start":{"line":503,"column":10},"end":{"line":503,"column":39}},"76":{"start":{"line":508,"column":6},"end":{"line":512,"column":7}},"77":{"start":{"line":509,"column":8},"end":{"line":509,"column":26}},"78":{"start":{"line":510,"column":13},"end":{"line":512,"column":7}},"79":{"start":{"line":511,"column":8},"end":{"line":511,"column":36}},"80":{"start":{"line":515,"column":6},"end":{"line":515,"column":54}},"81":{"start":{"line":520,"column":21},"end":{"line":520,"column":66}},"82":{"start":{"line":521,"column":2},"end":{"line":525,"column":3}},"83":{"start":{"line":522,"column":4},"end":{"line":524,"column":7}},"84":{"start":{"line":523,"column":6},"end":{"line":523,"column":78}},"85":{"start":{"line":530,"column":17},"end":{"line":530,"column":64}},"86":{"start":{"line":531,"column":15},"end":{"line":531,"column":59}},"87":{"start":{"line":532,"column":18},"end":{"line":532,"column":63}},"88":{"start":{"line":535,"column":26},"end":{"line":535,"column":69}},"89":{"start":{"line":536,"column":2},"end":{"line":541,"column":3}},"90":{"start":{"line":537,"column":20},"end":{"line":537,"column":47}},"91":{"start":{"line":538,"column":4},"end":{"line":538,"column":50}},"92":{"start":{"line":539,"column":4},"end":{"line":539,"column":44}},"93":{"start":{"line":540,"column":4},"end":{"line":540,"column":51}},"94":{"start":{"line":543,"column":2},"end":{"line":543,"column":29}},"95":{"start":{"line":544,"column":2},"end":{"line":544,"column":36}},"96":{"start":{"line":545,"column":2},"end":{"line":545,"column":23}},"97":{"start":{"line":548,"column":2},"end":{"line":550,"column":11}},"98":{"start":{"line":549,"column":4},"end":{"line":549,"column":35}},"99":{"start":{"line":557,"column":2},"end":{"line":557,"column":29}},"100":{"start":{"line":560,"column":21},"end":{"line":560,"column":22}},"101":{"start":{"line":561,"column":2},"end":{"line":565,"column":3}},"102":{"start":{"line":562,"column":4},"end":{"line":562,"column":55}},"103":{"start":{"line":563,"column":4},"end":{"line":563,"column":29}},"104":{"start":{"line":564,"column":4},"end":{"line":564,"column":19}},"105":{"start":{"line":567,"column":2},"end":{"line":574,"column":3}},"106":{"start":{"line":569,"column":4},"end":{"line":572,"column":6}},"107":{"start":{"line":573,"column":4},"end":{"line":573,"column":33}},"108":{"start":{"line":576,"column":2},"end":{"line":576,"column":23}},"109":{"start":{"line":577,"column":2},"end":{"line":577,"column":20}},"110":{"start":{"line":581,"column":16},"end":{"line":581,"column":53}},"111":{"start":{"line":582,"column":15},"end":{"line":582,"column":49}},"112":{"start":{"line":583,"column":16},"end":{"line":583,"column":54}},"113":{"start":{"line":585,"column":2},"end":{"line":585,"column":53}},"114":{"start":{"line":585,"column":13},"end":{"line":585,"column":53}},"115":{"start":{"line":586,"column":2},"end":{"line":587,"column":84}},"116":{"start":{"line":587,"column":4},"end":{"line":587,"column":84}},"117":{"start":{"line":588,"column":2},"end":{"line":591,"column":3}},"118":{"start":{"line":589,"column":16},"end":{"line":589,"column":73}},"119":{"start":{"line":590,"column":4},"end":{"line":590,"column":34}},"120":{"start":{"line":594,"column":20},"end":{"line":594,"column":64}},"121":{"start":{"line":595,"column":2},"end":{"line":595,"column":80}},"122":{"start":{"line":595,"column":17},"end":{"line":595,"column":80}},"123":{"start":{"line":600,"column":21},"end":{"line":600,"column":22}},"124":{"start":{"line":601,"column":19},"end":{"line":611,"column":9}},"125":{"start":{"line":602,"column":4},"end":{"line":606,"column":7}},"126":{"start":{"line":607,"column":4},"end":{"line":607,"column":19}},"127":{"start":{"line":608,"column":4},"end":{"line":610,"column":5}},"128":{"start":{"line":609,"column":6},"end":{"line":609,"column":30}},"129":{"start":{"line":618,"column":15},"end":{"line":618,"column":62}},"130":{"start":{"line":621,"column":18},"end":{"line":625,"column":3}},"131":{"start":{"line":627,"column":2},"end":{"line":637,"column":5}},"132":{"start":{"line":628,"column":21},"end":{"line":628,"column":54}},"133":{"start":{"line":629,"column":21},"end":{"line":629,"column":58}},"134":{"start":{"line":630,"column":4},"end":{"line":636,"column":5}},"135":{"start":{"line":631,"column":6},"end":{"line":635,"column":9}},"136":{"start":{"line":632,"column":8},"end":{"line":632,"column":61}},"137":{"start":{"line":634,"column":8},"end":{"line":634,"column":34}},"138":{"start":{"line":640,"column":2},"end":{"line":642,"column":5}},"139":{"start":{"line":641,"column":4},"end":{"line":641,"column":62}},"140":{"start":{"line":645,"column":19},"end":{"line":645,"column":53}},"141":{"start":{"line":646,"column":19},"end":{"line":646,"column":53}},"142":{"start":{"line":648,"column":2},"end":{"line":673,"column":5}},"143":{"start":{"line":649,"column":4},"end":{"line":672,"column":7}},"144":{"start":{"line":650,"column":25},"end":{"line":650,"column":54}},"145":{"start":{"line":653,"column":26},"end":{"line":653,"column":51}},"146":{"start":{"line":654,"column":6},"end":{"line":654,"column":45}},"147":{"start":{"line":656,"column":23},"end":{"line":656,"column":73}},"148":{"start":{"line":657,"column":6},"end":{"line":657,"column":39}},"149":{"start":{"line":660,"column":19},"end":{"line":660,"column":57}},"150":{"start":{"line":661,"column":6},"end":{"line":671,"column":9}},"151":{"start":{"line":662,"column":21},"end":{"line":662,"column":60}},"152":{"start":{"line":663,"column":8},"end":{"line":670,"column":9}},"153":{"start":{"line":664,"column":10},"end":{"line":664,"column":38}},"154":{"start":{"line":665,"column":15},"end":{"line":670,"column":9}},"155":{"start":{"line":666,"column":10},"end":{"line":666,"column":41}},"156":{"start":{"line":667,"column":10},"end":{"line":667,"column":41}},"157":{"start":{"line":669,"column":10},"end":{"line":669,"column":54}},"158":{"start":{"line":675,"column":2},"end":{"line":697,"column":5}},"159":{"start":{"line":676,"column":4},"end":{"line":696,"column":7}},"160":{"start":{"line":677,"column":25},"end":{"line":677,"column":54}},"161":{"start":{"line":679,"column":26},"end":{"line":679,"column":51}},"162":{"start":{"line":680,"column":6},"end":{"line":680,"column":45}},"163":{"start":{"line":682,"column":23},"end":{"line":682,"column":73}},"164":{"start":{"line":683,"column":6},"end":{"line":683,"column":39}},"165":{"start":{"line":686,"column":19},"end":{"line":686,"column":57}},"166":{"start":{"line":687,"column":6},"end":{"line":695,"column":9}},"167":{"start":{"line":688,"column":21},"end":{"line":688,"column":60}},"168":{"start":{"line":689,"column":8},"end":{"line":694,"column":9}},"169":{"start":{"line":690,"column":10},"end":{"line":690,"column":38}},"170":{"start":{"line":691,"column":10},"end":{"line":691,"column":44}},"171":{"start":{"line":692,"column":15},"end":{"line":694,"column":9}},"172":{"start":{"line":693,"column":10},"end":{"line":693,"column":54}},"173":{"start":{"line":700,"column":2},"end":{"line":760,"column":5}},"174":{"start":{"line":701,"column":4},"end":{"line":701,"column":23}},"175":{"start":{"line":704,"column":21},"end":{"line":704,"column":39}},"176":{"start":{"line":705,"column":4},"end":{"line":717,"column":6}},"177":{"start":{"line":720,"column":20},"end":{"line":720,"column":66}},"178":{"start":{"line":721,"column":4},"end":{"line":721,"column":45}},"179":{"start":{"line":722,"column":4},"end":{"line":722,"column":52}},"180":{"start":{"line":725,"column":4},"end":{"line":727,"column":6}},"181":{"start":{"line":730,"column":4},"end":{"line":742,"column":5}},"182":{"start":{"line":731,"column":6},"end":{"line":731,"column":18}},"183":{"start":{"line":732,"column":6},"end":{"line":732,"column":68}},"184":{"start":{"line":733,"column":6},"end":{"line":736,"column":8}},"185":{"start":{"line":738,"column":6},"end":{"line":741,"column":8}},"186":{"start":{"line":745,"column":4},"end":{"line":748,"column":6}},"187":{"start":{"line":750,"column":4},"end":{"line":752,"column":5}},"188":{"start":{"line":751,"column":6},"end":{"line":751,"column":47}},"189":{"start":{"line":754,"column":4},"end":{"line":754,"column":25}},"190":{"start":{"line":755,"column":4},"end":{"line":755,"column":22}},"191":{"start":{"line":758,"column":20},"end":{"line":758,"column":64}},"192":{"start":{"line":759,"column":4},"end":{"line":759,"column":33}},"193":{"start":{"line":759,"column":17},"end":{"line":759,"column":33}},"194":{"start":{"line":763,"column":2},"end":{"line":763,"column":28}},"195":{"start":{"line":768,"column":18},"end":{"line":768,"column":19}},"196":{"start":{"line":769,"column":15},"end":{"line":769,"column":16}},"197":{"start":{"line":770,"column":13},"end":{"line":770,"column":14}},"198":{"start":{"line":771,"column":14},"end":{"line":771,"column":15}},"199":{"start":{"line":776,"column":20},"end":{"line":776,"column":24}},"200":{"start":{"line":777,"column":2},"end":{"line":779,"column":63}},"201":{"start":{"line":777,"column":43},"end":{"line":777,"column":62}},"202":{"start":{"line":778,"column":7},"end":{"line":779,"column":63}},"203":{"start":{"line":778,"column":50},"end":{"line":778,"column":69}},"204":{"start":{"line":779,"column":7},"end":{"line":779,"column":63}},"205":{"start":{"line":779,"column":45},"end":{"line":779,"column":63}},"206":{"start":{"line":782,"column":21},"end":{"line":782,"column":44}},"207":{"start":{"line":783,"column":2},"end":{"line":783,"column":49}},"208":{"start":{"line":786,"column":25},"end":{"line":786,"column":50}},"209":{"start":{"line":787,"column":24},"end":{"line":787,"column":48}},"210":{"start":{"line":788,"column":2},"end":{"line":788,"column":55}},"211":{"start":{"line":792,"column":20},"end":{"line":792,"column":41}},"212":{"start":{"line":793,"column":26},"end":{"line":793,"column":42}},"213":{"start":{"line":795,"column":28},"end":{"line":795,"column":77}},"214":{"start":{"line":796,"column":2},"end":{"line":796,"column":37}},"215":{"start":{"line":799,"column":2},"end":{"line":803,"column":3}},"216":{"start":{"line":800,"column":4},"end":{"line":800,"column":18}},"217":{"start":{"line":801,"column":9},"end":{"line":803,"column":3}},"218":{"start":{"line":802,"column":4},"end":{"line":802,"column":18}},"219":{"start":{"line":807,"column":2},"end":{"line":810,"column":51}},"220":{"start":{"line":807,"column":40},"end":{"line":807,"column":51}},"221":{"start":{"line":808,"column":7},"end":{"line":810,"column":51}},"222":{"start":{"line":808,"column":48},"end":{"line":808,"column":59}},"223":{"start":{"line":809,"column":7},"end":{"line":810,"column":51}},"224":{"start":{"line":809,"column":45},"end":{"line":809,"column":56}},"225":{"start":{"line":810,"column":7},"end":{"line":810,"column":51}},"226":{"start":{"line":810,"column":40},"end":{"line":810,"column":51}},"227":{"start":{"line":813,"column":2},"end":{"line":814,"column":55}},"228":{"start":{"line":813,"column":40},"end":{"line":813,"column":52}},"229":{"start":{"line":814,"column":7},"end":{"line":814,"column":55}},"230":{"start":{"line":814,"column":42},"end":{"line":814,"column":55}},"231":{"start":{"line":818,"column":2},"end":{"line":820,"column":58}},"232":{"start":{"line":818,"column":46},"end":{"line":818,"column":58}},"233":{"start":{"line":819,"column":7},"end":{"line":820,"column":58}},"234":{"start":{"line":819,"column":48},"end":{"line":819,"column":60}},"235":{"start":{"line":820,"column":7},"end":{"line":820,"column":58}},"236":{"start":{"line":820,"column":46},"end":{"line":820,"column":58}},"237":{"start":{"line":823,"column":2},"end":{"line":824,"column":61}},"238":{"start":{"line":823,"column":38},"end":{"line":823,"column":52}},"239":{"start":{"line":824,"column":7},"end":{"line":824,"column":61}},"240":{"start":{"line":824,"column":47},"end":{"line":824,"column":61}},"241":{"start":{"line":827,"column":2},"end":{"line":827,"column":37}},"242":{"start":{"line":828,"column":2},"end":{"line":828,"column":31}},"243":{"start":{"line":829,"column":2},"end":{"line":829,"column":27}},"244":{"start":{"line":830,"column":2},"end":{"line":830,"column":29}},"245":{"start":{"line":832,"column":16},"end":{"line":832,"column":49}},"246":{"start":{"line":834,"column":2},"end":{"line":840,"column":4}},"247":{"start":{"line":846,"column":4},"end":{"line":847,"column":16}},"248":{"start":{"line":849,"column":4},"end":{"line":849,"column":69}},"249":{"start":{"line":852,"column":20},"end":{"line":852,"column":65}},"250":{"start":{"line":853,"column":2},"end":{"line":859,"column":3}},"251":{"start":{"line":854,"column":4},"end":{"line":858,"column":5}},"252":{"start":{"line":855,"column":6},"end":{"line":855,"column":39}},"253":{"start":{"line":857,"column":6},"end":{"line":857,"column":40}},"254":{"start":{"line":862,"column":4},"end":{"line":862,"column":66}},"255":{"start":{"line":864,"column":4},"end":{"line":864,"column":65}},"256":{"start":{"line":866,"column":4},"end":{"line":866,"column":66}},"257":{"start":{"line":868,"column":4},"end":{"line":869,"column":17}},"258":{"start":{"line":871,"column":4},"end":{"line":871,"column":64}},"259":{"start":{"line":873,"column":4},"end":{"line":874,"column":19}},"260":{"start":{"line":876,"column":4},"end":{"line":876,"column":74}},"261":{"start":{"line":878,"column":4},"end":{"line":879,"column":9}},"262":{"start":{"line":881,"column":4},"end":{"line":882,"column":13}},"263":{"start":{"line":884,"column":21},"end":{"line":896,"column":3}},"264":{"start":{"line":898,"column":14},"end":{"line":898,"column":44}},"265":{"start":{"line":901,"column":19},"end":{"line":901,"column":61}},"266":{"start":{"line":902,"column":2},"end":{"line":902,"column":60}},"267":{"start":{"line":902,"column":16},"end":{"line":902,"column":60}},"268":{"start":{"line":904,"column":23},"end":{"line":904,"column":68}},"269":{"start":{"line":905,"column":2},"end":{"line":905,"column":79}},"270":{"start":{"line":905,"column":20},"end":{"line":905,"column":79}},"271":{"start":{"line":907,"column":20},"end":{"line":907,"column":62}},"272":{"start":{"line":908,"column":2},"end":{"line":908,"column":70}},"273":{"start":{"line":908,"column":17},"end":{"line":908,"column":70}},"274":{"start":{"line":910,"column":18},"end":{"line":910,"column":58}},"275":{"start":{"line":911,"column":2},"end":{"line":911,"column":64}},"276":{"start":{"line":911,"column":15},"end":{"line":911,"column":64}},"277":{"start":{"line":913,"column":19},"end":{"line":913,"column":60}},"278":{"start":{"line":914,"column":2},"end":{"line":914,"column":67}},"279":{"start":{"line":914,"column":16},"end":{"line":914,"column":67}},"280":{"start":{"line":917,"column":23},"end":{"line":917,"column":69}},"281":{"start":{"line":918,"column":2},"end":{"line":930,"column":3}},"282":{"start":{"line":919,"column":23},"end":{"line":919,"column":62}},"283":{"start":{"line":920,"column":4},"end":{"line":920,"column":48}},"284":{"start":{"line":923,"column":4},"end":{"line":929,"column":5}},"285":{"start":{"line":924,"column":6},"end":{"line":924,"column":60}},"286":{"start":{"line":925,"column":11},"end":{"line":929,"column":5}},"287":{"start":{"line":926,"column":6},"end":{"line":926,"column":59}},"288":{"start":{"line":928,"column":6},"end":{"line":928,"column":59}},"289":{"start":{"line":933,"column":25},"end":{"line":933,"column":73}},"290":{"start":{"line":934,"column":2},"end":{"line":948,"column":3}},"291":{"start":{"line":935,"column":4},"end":{"line":947,"column":5}},"292":{"start":{"line":936,"column":6},"end":{"line":937,"column":105}},"293":{"start":{"line":938,"column":11},"end":{"line":947,"column":5}},"294":{"start":{"line":939,"column":6},"end":{"line":940,"column":103}},"295":{"start":{"line":941,"column":11},"end":{"line":947,"column":5}},"296":{"start":{"line":942,"column":6},"end":{"line":943,"column":131}},"297":{"start":{"line":945,"column":6},"end":{"line":946,"column":131}},"298":{"start":{"line":955,"column":2},"end":{"line":955,"column":20}},"299":{"start":{"line":957,"column":29},"end":{"line":957,"column":69}},"300":{"start":{"line":958,"column":29},"end":{"line":960,"column":3}},"301":{"start":{"line":961,"column":24},"end":{"line":961,"column":73}},"302":{"start":{"line":962,"column":23},"end":{"line":962,"column":69}},"303":{"start":{"line":963,"column":28},"end":{"line":965,"column":3}},"304":{"start":{"line":966,"column":26},"end":{"line":966,"column":77}},"305":{"start":{"line":967,"column":26},"end":{"line":967,"column":77}},"306":{"start":{"line":970,"column":24},"end":{"line":970,"column":65}},"307":{"start":{"line":971,"column":2},"end":{"line":975,"column":3}},"308":{"start":{"line":972,"column":4},"end":{"line":974,"column":52}},"309":{"start":{"line":978,"column":23},"end":{"line":978,"column":50}},"310":{"start":{"line":979,"column":2},"end":{"line":982,"column":69}},"311":{"start":{"line":980,"column":4},"end":{"line":982,"column":69}},"312":{"start":{"line":983,"column":2},"end":{"line":986,"column":3}},"313":{"start":{"line":984,"column":28},"end":{"line":984,"column":60}},"314":{"start":{"line":985,"column":4},"end":{"line":985,"column":92}},"315":{"start":{"line":989,"column":2},"end":{"line":1066,"column":3}},"316":{"start":{"line":990,"column":28},"end":{"line":990,"column":64}},"317":{"start":{"line":993,"column":30},"end":{"line":993,"column":59}},"318":{"start":{"line":995,"column":6},"end":{"line":995,"column":78}},"319":{"start":{"line":996,"column":25},"end":{"line":999,"column":5}},"320":{"start":{"line":1001,"column":4},"end":{"line":1002,"column":64}},"321":{"start":{"line":1002,"column":6},"end":{"line":1002,"column":64}},"322":{"start":{"line":1008,"column":20},"end":{"line":1008,"column":62}},"323":{"start":{"line":1009,"column":4},"end":{"line":1022,"column":5}},"324":{"start":{"line":1010,"column":23},"end":{"line":1010,"column":56}},"325":{"start":{"line":1011,"column":21},"end":{"line":1011,"column":45}},"326":{"start":{"line":1012,"column":6},"end":{"line":1012,"column":46}},"327":{"start":{"line":1015,"column":6},"end":{"line":1021,"column":7}},"328":{"start":{"line":1016,"column":8},"end":{"line":1016,"column":48}},"329":{"start":{"line":1017,"column":13},"end":{"line":1021,"column":7}},"330":{"start":{"line":1018,"column":8},"end":{"line":1018,"column":47}},"331":{"start":{"line":1020,"column":8},"end":{"line":1020,"column":47}},"332":{"start":{"line":1024,"column":4},"end":{"line":1035,"column":5}},"333":{"start":{"line":1025,"column":6},"end":{"line":1034,"column":7}},"334":{"start":{"line":1026,"column":8},"end":{"line":1026,"column":63}},"335":{"start":{"line":1027,"column":8},"end":{"line":1027,"column":53}},"336":{"start":{"line":1028,"column":13},"end":{"line":1034,"column":7}},"337":{"start":{"line":1029,"column":8},"end":{"line":1029,"column":52}},"338":{"start":{"line":1030,"column":8},"end":{"line":1030,"column":55}},"339":{"start":{"line":1032,"column":8},"end":{"line":1032,"column":52}},"340":{"start":{"line":1033,"column":8},"end":{"line":1033,"column":52}},"341":{"start":{"line":1038,"column":24},"end":{"line":1038,"column":63}},"342":{"start":{"line":1039,"column":4},"end":{"line":1047,"column":5}},"343":{"start":{"line":1040,"column":6},"end":{"line":1046,"column":7}},"344":{"start":{"line":1041,"column":8},"end":{"line":1041,"column":73}},"345":{"start":{"line":1042,"column":8},"end":{"line":1042,"column":55}},"346":{"start":{"line":1044,"column":8},"end":{"line":1044,"column":83}},"347":{"start":{"line":1045,"column":8},"end":{"line":1045,"column":54}},"348":{"start":{"line":1048,"column":4},"end":{"line":1050,"column":5}},"349":{"start":{"line":1049,"column":6},"end":{"line":1049,"column":74}},"350":{"start":{"line":1053,"column":4},"end":{"line":1053,"column":35}},"351":{"start":{"line":1056,"column":4},"end":{"line":1056,"column":65}},"352":{"start":{"line":1056,"column":28},"end":{"line":1056,"column":65}},"353":{"start":{"line":1057,"column":4},"end":{"line":1058,"column":71}},"354":{"start":{"line":1058,"column":6},"end":{"line":1058,"column":71}},"355":{"start":{"line":1059,"column":4},"end":{"line":1059,"column":60}},"356":{"start":{"line":1059,"column":25},"end":{"line":1059,"column":60}},"357":{"start":{"line":1060,"column":4},"end":{"line":1061,"column":66}},"358":{"start":{"line":1061,"column":6},"end":{"line":1061,"column":66}},"359":{"start":{"line":1064,"column":29},"end":{"line":1064,"column":79}},"360":{"start":{"line":1065,"column":4},"end":{"line":1065,"column":70}},"361":{"start":{"line":1065,"column":26},"end":{"line":1065,"column":70}},"362":{"start":{"line":1069,"column":2},"end":{"line":1069,"column":17}},"363":{"start":{"line":1074,"column":17},"end":{"line":1074,"column":43}},"364":{"start":{"line":1075,"column":20},"end":{"line":1075,"column":50}},"365":{"start":{"line":1076,"column":20},"end":{"line":1076,"column":65}},"366":{"start":{"line":1077,"column":2},"end":{"line":1077,"column":27}},"367":{"start":{"line":1079,"column":21},"end":{"line":1079,"column":23}},"368":{"start":{"line":1082,"column":2},"end":{"line":1087,"column":3}},"369":{"start":{"line":1083,"column":4},"end":{"line":1086,"column":7}},"370":{"start":{"line":1090,"column":2},"end":{"line":1095,"column":3}},"371":{"start":{"line":1091,"column":4},"end":{"line":1094,"column":7}},"372":{"start":{"line":1098,"column":2},"end":{"line":1103,"column":3}},"373":{"start":{"line":1099,"column":4},"end":{"line":1102,"column":7}},"374":{"start":{"line":1106,"column":2},"end":{"line":1111,"column":3}},"375":{"start":{"line":1107,"column":4},"end":{"line":1110,"column":7}},"376":{"start":{"line":1114,"column":2},"end":{"line":1119,"column":3}},"377":{"start":{"line":1115,"column":4},"end":{"line":1118,"column":7}},"378":{"start":{"line":1122,"column":2},"end":{"line":1127,"column":3}},"379":{"start":{"line":1123,"column":4},"end":{"line":1126,"column":7}},"380":{"start":{"line":1130,"column":2},"end":{"line":1143,"column":5}},"381":{"start":{"line":1131,"column":17},"end":{"line":1131,"column":46}},"382":{"start":{"line":1132,"column":4},"end":{"line":1132,"column":48}},"383":{"start":{"line":1134,"column":16},"end":{"line":1134,"column":45}},"384":{"start":{"line":1135,"column":4},"end":{"line":1135,"column":34}},"385":{"start":{"line":1137,"column":17},"end":{"line":1137,"column":44}},"386":{"start":{"line":1138,"column":4},"end":{"line":1138,"column":32}},"387":{"start":{"line":1140,"column":4},"end":{"line":1140,"column":26}},"388":{"start":{"line":1141,"column":4},"end":{"line":1141,"column":27}},"389":{"start":{"line":1142,"column":4},"end":{"line":1142,"column":32}},"390":{"start":{"line":1148,"column":22},"end":{"line":1148,"column":68}},"391":{"start":{"line":1149,"column":20},"end":{"line":1149,"column":55}},"392":{"start":{"line":1150,"column":20},"end":{"line":1150,"column":79}},"393":{"start":{"line":1153,"column":25},"end":{"line":1153,"column":65}},"394":{"start":{"line":1154,"column":2},"end":{"line":1208,"column":3}},"395":{"start":{"line":1155,"column":24},"end":{"line":1155,"column":64}},"396":{"start":{"line":1156,"column":29},"end":{"line":1156,"column":79}},"397":{"start":{"line":1158,"column":4},"end":{"line":1167,"column":5}},"398":{"start":{"line":1159,"column":6},"end":{"line":1166,"column":7}},"399":{"start":{"line":1160,"column":8},"end":{"line":1160,"column":49}},"400":{"start":{"line":1161,"column":8},"end":{"line":1161,"column":50}},"401":{"start":{"line":1163,"column":8},"end":{"line":1163,"column":52}},"402":{"start":{"line":1164,"column":8},"end":{"line":1164,"column":47}},"403":{"start":{"line":1165,"column":8},"end":{"line":1165,"column":15}},"404":{"start":{"line":1170,"column":4},"end":{"line":1172,"column":5}},"405":{"start":{"line":1171,"column":6},"end":{"line":1171,"column":33}},"406":{"start":{"line":1174,"column":17},"end":{"line":1174,"column":47}},"407":{"start":{"line":1175,"column":4},"end":{"line":1207,"column":7}},"408":{"start":{"line":1211,"column":22},"end":{"line":1211,"column":59}},"409":{"start":{"line":1212,"column":2},"end":{"line":1288,"column":3}},"410":{"start":{"line":1213,"column":4},"end":{"line":1215,"column":5}},"411":{"start":{"line":1214,"column":6},"end":{"line":1214,"column":30}},"412":{"start":{"line":1218,"column":4},"end":{"line":1222,"column":5}},"413":{"start":{"line":1219,"column":6},"end":{"line":1221,"column":8}},"414":{"start":{"line":1224,"column":19},"end":{"line":1224,"column":55}},"415":{"start":{"line":1224,"column":47},"end":{"line":1224,"column":54}},"416":{"start":{"line":1225,"column":21},"end":{"line":1225,"column":61}},"417":{"start":{"line":1225,"column":49},"end":{"line":1225,"column":60}},"418":{"start":{"line":1227,"column":4},"end":{"line":1287,"column":7}},"419":{"start":{"line":1242,"column":28},"end":{"line":1242,"column":41}},"420":{"start":{"line":1243,"column":41},"end":{"line":1243,"column":46}},"421":{"start":{"line":1244,"column":14},"end":{"line":1244,"column":42}},"422":{"start":{"line":1244,"column":30},"end":{"line":1244,"column":42}},"423":{"start":{"line":1245,"column":31},"end":{"line":1250,"column":15}},"424":{"start":{"line":1251,"column":14},"end":{"line":1251,"column":66}},"425":{"start":{"line":1252,"column":14},"end":{"line":1252,"column":66}},"426":{"start":{"line":1253,"column":14},"end":{"line":1253,"column":30}},"427":{"start":{"line":1295,"column":24},"end":{"line":1295,"column":67}},"428":{"start":{"line":1296,"column":2},"end":{"line":1296,"column":29}},"429":{"start":{"line":1296,"column":22},"end":{"line":1296,"column":29}},"430":{"start":{"line":1297,"column":2},"end":{"line":1297,"column":31}},"431":{"start":{"line":1300,"column":20},"end":{"line":1300,"column":66}},"432":{"start":{"line":1302,"column":2},"end":{"line":1355,"column":5}},"433":{"start":{"line":1303,"column":22},"end":{"line":1303,"column":75}},"434":{"start":{"line":1305,"column":16},"end":{"line":1305,"column":45}},"435":{"start":{"line":1306,"column":4},"end":{"line":1306,"column":65}},"436":{"start":{"line":1307,"column":4},"end":{"line":1307,"column":48}},"437":{"start":{"line":1309,"column":20},"end":{"line":1309,"column":49}},"438":{"start":{"line":1310,"column":4},"end":{"line":1310,"column":37}},"439":{"start":{"line":1312,"column":23},"end":{"line":1312,"column":54}},"440":{"start":{"line":1313,"column":4},"end":{"line":1313,"column":53}},"441":{"start":{"line":1315,"column":18},"end":{"line":1315,"column":49}},"442":{"start":{"line":1316,"column":4},"end":{"line":1316,"column":28}},"443":{"start":{"line":1317,"column":4},"end":{"line":1317,"column":30}},"444":{"start":{"line":1320,"column":4},"end":{"line":1322,"column":7}},"445":{"start":{"line":1321,"column":6},"end":{"line":1321,"column":53}},"446":{"start":{"line":1324,"column":22},"end":{"line":1324,"column":52}},"447":{"start":{"line":1325,"column":4},"end":{"line":1325,"column":47}},"448":{"start":{"line":1327,"column":4},"end":{"line":1327,"column":34}},"449":{"start":{"line":1328,"column":4},"end":{"line":1328,"column":38}},"450":{"start":{"line":1330,"column":20},"end":{"line":1330,"column":49}},"451":{"start":{"line":1331,"column":4},"end":{"line":1331,"column":37}},"452":{"start":{"line":1333,"column":21},"end":{"line":1333,"column":51}},"453":{"start":{"line":1334,"column":4},"end":{"line":1334,"column":38}},"454":{"start":{"line":1335,"column":4},"end":{"line":1335,"column":38}},"455":{"start":{"line":1337,"column":23},"end":{"line":1337,"column":53}},"456":{"start":{"line":1338,"column":4},"end":{"line":1338,"column":46}},"457":{"start":{"line":1339,"column":4},"end":{"line":1339,"column":107}},"458":{"start":{"line":1341,"column":4},"end":{"line":1341,"column":34}},"459":{"start":{"line":1342,"column":4},"end":{"line":1342,"column":36}},"460":{"start":{"line":1344,"column":4},"end":{"line":1344,"column":36}},"461":{"start":{"line":1345,"column":4},"end":{"line":1345,"column":33}},"462":{"start":{"line":1347,"column":18},"end":{"line":1347,"column":47}},"463":{"start":{"line":1348,"column":4},"end":{"line":1348,"column":43}},"464":{"start":{"line":1349,"column":4},"end":{"line":1349,"column":72}},"465":{"start":{"line":1351,"column":4},"end":{"line":1351,"column":29}},"466":{"start":{"line":1352,"column":4},"end":{"line":1352,"column":27}},"467":{"start":{"line":1354,"column":4},"end":{"line":1354,"column":35}},"468":{"start":{"line":1357,"column":2},"end":{"line":1357,"column":23}},"469":{"start":{"line":1358,"column":2},"end":{"line":1358,"column":24}},"470":{"start":{"line":1363,"column":23},"end":{"line":1363,"column":75}},"471":{"start":{"line":1365,"column":2},"end":{"line":1412,"column":3}},"472":{"start":{"line":1366,"column":4},"end":{"line":1394,"column":5}},"473":{"start":{"line":1367,"column":6},"end":{"line":1367,"column":56}},"474":{"start":{"line":1368,"column":6},"end":{"line":1368,"column":51}},"475":{"start":{"line":1371,"column":6},"end":{"line":1371,"column":66}},"476":{"start":{"line":1374,"column":6},"end":{"line":1379,"column":9}},"477":{"start":{"line":1382,"column":6},"end":{"line":1382,"column":29}},"478":{"start":{"line":1385,"column":6},"end":{"line":1387,"column":7}},"479":{"start":{"line":1386,"column":8},"end":{"line":1386,"column":49}},"480":{"start":{"line":1388,"column":6},"end":{"line":1390,"column":7}},"481":{"start":{"line":1389,"column":8},"end":{"line":1389,"column":49}},"482":{"start":{"line":1391,"column":6},"end":{"line":1393,"column":7}},"483":{"start":{"line":1392,"column":8},"end":{"line":1392,"column":49}},"484":{"start":{"line":1396,"column":4},"end":{"line":1411,"column":5}},"485":{"start":{"line":1397,"column":6},"end":{"line":1397,"column":65}},"486":{"start":{"line":1398,"column":6},"end":{"line":1401,"column":8}},"487":{"start":{"line":1404,"column":6},"end":{"line":1404,"column":72}},"488":{"start":{"line":1407,"column":6},"end":{"line":1407,"column":38}},"489":{"start":{"line":1409,"column":6},"end":{"line":1409,"column":27}},"490":{"start":{"line":1410,"column":6},"end":{"line":1410,"column":24}},"491":{"start":{"line":1415,"column":19},"end":{"line":1417,"column":3}},"492":{"start":{"line":1418,"column":2},"end":{"line":1421,"column":3}},"493":{"start":{"line":1419,"column":4},"end":{"line":1420,"column":48}},"494":{"start":{"line":1419,"column":19},"end":{"line":1419,"column":55}},"495":{"start":{"line":1420,"column":9},"end":{"line":1420,"column":48}},"496":{"start":{"line":1423,"column":2},"end":{"line":1423,"column":24}},"497":{"start":{"line":1427,"column":21},"end":{"line":1427,"column":69}},"498":{"start":{"line":1428,"column":0},"end":{"line":1481,"column":1}},"499":{"start":{"line":1429,"column":2},"end":{"line":1480,"column":5}},"500":{"start":{"line":1430,"column":22},"end":{"line":1430,"column":67}},"501":{"start":{"line":1431,"column":25},"end":{"line":1431,"column":72}},"502":{"start":{"line":1433,"column":4},"end":{"line":1439,"column":5}},"503":{"start":{"line":1434,"column":6},"end":{"line":1437,"column":8}},"504":{"start":{"line":1438,"column":6},"end":{"line":1438,"column":13}},"505":{"start":{"line":1441,"column":17},"end":{"line":1441,"column":39}},"506":{"start":{"line":1442,"column":20},"end":{"line":1442,"column":50}},"507":{"start":{"line":1443,"column":19},"end":{"line":1443,"column":21}},"508":{"start":{"line":1444,"column":4},"end":{"line":1445,"column":43}},"509":{"start":{"line":1444,"column":24},"end":{"line":1444,"column":38}},"510":{"start":{"line":1445,"column":9},"end":{"line":1445,"column":43}},"511":{"start":{"line":1445,"column":29},"end":{"line":1445,"column":43}},"512":{"start":{"line":1447,"column":24},"end":{"line":1454,"column":5}},"513":{"start":{"line":1457,"column":4},"end":{"line":1457,"column":45}},"514":{"start":{"line":1460,"column":4},"end":{"line":1460,"column":60}},"515":{"start":{"line":1461,"column":4},"end":{"line":1461,"column":55}},"516":{"start":{"line":1464,"column":4},"end":{"line":1468,"column":6}},"517":{"start":{"line":1469,"column":4},"end":{"line":1469,"column":33}},"518":{"start":{"line":1472,"column":4},"end":{"line":1472,"column":25}},"519":{"start":{"line":1475,"column":4},"end":{"line":1475,"column":28}},"520":{"start":{"line":1476,"column":4},"end":{"line":1479,"column":6}},"521":{"start":{"line":1484,"column":23},"end":{"line":1484,"column":66}},"522":{"start":{"line":1485,"column":0},"end":{"line":1492,"column":1}},"523":{"start":{"line":1486,"column":2},"end":{"line":1491,"column":5}},"524":{"start":{"line":1487,"column":4},"end":{"line":1487,"column":44}},"525":{"start":{"line":1488,"column":4},"end":{"line":1488,"column":25}},"526":{"start":{"line":1489,"column":4},"end":{"line":1489,"column":28}},"527":{"start":{"line":1490,"column":4},"end":{"line":1490,"column":76}},"528":{"start":{"line":1496,"column":23},"end":{"line":1496,"column":65}},"529":{"start":{"line":1497,"column":20},"end":{"line":1497,"column":62}},"530":{"start":{"line":1498,"column":32},"end":{"line":1500,"column":3}},"531":{"start":{"line":1502,"column":19},"end":{"line":1502,"column":20}},"532":{"start":{"line":1503,"column":16},"end":{"line":1503,"column":17}},"533":{"start":{"line":1505,"column":20},"end":{"line":1505,"column":66}},"534":{"start":{"line":1507,"column":2},"end":{"line":1513,"column":5}},"535":{"start":{"line":1508,"column":18},"end":{"line":1508,"column":53}},"536":{"start":{"line":1508,"column":40},"end":{"line":1508,"column":52}},"537":{"start":{"line":1509,"column":4},"end":{"line":1512,"column":5}},"538":{"start":{"line":1510,"column":6},"end":{"line":1510,"column":34}},"539":{"start":{"line":1511,"column":6},"end":{"line":1511,"column":32}},"540":{"start":{"line":1515,"column":2},"end":{"line":1515,"column":69}},"541":{"start":{"line":1515,"column":20},"end":{"line":1515,"column":69}},"542":{"start":{"line":1516,"column":2},"end":{"line":1516,"column":49}},"543":{"start":{"line":1516,"column":17},"end":{"line":1516,"column":49}},"544":{"start":{"line":1518,"column":2},"end":{"line":1527,"column":3}},"545":{"start":{"line":1519,"column":4},"end":{"line":1526,"column":5}},"546":{"start":{"line":1520,"column":6},"end":{"line":1521,"column":78}},"547":{"start":{"line":1523,"column":29},"end":{"line":1523,"column":58}},"548":{"start":{"line":1524,"column":27},"end":{"line":1524,"column":57}},"549":{"start":{"line":1525,"column":6},"end":{"line":1525,"column":271}},"550":{"start":{"line":1530,"column":20},"end":{"line":1530,"column":70}},"551":{"start":{"line":1531,"column":2},"end":{"line":1533,"column":3}},"552":{"start":{"line":1532,"column":4},"end":{"line":1532,"column":100}},"553":{"start":{"line":1538,"column":20},"end":{"line":1538,"column":60}},"554":{"start":{"line":1539,"column":2},"end":{"line":1539,"column":25}},"555":{"start":{"line":1539,"column":18},"end":{"line":1539,"column":25}},"556":{"start":{"line":1542,"column":19},"end":{"line":1542,"column":61}},"557":{"start":{"line":1543,"column":2},"end":{"line":1543,"column":48}},"558":{"start":{"line":1543,"column":16},"end":{"line":1543,"column":48}},"559":{"start":{"line":1545,"column":15},"end":{"line":1545,"column":44}},"560":{"start":{"line":1546,"column":2},"end":{"line":1546,"column":35}},"561":{"start":{"line":1547,"column":2},"end":{"line":1547,"column":47}},"562":{"start":{"line":1549,"column":18},"end":{"line":1549,"column":47}},"563":{"start":{"line":1550,"column":2},"end":{"line":1550,"column":42}},"564":{"start":{"line":1551,"column":2},"end":{"line":1551,"column":52}},"565":{"start":{"line":1553,"column":18},"end":{"line":1553,"column":47}},"566":{"start":{"line":1554,"column":2},"end":{"line":1554,"column":38}},"567":{"start":{"line":1555,"column":2},"end":{"line":1555,"column":91}},"568":{"start":{"line":1557,"column":19},"end":{"line":1557,"column":49}},"569":{"start":{"line":1558,"column":2},"end":{"line":1558,"column":39}},"570":{"start":{"line":1559,"column":2},"end":{"line":1562,"column":5}},"571":{"start":{"line":1564,"column":2},"end":{"line":1564,"column":28}},"572":{"start":{"line":1565,"column":2},"end":{"line":1565,"column":28}},"573":{"start":{"line":1566,"column":2},"end":{"line":1566,"column":29}},"574":{"start":{"line":1569,"column":2},"end":{"line":1569,"column":53}},"575":{"start":{"line":1570,"column":2},"end":{"line":1570,"column":23}},"576":{"start":{"line":1574,"column":20},"end":{"line":1574,"column":60}},"577":{"start":{"line":1575,"column":2},"end":{"line":1575,"column":25}},"578":{"start":{"line":1575,"column":18},"end":{"line":1575,"column":25}},"579":{"start":{"line":1577,"column":15},"end":{"line":1579,"column":3}},"580":{"start":{"line":1580,"column":2},"end":{"line":1582,"column":3}},"581":{"start":{"line":1581,"column":4},"end":{"line":1581,"column":32}},"582":{"start":{"line":1584,"column":2},"end":{"line":1591,"column":3}},"583":{"start":{"line":1589,"column":21},"end":{"line":1589,"column":63}},"584":{"start":{"line":1590,"column":4},"end":{"line":1590,"column":51}},"585":{"start":{"line":1590,"column":18},"end":{"line":1590,"column":51}},"586":{"start":{"line":1598,"column":20},"end":{"line":1598,"column":62}},"587":{"start":{"line":1599,"column":2},"end":{"line":1599,"column":25}},"588":{"start":{"line":1599,"column":18},"end":{"line":1599,"column":25}},"589":{"start":{"line":1600,"column":2},"end":{"line":1600,"column":27}},"590":{"start":{"line":1602,"column":2},"end":{"line":1725,"column":5}},"591":{"start":{"line":1603,"column":17},"end":{"line":1603,"column":46}},"592":{"start":{"line":1604,"column":4},"end":{"line":1604,"column":43}},"593":{"start":{"line":1606,"column":16},"end":{"line":1606,"column":45}},"594":{"start":{"line":1607,"column":4},"end":{"line":1607,"column":36}},"595":{"start":{"line":1609,"column":20},"end":{"line":1609,"column":49}},"596":{"start":{"line":1610,"column":4},"end":{"line":1610,"column":50}},"597":{"start":{"line":1611,"column":4},"end":{"line":1611,"column":61}},"598":{"start":{"line":1613,"column":20},"end":{"line":1613,"column":49}},"599":{"start":{"line":1614,"column":4},"end":{"line":1614,"column":44}},"600":{"start":{"line":1616,"column":18},"end":{"line":1616,"column":47}},"601":{"start":{"line":1617,"column":4},"end":{"line":1617,"column":40}},"602":{"start":{"line":1618,"column":4},"end":{"line":1618,"column":35}},"603":{"start":{"line":1620,"column":17},"end":{"line":1620,"column":46}},"604":{"start":{"line":1621,"column":4},"end":{"line":1621,"column":38}},"605":{"start":{"line":1622,"column":4},"end":{"line":1622,"column":33}},"606":{"start":{"line":1624,"column":4},"end":{"line":1624,"column":31}},"607":{"start":{"line":1625,"column":4},"end":{"line":1625,"column":30}},"608":{"start":{"line":1627,"column":20},"end":{"line":1627,"column":49}},"609":{"start":{"line":1628,"column":4},"end":{"line":1628,"column":44}},"610":{"start":{"line":1629,"column":4},"end":{"line":1632,"column":10}},"611":{"start":{"line":1634,"column":4},"end":{"line":1634,"column":29}},"612":{"start":{"line":1635,"column":4},"end":{"line":1635,"column":29}},"613":{"start":{"line":1636,"column":4},"end":{"line":1636,"column":29}},"614":{"start":{"line":1637,"column":4},"end":{"line":1637,"column":26}},"615":{"start":{"line":1640,"column":4},"end":{"line":1722,"column":5}},"616":{"start":{"line":1641,"column":21},"end":{"line":1641,"column":50}},"617":{"start":{"line":1642,"column":6},"end":{"line":1642,"column":44}},"618":{"start":{"line":1644,"column":23},"end":{"line":1644,"column":52}},"619":{"start":{"line":1645,"column":6},"end":{"line":1645,"column":53}},"620":{"start":{"line":1647,"column":23},"end":{"line":1647,"column":52}},"621":{"start":{"line":1648,"column":6},"end":{"line":1648,"column":53}},"622":{"start":{"line":1650,"column":16},"end":{"line":1650,"column":17}},"623":{"start":{"line":1651,"column":24},"end":{"line":1651,"column":26}},"624":{"start":{"line":1653,"column":6},"end":{"line":1663,"column":7}},"625":{"start":{"line":1654,"column":8},"end":{"line":1654,"column":18}},"626":{"start":{"line":1655,"column":8},"end":{"line":1655,"column":34}},"627":{"start":{"line":1656,"column":13},"end":{"line":1663,"column":7}},"628":{"start":{"line":1657,"column":27},"end":{"line":1657,"column":66}},"629":{"start":{"line":1658,"column":8},"end":{"line":1658,"column":65}},"630":{"start":{"line":1659,"column":8},"end":{"line":1659,"column":60}},"631":{"start":{"line":1661,"column":8},"end":{"line":1661,"column":65}},"632":{"start":{"line":1662,"column":8},"end":{"line":1662,"column":58}},"633":{"start":{"line":1665,"column":6},"end":{"line":1668,"column":14}},"634":{"start":{"line":1670,"column":24},"end":{"line":1670,"column":53}},"635":{"start":{"line":1671,"column":6},"end":{"line":1671,"column":56}},"636":{"start":{"line":1673,"column":26},"end":{"line":1673,"column":55}},"637":{"start":{"line":1674,"column":6},"end":{"line":1674,"column":60}},"638":{"start":{"line":1675,"column":6},"end":{"line":1675,"column":42}},"639":{"start":{"line":1677,"column":6},"end":{"line":1677,"column":41}},"640":{"start":{"line":1678,"column":6},"end":{"line":1678,"column":37}},"641":{"start":{"line":1679,"column":6},"end":{"line":1679,"column":38}},"642":{"start":{"line":1680,"column":6},"end":{"line":1680,"column":35}},"643":{"start":{"line":1683,"column":6},"end":{"line":1698,"column":7}},"644":{"start":{"line":1684,"column":27},"end":{"line":1684,"column":57}},"645":{"start":{"line":1685,"column":8},"end":{"line":1685,"column":66}},"646":{"start":{"line":1686,"column":8},"end":{"line":1686,"column":50}},"647":{"start":{"line":1687,"column":8},"end":{"line":1687,"column":56}},"648":{"start":{"line":1688,"column":8},"end":{"line":1688,"column":78}},"649":{"start":{"line":1689,"column":8},"end":{"line":1689,"column":39}},"650":{"start":{"line":1691,"column":25},"end":{"line":1691,"column":57}},"651":{"start":{"line":1692,"column":8},"end":{"line":1692,"column":54}},"652":{"start":{"line":1693,"column":8},"end":{"line":1693,"column":48}},"653":{"start":{"line":1694,"column":8},"end":{"line":1696,"column":11}},"654":{"start":{"line":1695,"column":10},"end":{"line":1695,"column":39}},"655":{"start":{"line":1697,"column":8},"end":{"line":1697,"column":37}},"656":{"start":{"line":1700,"column":6},"end":{"line":1700,"column":31}},"657":{"start":{"line":1703,"column":21},"end":{"line":1703,"column":50}},"658":{"start":{"line":1704,"column":6},"end":{"line":1704,"column":44}},"659":{"start":{"line":1705,"column":6},"end":{"line":1705,"column":39}},"660":{"start":{"line":1707,"column":22},"end":{"line":1707,"column":54}},"661":{"start":{"line":1708,"column":6},"end":{"line":1708,"column":61}},"662":{"start":{"line":1709,"column":6},"end":{"line":1709,"column":45}},"663":{"start":{"line":1710,"column":6},"end":{"line":1718,"column":9}},"664":{"start":{"line":1711,"column":8},"end":{"line":1711,"column":29}},"665":{"start":{"line":1712,"column":8},"end":{"line":1712,"column":29}},"666":{"start":{"line":1713,"column":8},"end":{"line":1713,"column":36}},"667":{"start":{"line":1714,"column":8},"end":{"line":1717,"column":10}},"668":{"start":{"line":1720,"column":6},"end":{"line":1720,"column":34}},"669":{"start":{"line":1721,"column":6},"end":{"line":1721,"column":31}},"670":{"start":{"line":1724,"column":4},"end":{"line":1724,"column":32}},"671":{"start":{"line":1727,"column":2},"end":{"line":1727,"column":22}},"672":{"start":{"line":1728,"column":2},"end":{"line":1728,"column":23}},"673":{"start":{"line":1733,"column":2},"end":{"line":1733,"column":31}},"674":{"start":{"line":1733,"column":24},"end":{"line":1733,"column":31}},"675":{"start":{"line":1735,"column":2},"end":{"line":1751,"column":3}},"676":{"start":{"line":1736,"column":18},"end":{"line":1736,"column":57}},"677":{"start":{"line":1737,"column":4},"end":{"line":1744,"column":5}},"678":{"start":{"line":1738,"column":6},"end":{"line":1738,"column":30}},"679":{"start":{"line":1740,"column":6},"end":{"line":1743,"column":8}},"680":{"start":{"line":1747,"column":4},"end":{"line":1750,"column":6}},"681":{"start":{"line":1756,"column":15},"end":{"line":1756,"column":63}},"682":{"start":{"line":1756,"column":47},"end":{"line":1756,"column":62}},"683":{"start":{"line":1757,"column":2},"end":{"line":1757,"column":58}},"684":{"start":{"line":1757,"column":51},"end":{"line":1757,"column":58}},"685":{"start":{"line":1759,"column":2},"end":{"line":1772,"column":3}},"686":{"start":{"line":1760,"column":4},"end":{"line":1762,"column":5}},"687":{"start":{"line":1761,"column":6},"end":{"line":1761,"column":30}},"688":{"start":{"line":1765,"column":4},"end":{"line":1765,"column":45}},"689":{"start":{"line":1766,"column":4},"end":{"line":1771,"column":5}},"690":{"start":{"line":1767,"column":6},"end":{"line":1767,"column":30}},"691":{"start":{"line":1769,"column":6},"end":{"line":1769,"column":27}},"692":{"start":{"line":1770,"column":6},"end":{"line":1770,"column":34}},"693":{"start":{"line":1777,"column":2},"end":{"line":1777,"column":26}},"694":{"start":{"line":1778,"column":2},"end":{"line":1778,"column":30}},"695":{"start":{"line":1781,"column":2},"end":{"line":1783,"column":3}},"696":{"start":{"line":1782,"column":4},"end":{"line":1782,"column":47}},"697":{"start":{"line":1786,"column":2},"end":{"line":1786,"column":24}},"698":{"start":{"line":1789,"column":2},"end":{"line":1789,"column":31}},"699":{"start":{"line":1791,"column":2},"end":{"line":1794,"column":4}},"700":{"start":{"line":1796,"column":2},"end":{"line":1796,"column":23}},"701":{"start":{"line":1797,"column":2},"end":{"line":1797,"column":30}},"702":{"start":{"line":1802,"column":16},"end":{"line":1802,"column":54}},"703":{"start":{"line":1803,"column":2},"end":{"line":1803,"column":21}},"704":{"start":{"line":1803,"column":14},"end":{"line":1803,"column":21}},"705":{"start":{"line":1804,"column":2},"end":{"line":1804,"column":23}},"706":{"start":{"line":1806,"column":2},"end":{"line":1833,"column":5}},"707":{"start":{"line":1807,"column":18},"end":{"line":1807,"column":35}},"708":{"start":{"line":1808,"column":23},"end":{"line":1808,"column":60}},"709":{"start":{"line":1810,"column":17},"end":{"line":1810,"column":46}},"710":{"start":{"line":1811,"column":4},"end":{"line":1811,"column":64}},"711":{"start":{"line":1812,"column":4},"end":{"line":1812,"column":77}},"712":{"start":{"line":1814,"column":20},"end":{"line":1814,"column":49}},"713":{"start":{"line":1815,"column":4},"end":{"line":1815,"column":56}},"714":{"start":{"line":1816,"column":4},"end":{"line":1816,"column":84}},"715":{"start":{"line":1818,"column":18},"end":{"line":1818,"column":47}},"716":{"start":{"line":1819,"column":4},"end":{"line":1819,"column":36}},"717":{"start":{"line":1820,"column":4},"end":{"line":1820,"column":35}},"718":{"start":{"line":1822,"column":4},"end":{"line":1822,"column":30}},"719":{"start":{"line":1823,"column":4},"end":{"line":1823,"column":28}},"720":{"start":{"line":1825,"column":4},"end":{"line":1830,"column":5}},"721":{"start":{"line":1826,"column":23},"end":{"line":1826,"column":53}},"722":{"start":{"line":1827,"column":6},"end":{"line":1827,"column":47}},"723":{"start":{"line":1828,"column":6},"end":{"line":1828,"column":40}},"724":{"start":{"line":1829,"column":6},"end":{"line":1829,"column":33}},"725":{"start":{"line":1832,"column":4},"end":{"line":1832,"column":28}},"726":{"start":{"line":1835,"column":2},"end":{"line":1835,"column":23}},"727":{"start":{"line":1843,"column":24},"end":{"line":1843,"column":70}},"728":{"start":{"line":1844,"column":21},"end":{"line":1844,"column":64}},"729":{"start":{"line":1845,"column":23},"end":{"line":1845,"column":68}},"730":{"start":{"line":1846,"column":23},"end":{"line":1846,"column":68}},"731":{"start":{"line":1848,"column":22},"end":{"line":1877,"column":3}},"732":{"start":{"line":1879,"column":2},"end":{"line":1900,"column":5}},"733":{"start":{"line":1880,"column":4},"end":{"line":1899,"column":5}},"734":{"start":{"line":1881,"column":6},"end":{"line":1898,"column":9}},"735":{"start":{"line":1882,"column":8},"end":{"line":1883,"column":34}},"736":{"start":{"line":1886,"column":21},"end":{"line":1886,"column":31}},"737":{"start":{"line":1888,"column":8},"end":{"line":1893,"column":9}},"738":{"start":{"line":1892,"column":10},"end":{"line":1892,"column":72}},"739":{"start":{"line":1894,"column":25},"end":{"line":1894,"column":46}},"740":{"start":{"line":1895,"column":8},"end":{"line":1895,"column":77}},"741":{"start":{"line":1897,"column":8},"end":{"line":1897,"column":38}},"742":{"start":{"line":1903,"column":23},"end":{"line":1903,"column":64}},"743":{"start":{"line":1904,"column":28},"end":{"line":1904,"column":74}},"744":{"start":{"line":1905,"column":27},"end":{"line":1905,"column":72}},"745":{"start":{"line":1906,"column":30},"end":{"line":1906,"column":78}},"746":{"start":{"line":1908,"column":2},"end":{"line":1910,"column":3}},"747":{"start":{"line":1909,"column":4},"end":{"line":1909,"column":54}},"748":{"start":{"line":1912,"column":22},"end":{"line":1912,"column":62}},"749":{"start":{"line":1913,"column":2},"end":{"line":1915,"column":3}},"750":{"start":{"line":1914,"column":4},"end":{"line":1914,"column":60}},"751":{"start":{"line":1917,"column":25},"end":{"line":1917,"column":68}},"752":{"start":{"line":1918,"column":2},"end":{"line":1920,"column":3}},"753":{"start":{"line":1919,"column":4},"end":{"line":1919,"column":56}},"754":{"start":{"line":1926,"column":4},"end":{"line":1926,"column":73}},"755":{"start":{"line":1928,"column":4},"end":{"line":1928,"column":70}},"756":{"start":{"line":1930,"column":4},"end":{"line":1930,"column":72}},"757":{"start":{"line":1932,"column":4},"end":{"line":1932,"column":72}},"758":{"start":{"line":1934,"column":23},"end":{"line":1934,"column":40}},"759":{"start":{"line":1935,"column":20},"end":{"line":1935,"column":34}},"760":{"start":{"line":1936,"column":22},"end":{"line":1936,"column":39}},"761":{"start":{"line":1938,"column":21},"end":{"line":1938,"column":25}},"762":{"start":{"line":1939,"column":2},"end":{"line":1941,"column":3}},"763":{"start":{"line":1940,"column":4},"end":{"line":1940,"column":72}},"764":{"start":{"line":1942,"column":22},"end":{"line":1942,"column":46}},"765":{"start":{"line":1945,"column":18},"end":{"line":1945,"column":70}},"766":{"start":{"line":1947,"column":22},"end":{"line":1947,"column":36}},"767":{"start":{"line":1949,"column":28},"end":{"line":1949,"column":71}},"768":{"start":{"line":1950,"column":2},"end":{"line":1952,"column":3}},"769":{"start":{"line":1951,"column":4},"end":{"line":1951,"column":59}},"770":{"start":{"line":1957,"column":2},"end":{"line":1957,"column":41}},"771":{"start":{"line":1958,"column":2},"end":{"line":1958,"column":26}},"772":{"start":{"line":1959,"column":2},"end":{"line":1959,"column":29}},"773":{"start":{"line":1961,"column":2},"end":{"line":1961,"column":73}},"774":{"start":{"line":1962,"column":2},"end":{"line":1962,"column":75}},"775":{"start":{"line":1963,"column":2},"end":{"line":1963,"column":75}},"776":{"start":{"line":1965,"column":2},"end":{"line":1965,"column":21}},"777":{"start":{"line":1969,"column":15},"end":{"line":1969,"column":28}},"778":{"start":{"line":1970,"column":19},"end":{"line":1970,"column":60}},"779":{"start":{"line":1973,"column":2},"end":{"line":1973,"column":67}},"780":{"start":{"line":1974,"column":2},"end":{"line":1974,"column":74}},"781":{"start":{"line":1977,"column":2},"end":{"line":1978,"column":53}},"782":{"start":{"line":1979,"column":2},"end":{"line":1980,"column":58}},"783":{"start":{"line":1981,"column":2},"end":{"line":1981,"column":73}},"784":{"start":{"line":1984,"column":23},"end":{"line":1984,"column":68}},"785":{"start":{"line":1985,"column":2},"end":{"line":1988,"column":3}},"786":{"start":{"line":1986,"column":16},"end":{"line":1986,"column":59}},"787":{"start":{"line":1987,"column":4},"end":{"line":1987,"column":41}},"788":{"start":{"line":1991,"column":27},"end":{"line":1991,"column":71}},"789":{"start":{"line":1992,"column":2},"end":{"line":1992,"column":34}},"790":{"start":{"line":1994,"column":2},"end":{"line":2002,"column":5}},"791":{"start":{"line":1995,"column":19},"end":{"line":1995,"column":51}},"792":{"start":{"line":1996,"column":4},"end":{"line":1996,"column":41}},"793":{"start":{"line":1997,"column":4},"end":{"line":1997,"column":29}},"794":{"start":{"line":1998,"column":4},"end":{"line":2000,"column":7}},"795":{"start":{"line":1999,"column":6},"end":{"line":1999,"column":30}},"796":{"start":{"line":2001,"column":4},"end":{"line":2001,"column":41}},"797":{"start":{"line":2006,"column":15},"end":{"line":2006,"column":28}},"798":{"start":{"line":2007,"column":19},"end":{"line":2007,"column":60}},"799":{"start":{"line":2010,"column":27},"end":{"line":2010,"column":71}},"800":{"start":{"line":2011,"column":24},"end":{"line":2011,"column":77}},"801":{"start":{"line":2012,"column":2},"end":{"line":2012,"column":56}},"802":{"start":{"line":2012,"column":34},"end":{"line":2012,"column":53}},"803":{"start":{"line":2014,"column":20},"end":{"line":2014,"column":59}},"804":{"start":{"line":2017,"column":2},"end":{"line":2019,"column":4}},"805":{"start":{"line":2020,"column":2},"end":{"line":2022,"column":3}},"806":{"start":{"line":2021,"column":4},"end":{"line":2021,"column":66}},"807":{"start":{"line":2025,"column":25},"end":{"line":2025,"column":72}},"808":{"start":{"line":2026,"column":27},"end":{"line":2026,"column":71}},"809":{"start":{"line":2027,"column":26},"end":{"line":2027,"column":69}},"810":{"start":{"line":2029,"column":2},"end":{"line":2029,"column":44}},"811":{"start":{"line":2031,"column":2},"end":{"line":2048,"column":3}},"812":{"start":{"line":2032,"column":4},"end":{"line":2032,"column":20}},"813":{"start":{"line":2033,"column":4},"end":{"line":2033,"column":24}},"814":{"start":{"line":2034,"column":4},"end":{"line":2034,"column":61}},"815":{"start":{"line":2035,"column":4},"end":{"line":2035,"column":36}},"816":{"start":{"line":2036,"column":4},"end":{"line":2036,"column":62}},"817":{"start":{"line":2039,"column":4},"end":{"line":2043,"column":7}},"818":{"start":{"line":2045,"column":4},"end":{"line":2045,"column":58}},"819":{"start":{"line":2046,"column":4},"end":{"line":2046,"column":51}},"820":{"start":{"line":2047,"column":4},"end":{"line":2047,"column":54}},"821":{"start":{"line":2050,"column":2},"end":{"line":2050,"column":53}},"822":{"start":{"line":2053,"column":2},"end":{"line":2053,"column":70}},"823":{"start":{"line":2057,"column":2},"end":{"line":2057,"column":42}},"824":{"start":{"line":2058,"column":2},"end":{"line":2062,"column":3}},"825":{"start":{"line":2059,"column":4},"end":{"line":2059,"column":23}},"826":{"start":{"line":2061,"column":4},"end":{"line":2061,"column":22}},"827":{"start":{"line":2066,"column":2},"end":{"line":2066,"column":72}},"828":{"start":{"line":2067,"column":2},"end":{"line":2067,"column":78}},"829":{"start":{"line":2069,"column":23},"end":{"line":2069,"column":71}},"830":{"start":{"line":2070,"column":20},"end":{"line":2070,"column":69}},"831":{"start":{"line":2072,"column":2},"end":{"line":2072,"column":90}},"832":{"start":{"line":2073,"column":2},"end":{"line":2073,"column":70}},"833":{"start":{"line":2076,"column":2},"end":{"line":2078,"column":3}},"834":{"start":{"line":2077,"column":4},"end":{"line":2077,"column":35}},"835":{"start":{"line":2081,"column":2},"end":{"line":2090,"column":3}},"836":{"start":{"line":2082,"column":4},"end":{"line":2089,"column":5}},"837":{"start":{"line":2083,"column":6},"end":{"line":2083,"column":49}},"838":{"start":{"line":2084,"column":6},"end":{"line":2087,"column":8}},"839":{"start":{"line":2088,"column":6},"end":{"line":2088,"column":35}},"840":{"start":{"line":2092,"column":2},"end":{"line":2092,"column":23}},"841":{"start":{"line":2100,"column":17},"end":{"line":2100,"column":58}},"842":{"start":{"line":2101,"column":2},"end":{"line":2103,"column":3}},"843":{"start":{"line":2102,"column":4},"end":{"line":2102,"column":56}},"844":{"start":{"line":2106,"column":18},"end":{"line":2106,"column":60}},"845":{"start":{"line":2107,"column":2},"end":{"line":2109,"column":3}},"846":{"start":{"line":2108,"column":4},"end":{"line":2108,"column":58}},"847":{"start":{"line":2112,"column":19},"end":{"line":2112,"column":62}},"848":{"start":{"line":2113,"column":2},"end":{"line":2115,"column":3}},"849":{"start":{"line":2114,"column":4},"end":{"line":2114,"column":54}},"850":{"start":{"line":2118,"column":23},"end":{"line":2118,"column":72}},"851":{"start":{"line":2119,"column":25},"end":{"line":2119,"column":72}},"852":{"start":{"line":2120,"column":2},"end":{"line":2128,"column":3}},"853":{"start":{"line":2121,"column":4},"end":{"line":2124,"column":7}},"854":{"start":{"line":2122,"column":6},"end":{"line":2122,"column":26}},"855":{"start":{"line":2123,"column":6},"end":{"line":2123,"column":46}},"856":{"start":{"line":2125,"column":4},"end":{"line":2127,"column":7}},"857":{"start":{"line":2126,"column":6},"end":{"line":2126,"column":46}},"858":{"start":{"line":2133,"column":2},"end":{"line":2136,"column":4}},"859":{"start":{"line":2137,"column":2},"end":{"line":2137,"column":40}},"860":{"start":{"line":2137,"column":19},"end":{"line":2137,"column":33}},"861":{"start":{"line":2141,"column":17},"end":{"line":2159,"column":3}},"862":{"start":{"line":2151,"column":48},"end":{"line":2158,"column":5}},"863":{"start":{"line":2161,"column":15},"end":{"line":2163,"column":4}},"864":{"start":{"line":2164,"column":14},"end":{"line":2164,"column":39}},"865":{"start":{"line":2165,"column":12},"end":{"line":2165,"column":39}},"866":{"start":{"line":2166,"column":2},"end":{"line":2166,"column":15}},"867":{"start":{"line":2167,"column":2},"end":{"line":2167,"column":81}},"868":{"start":{"line":2168,"column":2},"end":{"line":2168,"column":12}},"869":{"start":{"line":2169,"column":2},"end":{"line":2169,"column":27}},"870":{"start":{"line":2170,"column":2},"end":{"line":2170,"column":76}},"871":{"start":{"line":2174,"column":16},"end":{"line":2174,"column":52}},"872":{"start":{"line":2175,"column":16},"end":{"line":2175,"column":43}},"873":{"start":{"line":2176,"column":16},"end":{"line":2176,"column":35}},"874":{"start":{"line":2177,"column":17},"end":{"line":2177,"column":47}},"875":{"start":{"line":2180,"column":4},"end":{"line":2182,"column":174}},"876":{"start":{"line":2184,"column":14},"end":{"line":2184,"column":41}},"877":{"start":{"line":2186,"column":2},"end":{"line":2199,"column":3}},"878":{"start":{"line":2187,"column":4},"end":{"line":2196,"column":9}},"879":{"start":{"line":2195,"column":8},"end":{"line":2195,"column":36}},"880":{"start":{"line":2198,"column":4},"end":{"line":2198,"column":32}},"881":{"start":{"line":2203,"column":21},"end":{"line":2203,"column":119}},"882":{"start":{"line":2204,"column":2},"end":{"line":2204,"column":60}},"883":{"start":{"line":2211,"column":20},"end":{"line":2211,"column":65}},"884":{"start":{"line":2212,"column":18},"end":{"line":2212,"column":52}},"885":{"start":{"line":2213,"column":18},"end":{"line":2213,"column":60}},"886":{"start":{"line":2215,"column":2},"end":{"line":2220,"column":3}},"887":{"start":{"line":2216,"column":4},"end":{"line":2219,"column":7}},"888":{"start":{"line":2217,"column":6},"end":{"line":2217,"column":46}},"889":{"start":{"line":2218,"column":6},"end":{"line":2218,"column":55}},"890":{"start":{"line":2218,"column":19},"end":{"line":2218,"column":55}},"891":{"start":{"line":2222,"column":2},"end":{"line":2227,"column":3}},"892":{"start":{"line":2223,"column":4},"end":{"line":2226,"column":7}},"893":{"start":{"line":2224,"column":6},"end":{"line":2224,"column":46}},"894":{"start":{"line":2225,"column":6},"end":{"line":2225,"column":42}},"895":{"start":{"line":2230,"column":2},"end":{"line":2237,"column":5}},"896":{"start":{"line":2231,"column":4},"end":{"line":2236,"column":7}},"897":{"start":{"line":2232,"column":6},"end":{"line":2235,"column":7}},"898":{"start":{"line":2233,"column":8},"end":{"line":2233,"column":48}},"899":{"start":{"line":2234,"column":8},"end":{"line":2234,"column":57}},"900":{"start":{"line":2234,"column":21},"end":{"line":2234,"column":57}},"901":{"start":{"line":2240,"column":0},"end":{"line":2242,"column":1}},"902":{"start":{"line":2241,"column":2},"end":{"line":2241,"column":52}}},"fnMap":{"0":{"name":"(anonymous_0)","decl":{"start":{"line":350,"column":46},"end":{"line":350,"column":47}},"loc":{"start":{"line":350,"column":52},"end":{"line":386,"column":1}},"line":350},"1":{"name":"setupHeaderDate","decl":{"start":{"line":389,"column":9},"end":{"line":389,"column":24}},"loc":{"start":{"line":389,"column":27},"end":{"line":400,"column":1}},"line":389},"2":{"name":"saveStateToStorage","decl":{"start":{"line":405,"column":9},"end":{"line":405,"column":27}},"loc":{"start":{"line":405,"column":30},"end":{"line":407,"column":1}},"line":405},"3":{"name":"loadStateFromStorage","decl":{"start":{"line":409,"column":9},"end":{"line":409,"column":29}},"loc":{"start":{"line":409,"column":32},"end":{"line":448,"column":1}},"line":409},"4":{"name":"(anonymous_4)","decl":{"start":{"line":431,"column":34},"end":{"line":431,"column":35}},"loc":{"start":{"line":431,"column":41},"end":{"line":439,"column":9}},"line":431},"5":{"name":"(anonymous_5)","decl":{"start":{"line":432,"column":50},"end":{"line":432,"column":51}},"loc":{"start":{"line":432,"column":57},"end":{"line":432,"column":70}},"line":432},"6":{"name":"initTheme","decl":{"start":{"line":453,"column":9},"end":{"line":453,"column":18}},"loc":{"start":{"line":453,"column":21},"end":{"line":482,"column":1}},"line":453},"7":{"name":"(anonymous_7)","decl":{"start":{"line":467,"column":37},"end":{"line":467,"column":38}},"loc":{"start":{"line":467,"column":43},"end":{"line":481,"column":3}},"line":467},"8":{"name":"initNavigation","decl":{"start":{"line":487,"column":9},"end":{"line":487,"column":23}},"loc":{"start":{"line":487,"column":26},"end":{"line":526,"column":1}},"line":487},"9":{"name":"(anonymous_9)","decl":{"start":{"line":491,"column":19},"end":{"line":491,"column":20}},"loc":{"start":{"line":491,"column":29},"end":{"line":517,"column":3}},"line":491},"10":{"name":"(anonymous_10)","decl":{"start":{"line":492,"column":35},"end":{"line":492,"column":36}},"loc":{"start":{"line":492,"column":41},"end":{"line":516,"column":5}},"line":492},"11":{"name":"(anonymous_11)","decl":{"start":{"line":496,"column":23},"end":{"line":496,"column":24}},"loc":{"start":{"line":496,"column":30},"end":{"line":496,"column":58}},"line":496},"12":{"name":"(anonymous_12)","decl":{"start":{"line":500,"column":23},"end":{"line":500,"column":24}},"loc":{"start":{"line":500,"column":33},"end":{"line":505,"column":7}},"line":500},"13":{"name":"(anonymous_13)","decl":{"start":{"line":522,"column":41},"end":{"line":522,"column":42}},"loc":{"start":{"line":522,"column":47},"end":{"line":524,"column":5}},"line":522},"14":{"name":"triggerNotification","decl":{"start":{"line":529,"column":9},"end":{"line":529,"column":28}},"loc":{"start":{"line":529,"column":57},"end":{"line":551,"column":1}},"line":529},"15":{"name":"(anonymous_15)","decl":{"start":{"line":548,"column":13},"end":{"line":548,"column":14}},"loc":{"start":{"line":548,"column":19},"end":{"line":550,"column":3}},"line":548},"16":{"name":"gainXP","decl":{"start":{"line":556,"column":9},"end":{"line":556,"column":15}},"loc":{"start":{"line":556,"column":24},"end":{"line":578,"column":1}},"line":556},"17":{"name":"updateXPDisplay","decl":{"start":{"line":580,"column":9},"end":{"line":580,"column":24}},"loc":{"start":{"line":580,"column":27},"end":{"line":596,"column":1}},"line":580},"18":{"name":"launchCelebrationConfetti","decl":{"start":{"line":599,"column":9},"end":{"line":599,"column":34}},"loc":{"start":{"line":599,"column":47},"end":{"line":612,"column":1}},"line":599},"19":{"name":"(anonymous_19)","decl":{"start":{"line":601,"column":31},"end":{"line":601,"column":32}},"loc":{"start":{"line":601,"column":37},"end":{"line":611,"column":3}},"line":601},"20":{"name":"initCalculator","decl":{"start":{"line":617,"column":9},"end":{"line":617,"column":23}},"loc":{"start":{"line":617,"column":26},"end":{"line":764,"column":1}},"line":617},"21":{"name":"(anonymous_21)","decl":{"start":{"line":627,"column":18},"end":{"line":627,"column":19}},"loc":{"start":{"line":627,"column":29},"end":{"line":637,"column":3}},"line":627},"22":{"name":"(anonymous_22)","decl":{"start":{"line":631,"column":41},"end":{"line":631,"column":42}},"loc":{"start":{"line":631,"column":47},"end":{"line":635,"column":7}},"line":631},"23":{"name":"(anonymous_23)","decl":{"start":{"line":640,"column":49},"end":{"line":640,"column":50}},"loc":{"start":{"line":640,"column":60},"end":{"line":642,"column":3}},"line":640},"24":{"name":"(anonymous_24)","decl":{"start":{"line":648,"column":19},"end":{"line":648,"column":20}},"loc":{"start":{"line":648,"column":28},"end":{"line":673,"column":3}},"line":648},"25":{"name":"(anonymous_25)","decl":{"start":{"line":649,"column":34},"end":{"line":649,"column":35}},"loc":{"start":{"line":649,"column":40},"end":{"line":672,"column":5}},"line":649},"26":{"name":"(anonymous_26)","decl":{"start":{"line":661,"column":19},"end":{"line":661,"column":20}},"loc":{"start":{"line":661,"column":28},"end":{"line":671,"column":7}},"line":661},"27":{"name":"(anonymous_27)","decl":{"start":{"line":675,"column":19},"end":{"line":675,"column":20}},"loc":{"start":{"line":675,"column":28},"end":{"line":697,"column":3}},"line":675},"28":{"name":"(anonymous_28)","decl":{"start":{"line":676,"column":34},"end":{"line":676,"column":35}},"loc":{"start":{"line":676,"column":40},"end":{"line":696,"column":5}},"line":676},"29":{"name":"(anonymous_29)","decl":{"start":{"line":687,"column":19},"end":{"line":687,"column":20}},"loc":{"start":{"line":687,"column":28},"end":{"line":695,"column":7}},"line":687},"30":{"name":"(anonymous_30)","decl":{"start":{"line":700,"column":34},"end":{"line":700,"column":35}},"loc":{"start":{"line":700,"column":41},"end":{"line":760,"column":3}},"line":700},"31":{"name":"calculateFootprint","decl":{"start":{"line":767,"column":9},"end":{"line":767,"column":27}},"loc":{"start":{"line":767,"column":36},"end":{"line":841,"column":1}},"line":767},"32":{"name":"recalculateLiveEstimate","decl":{"start":{"line":844,"column":9},"end":{"line":844,"column":32}},"loc":{"start":{"line":844,"column":35},"end":{"line":949,"column":1}},"line":844},"33":{"name":"renderDashboard","decl":{"start":{"line":954,"column":9},"end":{"line":954,"column":24}},"loc":{"start":{"line":954,"column":27},"end":{"line":1070,"column":1}},"line":954},"34":{"name":"generatePersonalizedInsights","decl":{"start":{"line":1073,"column":9},"end":{"line":1073,"column":37}},"loc":{"start":{"line":1073,"column":40},"end":{"line":1144,"column":1}},"line":1073},"35":{"name":"(anonymous_35)","decl":{"start":{"line":1130,"column":23},"end":{"line":1130,"column":24}},"loc":{"start":{"line":1130,"column":32},"end":{"line":1143,"column":3}},"line":1130},"36":{"name":"renderCharts","decl":{"start":{"line":1147,"column":9},"end":{"line":1147,"column":21}},"loc":{"start":{"line":1147,"column":24},"end":{"line":1289,"column":1}},"line":1147},"37":{"name":"(anonymous_37)","decl":{"start":{"line":1224,"column":40},"end":{"line":1224,"column":41}},"loc":{"start":{"line":1224,"column":47},"end":{"line":1224,"column":54}},"line":1224},"38":{"name":"(anonymous_38)","decl":{"start":{"line":1225,"column":42},"end":{"line":1225,"column":43}},"loc":{"start":{"line":1225,"column":49},"end":{"line":1225,"column":60}},"line":1225},"39":{"name":"(anonymous_39)","decl":{"start":{"line":1241,"column":29},"end":{"line":1241,"column":30}},"loc":{"start":{"line":1241,"column":42},"end":{"line":1254,"column":13}},"line":1241},"40":{"name":"renderHabitsChecklist","decl":{"start":{"line":1294,"column":9},"end":{"line":1294,"column":30}},"loc":{"start":{"line":1294,"column":33},"end":{"line":1359,"column":1}},"line":1294},"41":{"name":"(anonymous_41)","decl":{"start":{"line":1302,"column":20},"end":{"line":1302,"column":21}},"loc":{"start":{"line":1302,"column":31},"end":{"line":1355,"column":3}},"line":1302},"42":{"name":"(anonymous_42)","decl":{"start":{"line":1320,"column":37},"end":{"line":1320,"column":38}},"loc":{"start":{"line":1320,"column":44},"end":{"line":1322,"column":5}},"line":1320},"43":{"name":"toggleHabitCompletion","decl":{"start":{"line":1362,"column":9},"end":{"line":1362,"column":30}},"loc":{"start":{"line":1362,"column":49},"end":{"line":1424,"column":1}},"line":1362},"44":{"name":"(anonymous_44)","decl":{"start":{"line":1429,"column":41},"end":{"line":1429,"column":42}},"loc":{"start":{"line":1429,"column":47},"end":{"line":1480,"column":3}},"line":1429},"45":{"name":"(anonymous_45)","decl":{"start":{"line":1486,"column":43},"end":{"line":1486,"column":44}},"loc":{"start":{"line":1486,"column":49},"end":{"line":1491,"column":3}},"line":1486},"46":{"name":"updateImpactMetrics","decl":{"start":{"line":1495,"column":9},"end":{"line":1495,"column":28}},"loc":{"start":{"line":1495,"column":31},"end":{"line":1534,"column":1}},"line":1495},"47":{"name":"(anonymous_47)","decl":{"start":{"line":1507,"column":45},"end":{"line":1507,"column":46}},"loc":{"start":{"line":1507,"column":54},"end":{"line":1513,"column":3}},"line":1507},"48":{"name":"(anonymous_48)","decl":{"start":{"line":1508,"column":33},"end":{"line":1508,"column":34}},"loc":{"start":{"line":1508,"column":40},"end":{"line":1508,"column":52}},"line":1508},"49":{"name":"addTimelineEvent","decl":{"start":{"line":1537,"column":9},"end":{"line":1537,"column":25}},"loc":{"start":{"line":1537,"column":41},"end":{"line":1571,"column":1}},"line":1537},"50":{"name":"removeTimelineEvent","decl":{"start":{"line":1573,"column":9},"end":{"line":1573,"column":28}},"loc":{"start":{"line":1573,"column":35},"end":{"line":1592,"column":1}},"line":1573},"51":{"name":"renderChallengesAndBadges","decl":{"start":{"line":1597,"column":9},"end":{"line":1597,"column":34}},"loc":{"start":{"line":1597,"column":37},"end":{"line":1729,"column":1}},"line":1597},"52":{"name":"(anonymous_52)","decl":{"start":{"line":1602,"column":30},"end":{"line":1602,"column":31}},"loc":{"start":{"line":1602,"column":40},"end":{"line":1725,"column":3}},"line":1602},"53":{"name":"(anonymous_53)","decl":{"start":{"line":1694,"column":43},"end":{"line":1694,"column":44}},"loc":{"start":{"line":1694,"column":49},"end":{"line":1696,"column":9}},"line":1694},"54":{"name":"(anonymous_54)","decl":{"start":{"line":1710,"column":40},"end":{"line":1710,"column":41}},"loc":{"start":{"line":1710,"column":46},"end":{"line":1718,"column":7}},"line":1710},"55":{"name":"evaluateManualProgress","decl":{"start":{"line":1732,"column":9},"end":{"line":1732,"column":31}},"loc":{"start":{"line":1732,"column":38},"end":{"line":1752,"column":1}},"line":1732},"56":{"name":"checkChallengeCriteria","decl":{"start":{"line":1755,"column":9},"end":{"line":1755,"column":31}},"loc":{"start":{"line":1755,"column":54},"end":{"line":1773,"column":1}},"line":1755},"57":{"name":"(anonymous_57)","decl":{"start":{"line":1756,"column":40},"end":{"line":1756,"column":41}},"loc":{"start":{"line":1756,"column":47},"end":{"line":1756,"column":62}},"line":1756},"58":{"name":"completeChallenge","decl":{"start":{"line":1776,"column":9},"end":{"line":1776,"column":26}},"loc":{"start":{"line":1776,"column":33},"end":{"line":1798,"column":1}},"line":1776},"59":{"name":"renderBadgesShelf","decl":{"start":{"line":1801,"column":9},"end":{"line":1801,"column":26}},"loc":{"start":{"line":1801,"column":29},"end":{"line":1836,"column":1}},"line":1801},"60":{"name":"(anonymous_60)","decl":{"start":{"line":1806,"column":36},"end":{"line":1806,"column":37}},"loc":{"start":{"line":1806,"column":45},"end":{"line":1833,"column":3}},"line":1806},"61":{"name":"initEcoHub","decl":{"start":{"line":1841,"column":9},"end":{"line":1841,"column":19}},"loc":{"start":{"line":1841,"column":22},"end":{"line":1921,"column":1}},"line":1841},"62":{"name":"(anonymous_62)","decl":{"start":{"line":1879,"column":22},"end":{"line":1879,"column":23}},"loc":{"start":{"line":1879,"column":31},"end":{"line":1900,"column":3}},"line":1879},"63":{"name":"(anonymous_63)","decl":{"start":{"line":1881,"column":39},"end":{"line":1881,"column":40}},"loc":{"start":{"line":1881,"column":45},"end":{"line":1898,"column":7}},"line":1881},"64":{"name":"calculateSwapSimulatorTotal","decl":{"start":{"line":1924,"column":9},"end":{"line":1924,"column":36}},"loc":{"start":{"line":1924,"column":39},"end":{"line":1953,"column":1}},"line":1924},"65":{"name":"startQuiz","decl":{"start":{"line":1956,"column":9},"end":{"line":1956,"column":18}},"loc":{"start":{"line":1956,"column":21},"end":{"line":1966,"column":1}},"line":1956},"66":{"name":"loadQuizQuestion","decl":{"start":{"line":1968,"column":9},"end":{"line":1968,"column":25}},"loc":{"start":{"line":1968,"column":28},"end":{"line":2003,"column":1}},"line":1968},"67":{"name":"(anonymous_67)","decl":{"start":{"line":1994,"column":27},"end":{"line":1994,"column":28}},"loc":{"start":{"line":1994,"column":43},"end":{"line":2002,"column":3}},"line":1994},"68":{"name":"(anonymous_68)","decl":{"start":{"line":1998,"column":37},"end":{"line":1998,"column":38}},"loc":{"start":{"line":1998,"column":43},"end":{"line":2000,"column":5}},"line":1998},"69":{"name":"selectQuizAnswer","decl":{"start":{"line":2005,"column":9},"end":{"line":2005,"column":25}},"loc":{"start":{"line":2005,"column":41},"end":{"line":2054,"column":1}},"line":2005},"70":{"name":"(anonymous_70)","decl":{"start":{"line":2012,"column":24},"end":{"line":2012,"column":25}},"loc":{"start":{"line":2012,"column":34},"end":{"line":2012,"column":53}},"line":2012},"71":{"name":"loadNextQuestion","decl":{"start":{"line":2056,"column":9},"end":{"line":2056,"column":25}},"loc":{"start":{"line":2056,"column":28},"end":{"line":2063,"column":1}},"line":2056},"72":{"name":"showQuizResults","decl":{"start":{"line":2065,"column":9},"end":{"line":2065,"column":24}},"loc":{"start":{"line":2065,"column":27},"end":{"line":2093,"column":1}},"line":2065},"73":{"name":"initExportShare","decl":{"start":{"line":2098,"column":9},"end":{"line":2098,"column":24}},"loc":{"start":{"line":2098,"column":27},"end":{"line":2129,"column":1}},"line":2098},"74":{"name":"(anonymous_74)","decl":{"start":{"line":2121,"column":43},"end":{"line":2121,"column":44}},"loc":{"start":{"line":2121,"column":50},"end":{"line":2124,"column":5}},"line":2121},"75":{"name":"(anonymous_75)","decl":{"start":{"line":2125,"column":39},"end":{"line":2125,"column":40}},"loc":{"start":{"line":2125,"column":45},"end":{"line":2127,"column":5}},"line":2125},"76":{"name":"exportReportAsPDF","decl":{"start":{"line":2131,"column":9},"end":{"line":2131,"column"
[...]
"end":{"line":1930,"column":72}},"type":"binary-expr","locations":[{"start":{"line":1930,"column":4},"end":{"line":1930,"column":67}},{"start":{"line":1930,"column":71},"end":{"line":1930,"column":72}}],"line":1930},"178":{"loc":{"start":{"line":1932,"column":4},"end":{"line":1932,"column":72}},"type":"binary-expr","locations":[{"start":{"line":1932,"column":4},"end":{"line":1932,"column":67}},{"start":{"line":1932,"column":71},"end":{"line":1932,"column":72}}],"line":1932},"179":{"loc":{"start":{"line":1939,"column":2},"end":{"line":1941,"column":3}},"type":"if","locations":[{"start":{"line":1939,"column":2},"end":{"line":1941,"column":3}},{"start":{},"end":{}}],"line":1939},"180":{"loc":{"start":{"line":1950,"column":2},"end":{"line":1952,"column":3}},"type":"if","locations":[{"start":{"line":1950,"column":2},"end":{"line":1952,"column":3}},{"start":{},"end":{}}],"line":1950},"181":{"loc":{"start":{"line":1985,"column":2},"end":{"line":1988,"column":3}},"type":"if","locations":[{"start":{"line":1985,"column":2},"end":{"line":1988,"column":3}},{"start":{},"end":{}}],"line":1985},"182":{"loc":{"start":{"line":2018,"column":4},"end":{"line":2018,"column":39}},"type":"cond-expr","locations":[{"start":{"line":2018,"column":16},"end":{"line":2018,"column":25}},{"start":{"line":2018,"column":28},"end":{"line":2018,"column":39}}],"line":2018},"183":{"loc":{"start":{"line":2020,"column":2},"end":{"line":2022,"column":3}},"type":"if","locations":[{"start":{"line":2020,"column":2},"end":{"line":2022,"column":3}},{"start":{},"end":{}}],"line":2020},"184":{"loc":{"start":{"line":2031,"column":2},"end":{"line":2048,"column":3}},"type":"if","locations":[{"start":{"line":2031,"column":2},"end":{"line":2048,"column":3}},{"start":{"line":2044,"column":9},"end":{"line":2048,"column":3}}],"line":2031},"185":{"loc":{"start":{"line":2058,"column":2},"end":{"line":2062,"column":3}},"type":"if","locations":[{"start":{"line":2058,"column":2},"end":{"line":2062,"column":3}},{"start":{"line":2060,"column":9},"end":{"line":2062,"column":3}}],"line":2058},"186":{"loc":{"start":{"line":2076,"column":2},"end":{"line":2078,"column":3}},"type":"if","locations":[{"start":{"line":2076,"column":2},"end":{"line":2078,"column":3}},{"start":{},"end":{}}],"line":2076},"187":{"loc":{"start":{"line":2081,"column":2},"end":{"line":2090,"column":3}},"type":"if","locations":[{"start":{"line":2081,"column":2},"end":{"line":2090,"column":3}},{"start":{},"end":{}}],"line":2081},"188":{"loc":{"start":{"line":2082,"column":4},"end":{"line":2089,"column":5}},"type":"if","locations":[{"start":{"line":2082,"column":4},"end":{"line":2089,"column":5}},{"start":{},"end":{}}],"line":2082},"189":{"loc":{"start":{"line":2101,"column":2},"end":{"line":2103,"column":3}},"type":"if","locations":[{"start":{"line":2101,"column":2},"end":{"line":2103,"column":3}},{"start":{},"end":{}}],"line":2101},"190":{"loc":{"start":{"line":2107,"column":2},"end":{"line":2109,"column":3}},"type":"if","locations":[{"start":{"line":2107,"column":2},"end":{"line":2109,"column":3}},{"start":{},"end":{}}],"line":2107},"191":{"loc":{"start":{"line":2113,"column":2},"end":{"line":2115,"column":3}},"type":"if","locations":[{"start":{"line":2113,"column":2},"end":{"line":2115,"column":3}},{"start":{},"end":{}}],"line":2113},"192":{"loc":{"start":{"line":2120,"column":2},"end":{"line":2128,"column":3}},"type":"if","locations":[{"start":{"line":2120,"column":2},"end":{"line":2128,"column":3}},{"start":{},"end":{}}],"line":2120},"193":{"loc":{"start":{"line":2120,"column":6},"end":{"line":2120,"column":36}},"type":"binary-expr","locations":[{"start":{"line":2120,"column":6},"end":{"line":2120,"column":18}},{"start":{"line":2120,"column":22},"end":{"line":2120,"column":36}}],"line":2120},"194":{"loc":{"start":{"line":2180,"column":4},"end":{"line":2182,"column":174}},"type":"cond-expr","locations":[{"start":{"line":2181,"column":8},"end":{"line":2181,"column":279}},{"start":{"line":2182,"column":8},"end":{"line":2182,"column":174}}],"line":2180},"195":{"loc":{"start":{"line":2181,"column":74},"end":{"line":2181,"column":103}},"type":"cond-expr","locations":[{"start":{"line":2181,"column":86},"end":{"line":2181,"column":93}},{"start":{"line":2181,"column":96},"end":{"line":2181,"column":103}}],"line":2181},"196":{"loc":{"start":{"line":2181,"column":199},"end":{"line":2181,"column":222}},"type":"cond-expr","locations":[{"start":{"line":2181,"column":214},"end":{"line":2181,"column":217}},{"start":{"line":2181,"column":220},"end":{"line":2181,"column":222}}],"line":2181},"197":{"loc":{"start":{"line":2186,"column":2},"end":{"line":2199,"column":3}},"type":"if","locations":[{"start":{"line":2186,"column":2},"end":{"line":2199,"column":3}},{"start":{"line":2197,"column":9},"end":{"line":2199,"column":3}}],"line":2186},"198":{"loc":{"start":{"line":2215,"column":2},"end":{"line":2220,"column":3}},"type":"if","locations":[{"start":{"line":2215,"column":2},"end":{"line":2220,"column":3}},{"start":{},"end":{}}],"line":2215},"199":{"loc":{"start":{"line":2215,"column":6},"end":{"line":2215,"column":26}},"type":"binary-expr","locations":[{"start":{"line":2215,"column":6},"end":{"line":2215,"column":15}},{"start":{"line":2215,"column":19},"end":{"line":2215,"column":26}}],"line":2215},"200":{"loc":{"start":{"line":2218,"column":6},"end":{"line":2218,"column":55}},"type":"if","locations":[{"start":{"line":2218,"column":6},"end":{"line":2218,"column":55}},{"start":{},"end":{}}],"line":2218},"201":{"loc":{"start":{"line":2222,"column":2},"end":{"line":2227,"column":3}},"type":"if","locations":[{"start":{"line":2222,"column":2},"end":{"line":2227,"column":3}},{"start":{},"end":{}}],"line":2222},"202":{"loc":{"start":{"line":2232,"column":6},"end":{"line":2235,"column":7}},"type":"if","locations":[{"start":{"line":2232,"column":6},"end":{"line":2235,"column":7}},{"start":{},"end":{}}],"line":2232},"203":{"loc":{"start":{"line":2234,"column":8},"end":{"line":2234,"column":57}},"type":"if","locations":[{"start":{"line":2234,"column":8},"end":{"line":2234,"column":57}},{"start":{},"end":{}}],"line":2234},"204":{"loc":{"start":{"line":2240,"column":0},"end":{"line":2242,"column":1}},"type":"if","locations":[{"start":{"line":2240,"column":0},"end":{"line":2242,"column":1}},{"start":{},"end":{}}],"line":2240},"205":{"loc":{"start":{"line":2240,"column":4},"end":{"line":2240,"column":51}},"type":"binary-expr","locations":[{"start":{"line":2240,"column":4},"end":{"line":2240,"column":33}},{"start":{"line":2240,"column":37},"end":{"line":2240,"column":51}}],"line":2240}},"s":{"0":1,"1":1,"2":1,"3":1,"4":1,"5":1,"6":0,"7":0,"8":0,"9":0,"10":0,"11":0,"12":0,"13":0,"14":0,"15":0,"16":0,"17":0,"18":0,"19":0,"20":0,"21":0,"22":0,"23":0,"24":0,"25":0,"26":0,"27":0,"28":0,"29":0,"30":0,"31":0,"32":0,"33":0,"34":0,"35":0,"36":0,"37":0,"38":0,"39":0,"40":0,"41":0,"42":0,"43":0,"44":0,"45":0,"46":0,"47":0,"48":0,"49":0,"50":0,"51":0,"52":0,"53":0,"54":0,"55":0,"56":0,"57":0,"58":0,"59":0,"60":0,"61":0,"62":0,"63":0,"64":0,"65":0,"66":0,"67":0,"68":0,"69":0,"70":0,"71":0,"72":0,"73":0,"74":0,"75":0,"76":0,"77":0,"78":0,"79":0,"80":0,"81":0,"82":0,"83":0,"84":0,"85":0,"86":0,"87":0,"88":0,"89":0,"90":0,"91":0,"92":0,"93":0,"94":0,"95":0,"96":0,"97":0,"98":0,"99":0,"100":0,"101":0,"102":0,"103":0,"104":0,"105":0,"106":0,"107":0,"108":0,"109":0,"110":0,"111":0,"112":0,"113":0,"114":0,"115":0,"116":0,"117":0,"118":0,"119":0,"120":0,"121":0,"122":0,"123":0,"124":0,"125":0,"126":0,"127":0,"128":0,"129":0,"130":0,"131":0,"132":0,"133":0,"134":0,"135":0,"136":0,"137":0,"138":0,"139":0,"140":0,"141":0,"142":0,"143":0,"144":0,"145":0,"146":0,"147":0,"148":0,"149":0,"150":0,"151":0,"152":0,"153":0,"154":0,"155":0,"156":0,"157":0,"158":0,"159":0,"160":0,"161":0,"162":0,"163":0,"164":0,"165":0,"166":0,"167":0,"168":0,"169":0,"170":0,"171":0,"172":0,"173":0,"174":0,"175":0,"176":0,"177":0,"178":0,"179":0,"180":0,"181":0,"182":0,"183":0,"184":0,"185":0,"186":0,"187":0,"188":0,"189":0,"190":0,"191":0,"192":0,"193":0,"194":0,"195":3,"196":3,"197":3,"198":3,"199":3,"200":3,"201":0,"202":3,"203":0,"204":3,"205":2,"206":3,"207":3,"208":3,"209":3,"210":3,"211":3,"212":3,"213":3,"214":3,"215":3,"216":0,"217":3,"218":0,"219":3,"220":1,"221":2,"222":0,"223":2,"224":0,"225":2,"226":2,"227":3,"228":0,"229":3,"230":1,"231":3,"232":3,"233":0,"234":0,"235":0,"236":0,"237":3,"238":3,"239":0,"240":0,"241":3,"242":3,"243":3,"244":3,"245":3,"246":3,"247":0,"248":0,"249":0,"250":0,"251":0,"252":0,"253":0,"254":0,"255":0,"256":0,"257":0,"258":0,"259":0,"260":0,"261":0,"262":0,"263":0,"264":0,"265":0,"266":0,"267":0,"268":0,"269":0,"270":0,"271":0,"272":0,"273":0,"274":0,"275":0,"276":0,"277":0,"278":0,"279":0,"280":0,"281":0,"282":0,"283":0,"284":0,"285":0,"286":0,"287":0,"288":0,"289":0,"290":0,"291":0,"292":0,"293":0,"294":0,"295":0,"296":0,"297":0,"298":0,"299":0,"300":0,"301":0,"302":0,"303":0,"304":0,"305":0,"306":0,"307":0,"308":0,"309":0,"310":0,"311":0,"312":0,"313":0,"314":0,"315":0,"316":0,"317":0,"318":0,"319":0,"320":0,"321":0,"322":0,"323":0,"324":0,"325":0,"326":0,"327":0,"328":0,"329":0,"330":0,"331":0,"332":0,"333":0,"334":0,"335":0,"336":0,"337":0,"338":0,"339":0,"340":0,"341":0,"342":0,"343":0,"344":0,"345":0,"346":0,"347":0,"348":0,"349":0,"350":0,"351":0,"352":0,"353":0,"354":0,"355":0,"356":0,"357":0,"358":0,"359":0,"360":0,"361":0,"362":0,"363":0,"364":0,"365":0,"366":0,"367":0,"368":0,"369":0,"370":0,"371":0,"372":0,"373":0,"374":0,"375":0,"376":0,"377":0,"378":0,"379":0,"380":0,"381":0,"382":0,"383":0,"384":0,"385":0,"386":0,"387":0,"388":0,"389":0,"390":0,"391":0,"392":0,"393":0,"394":0,"395":0,"396":0,"397":0,"398":0,"399":0,"400":0,"401":0,"402":0,"403":0,"404":0,"405":0,"406":0,"407":0,"408":0,"409":0,"410":0,"411":0,"412":0,"413":0,"414":0,"415":0,"416":0,"417":0,"418":0,"419":0,"420":0,"421":0,"422":0,"423":0,"424":0,"425":0,"426":0,"427":0,"428":0,"429":0,"430":0,"431":0,"432":0,"433":0,"434":0,"435":0,"436":0,"437":0,"438":0,"439":0,"440":0,"441":0,"442":0,"443":0,"444":0,"445":0,"446":0,"447":0,"448":0,"449":0,"450":0,"451":0,"452":0,"453":0,"454":0,"455":0,"456":0,"457":0,"458":0,"459":0,"460":0,"461":0,"462":0,"463":0,"464":0,"465":0,"466":0,"467":0,"468":0,"469":0,"470":0,"471":0,"472":0,"473":0,"474":0,"475":0,"476":0,"477":0,"478":0,"479":0,"480":0,"481":0,"482":0,"483":0,"484":0,"485":0,"486":0,"487":0,"488":0,"489":0,"490":0,"491":0,"492":0,"493":0,"494":0,"495":0,"496":0,"497":1,"498":1,"499":0,"500":0,"501":0,"502":0,"503":0,"504":0,"505":0,"506":0,"507":0,"508":0,"509":0,"510":0,"511":0,"512":0,"513":0,"514":0,"515":0,"516":0,"517":0,"518":0,"519":0,"520":0,"521":1,"522":1,"523":0,"524":0,"525":0,"526":0,"527":0,"528":0,"529":0,"530":0,"531":0,"532":0,"533":0,"534":0,"535":0,"536":0,"537":0,"538":0,"539":0,"540":0,"541":0,"542":0,"543":0,"544":0,"545":0,"546":0,"547":0,"548":0,"549":0,"550":0,"551":0,"552":0,"553":0,"554":0,"555":0,"556":0,"557":0,"558":0,"559":0,"560":0,"561":0,"562":0,"563":0,"564":0,"565":0,"566":0,"567":0,"568":0,"569":0,"570":0,"571":0,"572":0,"573":0,"574":0,"575":0,"576":0,"577":0,"578":0,"579":0,"580":0,"581":0,"582":0,"583":0,"584":0,"585":0,"586":0,"587":0,"588":0,"589":0,"590":0,"591":0,"592":0,"593":0,"594":0,"595":0,"596":0,"597":0,"598":0,"599":0,"600":0,"601":0,"602":0,"603":0,"604":0,"605":0,"606":0,"607":0,"608":0,"609":0,"610":0,"611":0,"612":0,"613":0,"614":0,"615":0,"616":0,"617":0,"618":0,"619":0,"620":0,"621":0,"622":0,"623":0,"624":0,"625":0,"626":0,"627":0,"628":0,"629":0,"630":0,"631":0,"632":0,"633":0,"634":0,"635":0,"636":0,"637":0,"638":0,"639":0,"640":0,"641":0,"642":0,"643":0,"644":0,"645":0,"646":0,"647":0,"648":0,"649":0,"650":0,"651":0,"652":0,"653":0,"654":0,"655":0,"656":0,"657":0,"658":0,"659":0,"660":0,"661":0,"662":0,"663":0,"664":0,"665":0,"666":0,"667":0,"668":0,"669":0,"670":0,"671":0,"672":0,"673":0,"674":0,"675":0,"676":0,"677":0,"678":0,"679":0,"680":0,"681":0,"682":0,"683":0,"684":0,"685":0,"686":0,"687":0,"688":0,"689":0,"690":0,"691":0,"692":0,"693":0,"694":0,"695":0,"696":0,"697":0,"698":0,"699":0,"700":0,"701":0,"702":0,"703":0,"704":0,"705":0,"706":0,"707":0,"708":0,"709":0,"710":0,"711":0,"712":0,"713":0,"714":0,"715":0,"716":0,"717":0,"718":0,"719":0,"720":0,"721":0,"722":0,"723":0,"724":0,"725":0,"726":0,"727":0,"728":0,"729":0,"730":0,"731":0,"732":0,"733":0,"734":0,"735":0,"736":0,"737":0,"738":0,"739":0,"740":0,"741":0,"742":0,"743":0,"744":0,"745":0,"746":0,"747":0,"748":0,"749":0,"750":0,"751":0,"752":0,"753":0,"754":0,"755":0,"756":0,"757":0,"758":0,"759":0,"760":0,"761":0,"762":0,"763":0,"764":0,"765":0,"766":0,"767":0,"768":0,"769":0,"770":0,"771":0,"772":0,"773":0,"774":0,"775":0,"776":0,"777":0,"778":0,"779":0,"780":0,"781":0,"782":0,"783":0,"784":0,"785":0,"786":0,"787":0,"788":0,"789":0,"790":0,"791":0,"792":0,"793":0,"794":0,"795":0,"796":0,"797":0,"798":0,"799":0,"800":0,"801":0,"802":0,"803":0,"804":0,"805":0,"806":0,"807":0,"808":0,"809":0,"810":0,"811":0,"812":0,"813":0,"814":0,"815":0,"816":0,"817":0,"818":0,"819":0,"820":0,"821":0,"822":0,"823":0,"824":0,"825":0,"826":0,"827":0,"828":0,"829":0,"830":0,"831":0,"832":0,"833":0,"834":0,"835":0,"836":0,"837":0,"838":0,"839":0,"840":0,"841":0,"842":0,"843":0,"844":0,"845":0,"846":0,"847":0,"848":0,"849":0,"850":0,"851":0,"852":0,"853":0,"854":0,"855":0,"856":0,"857":0,"858":0,"859":0,"860":0,"861":0,"862":0,"863":0,"864":0,"865":0,"866":0,"867":0,"868":0,"869":0,"870":0,"871":0,"872":0,"873":0,"874":0,"875":0,"876":0,"877":0,"878":0,"879":0,"880":0,"881":0,"882":0,"883":0,"884":0,"885":0,"886":0,"887":0,"888":0,"889":0,"890":0,"891":0,"892":0,"893":0,"894":0,"895":0,"896":0,"897":0,"898":0,"899":0,"900":0,"901":1,"902":1},"f":{"0":0,"1":0,"2":0,"3":0,"4":0,"5":0,"6":0,"7":0,"8":0,"9":0,"10":0,"11":0,"12":0,"13":0,"14":0,"15":0,"16":0,"17":0,"18":0,"19":0,"20":0,"21":0,"22":0,"23":0,"24":0,"25":0,"26":0,"27":0,"28":0,"29":0,"30":0,"31":3,"32":0,"33":0,"34":0,"35":0,"36":0,"37":0,"38":0,"39":0,"40":0,"41":0,"42":0,"43":0,"44":0,"45":0,"46":0,"47":0,"48":0,"49":0,"50":0,"51":0,"52":0,"53":0,"54":0,"55":0,"56":0,"57":0,"58":0,"59":0,"60":0,"61":0,"62":0,"63":0,"64":0,"65":0,"66":0,"67":0,"68":0,"69":0,"70":0,"71":0,"72":0,"73":0,"74":0,"75":0,"76":0,"77":0,"78":0,"79":0,"80":0,"81":0,"82":0,"83":0,"84":0,"85":0,"86":0,"87":0},"b":{"0":[0,0],"1":[0,0],"2":[0,0],"3":[0,0],"4":[0,0],"5":[0,0],"6":[0,0],"7":[0,0],"8":[0,0],"9":[0,0],"10":[0,0],"11":[0,0],"12":[0,0],"13":[0,0],"14":[0,0],"15":[0,0],"16":[0],"17":[0,0],"18":[0,0],"19":[0,0],"20":[0,0],"21":[0,0],"22":[0,0],"23":[0],"24":[0,0],"25":[0,0],"26":[0,0],"27":[0,0],"28":[0,0],"29":[0,0],"30":[0,0],"31":[0,0],"32":[0,0],"33":[0,0],"34":[0,0],"35":[0,0],"36":[0,3],"37":[0,3],"38":[2,1],"39":[0,3],"40":[0,3],"41":[1,2],"42":[0,2],"43":[0,2],"44":[2,0],"45":[0,3],"46":[1,2],"47":[3,0],"48":[0,0],"49":[0,0],"50":[3,0],"51":[0,0],"52":[0,0],"53":[0,0],"54":[0,0],"55":[0,0],"56":[0,0],"57":[0,0],"58":[0,0],"59":[0,0],"60":[0,0],"61":[0,0],"62":[0,0],"63":[0,0],"64":[0,0],"65":[0,0],"66":[0,0],"67":[0,0],"68":[0,0],"69":[0,0],"70":[0,0],"71":[0,0],"72":[0,0],"73":[0,0],"74":[0,0],"75":[0,0],"76":[0,0],"77":[0,0],"78":[0,0],"79":[0,0],"80":[0,0],"81":[0,0],"82":[0,0],"83":[0,0],"84":[0,0],"85":[0,0],"86":[0,0],"87":[0,0],"88":[0,0],"89":[0,0],"90":[0,0],"91":[0,0],"92":[0,0],"93":[0,0],"94":[0,0],"95":[0,0],"96":[0,0],"97":[0,0],"98":[0,0],"99":[0,0],"100":[0,0],"101":[0,0],"102":[0,0],"103":[0,0],"104":[0,0],"105":[0,0],"106":[0,0],"107":[0,0],"108":[0,0],"109":[0,0],"110":[0,0],"111":[0,0],"112":[0,0],"113":[0,0],"114":[0,0],"115":[0,0],"116":[0,0],"117":[0,0],"118":[0,0],"119":[0,0],"120":[0,0],"121":[0,0],"122":[0,0],"123":[0,0],"124":[0,0],"125":[0,0],"126":[0,0],"127":[0,1],"128":[0,0],"129":[0,0],"130":[0,0],"131":[0,0],"132":[0,1],"133":[0,0],"134":[0,0],"135":[0,0],"136":[0,0],"137":[0,0],"138":[0,0],"139":[0,0],"140":[0,0],"141":[0,0],"142":[0,0],"143":[0,0],"144":[0,0,0],"145":[0,0],"146":[0,0],"147":[0,0],"148":[0,0],"149":[0,0],"150":[0,0],"151":[0,0],"152":[0,0],"153":[0,0],"154":[0,0],"155":[0],"156":[0,0],"157":[0,0,0],"158":[0,0],"159":[0,0],"160":[0,0],"161":[0,0],"162":[0,0],"163":[0,0],"164":[0,0],"165":[0,0],"166":[0,0],"167":[0,0],"168":[0,0],"169":[0,0],"170":[0,0],"171":[0,0],"172":[0,0],"173":[0,0],"174":[0,0],"175":[0,0],"176":[0,0],"177":[0,0],"178":[0,0],"179":[0,0],"180":[0,0],"181":[0,0],"182":[0,0],"183":[0,0],"184":[0,0],"185":[0,0],"186":[0,0],"187":[0,0],"188":[0,0],"189":[0,0],"190":[0,0],"191":[0,0],"192":[0,0],"193":[0,0],"194":[0,0],"195":[0,0],"196":[0,0],"197":[0,0],"198":[0,0],"199":[0,0],"200":[0,0],"201":[0,0],"202":[0,0],"203":[0,0],"204":[1,0],"205":[1,1]},"_coverageSchema":"1a1c01bbd47fc00a2c39e90264f33305004495a9","hash":"c407870a286672d377527c8b860876ebef2f4a75"}
,"C:\\Users\\Swati\\OneDrive\\Documents\\Prompt wars challenge 3\\server.js": {"path":"C:\\Users\\Swati\\OneDrive\\Documents\\Prompt wars challenge 3\\server.js","statementMap":{"0":{"start":{"line":1,"column":16},"end":{"line":1,"column":34}},"1":{"start":{"line":2,"column":13},"end":{"line":2,"column":28}},"2":{"start":{"line":3,"column":15},"end":{"line":3,"column":32}},"3":{"start":{"line":4,"column":13},"end":{"line":4,"column":28}},"4":{"start":{"line":5,"column":18},"end":{"line":5,"column":47}},"5":{"start":{"line":6,"column":20},"end":{"line":6,"column":42}},"6":{"start":{"line":8,"column":12},"end":{"line":8,"column":21}},"7":{"start":{"line":9,"column":13},"end":{"line":9,"column":37}},"8":{"start":{"line":15,"column":0},"end":{"line":33,"column":2}},"9":{"start":{"line":36,"column":0},"end":{"line":36,"column":16}},"10":{"start":{"line":39,"column":16},"end":{"line":43,"column":2}},"11":{"start":{"line":44,"column":0},"end":{"line":44,"column":17}},"12":{"start":{"line":50,"column":0},"end":{"line":50,"column":23}},"13":{"start":{"line":56,"column":0},"end":{"line":66,"column":2}},"14":{"start":{"line":60,"column":6},"end":{"line":63,"column":7}},"15":{"start":{"line":62,"column":8},"end":{"line":62,"column":51}},"16":{"start":{"line":72,"column":0},"end":{"line":74,"column":3}},"17":{"start":{"line":73,"column":2},"end":{"line":73,"column":51}},"18":{"start":{"line":77,"column":0},"end":{"line":83,"column":1}},"19":{"start":{"line":78,"column":2},"end":{"line":80,"column":5}},"20":{"start":{"line":79,"column":4},"end":{"line":79,"column":60}},"21":{"start":{"line":82,"column":2},"end":{"line":82,"column":23}}},"fnMap":{"0":{"name":"(anonymous_0)","decl":{"start":{"line":59,"column":16},"end":{"line":59,"column":17}},"loc":{"start":{"line":59,"column":31},"end":{"line":64,"column":5}},"line":59},"1":{"name":"(anonymous_1)","decl":{"start":{"line":72,"column":13},"end":{"line":72,"column":14}},"loc":{"start":{"line":72,"column":27},"end":{"line":74,"column":1}},"line":72},"2":{"name":"(anonymous_2)","decl":{"start":{"line":78,"column":19},"end":{"line":78,"column":20}},"loc":{"start":{"line":78,"column":25},"end":{"line":80,"column":3}},"line":78}},"branchMap":{"0":{"loc":{"start":{"line":9,"column":13},"end":{"line":9,"column":37}},"type":"binary-expr","locations":[{"start":{"line":9,"column":13},"end":{"line":9,"column":29}},{"start":{"line":9,"column":33},"end":{"line":9,"column":37}}],"line":9},"1":{"loc":{"start":{"line":60,"column":6},"end":{"line":63,"column":7}},"type":"if","locations":[{"start":{"line":60,"column":6},"end":{"line":63,"column":7}},{"start":{},"end":{}}],"line":60},"2":{"loc":{"start":{"line":77,"column":0},"end":{"line":83,"column":1}},"type":"if","locations":[{"start":{"line":77,"column":0},"end":{"line":83,"column":1}},{"start":{"line":81,"column":7},"end":{"line":83,"column":1}}],"line":77}},"s":{"0":1,"1":1,"2":1,"3":1,"4":1,"5":1,"6":1,"7":1,"8":1,"9":1,"10":1,"11":1,"12":1,"13":1,"14":3,"15":3,"16":1,"17":1,"18":1,"19":0,"20":0,"21":1},"f":{"0":3,"1":1,"2":0},"b":{"0":[1,1],"1":[3,0],"2":[0,1]},"_coverageSchema":"1a1c01bbd47fc00a2c39e90264f33305004495a9","hash":"7f68a53974e6c8d371b7c6ac8f4bbb1e99999d03"}
}
