TN:
SF:app.js
FN:350,(anonymous_0)
FN:389,setupHeaderDate
FN:405,saveStateToStorage
FN:409,loadStateFromStorage
FN:431,(anonymous_4)
FN:432,(anonymous_5)
FN:453,initTheme
FN:467,(anonymous_7)
FN:487,initNavigation
FN:491,(anonymous_9)
FN:492,(anonymous_10)
FN:496,(anonymous_11)
FN:500,(anonymous_12)
FN:522,(anonymous_13)
FN:529,triggerNotification
FN:548,(anonymous_15)
FN:556,gainXP
FN:580,updateXPDisplay
FN:599,launchCelebrationConfetti
FN:601,(anonymous_19)
FN:617,initCalculator
FN:627,(anonymous_21)
FN:631,(anonymous_22)
FN:640,(anonymous_23)
FN:648,(anonymous_24)
FN:649,(anonymous_25)
FN:661,(anonymous_26)
FN:675,(anonymous_27)
FN:676,(anonymous_28)
FN:687,(anonymous_29)
FN:700,(anonymous_30)
FN:767,calculateFootprint
FN:844,recalculateLiveEstimate
FN:954,renderDashboard
FN:1073,generatePersonalizedInsights
FN:1130,(anonymous_35)
FN:1147,renderCharts
FN:1224,(anonymous_37)
FN:1225,(anonymous_38)
FN:1241,(anonymous_39)
FN:1294,renderHabitsChecklist
FN:1302,(anonymous_41)
FN:1320,(anonymous_42)
FN:1362,toggleHabitCompletion
FN:1429,(anonymous_44)
FN:1486,(anonymous_45)
FN:1495,updateImpactMetrics
FN:1507,(anonymous_47)
FN:1508,(anonymous_48)
FN:1537,addTimelineEvent
FN:1573,removeTimelineEvent
FN:1597,renderChallengesAndBadges
FN:1602,(anonymous_52)
FN:1694,(anonymous_53)
FN:1710,(anonymous_54)
FN:1732,evaluateManualProgress
FN:1755,checkChallengeCriteria
FN:1756,(anonymous_57)
FN:1776,completeChallenge
FN:1801,renderBadgesShelf
FN:1806,(anonymous_60)
FN:1841,initEcoHub
FN:1879,(anonymous_62)
FN:1881,(anonymous_63)
FN:1924,calculateSwapSimulatorTotal
FN:1956,startQuiz
FN:1968,loadQuizQuestion
FN:1994,(anonymous_67)
FN:1998,(anonymous_68)
FN:2005,selectQuizAnswer
FN:2012,(anonymous_70)
FN:2056,loadNextQuestion
FN:2065,showQuizResults
FN:2098,initExportShare
FN:2121,(anonymous_74)
FN:2125,(anonymous_75)
FN:2131,exportReportAsPDF
FN:2137,(anonymous_77)
FN:2140,exportReportAsJSON
FN:2151,(anonymous_79)
FN:2173,shareMyImpact
FN:2193,(anonymous_81)
FN:2202,openTwitterShare
FN:2210,initMobileSidebar
FN:2216,(anonymous_84)
FN:2223,(anonymous_85)
FN:2230,(anonymous_86)
FN:2231,(anonymous_87)
FNF:88
FNH:1
FNDA:0,(anonymous_0)
FNDA:0,setupHeaderDate
FNDA:0,saveStateToStorage
FNDA:0,loadStateFromStorage
FNDA:0,(anonymous_4)
FNDA:0,(anonymous_5)
FNDA:0,initTheme
FNDA:0,(anonymous_7)
FNDA:0,initNavigation
FNDA:0,(anonymous_9)
FNDA:0,(anonymous_10)
FNDA:0,(anonymous_11)
FNDA:0,(anonymous_12)
FNDA:0,(anonymous_13)
FNDA:0,triggerNotification
FNDA:0,(anonymous_15)
FNDA:0,gainXP
FNDA:0,updateXPDisplay
FNDA:0,launchCelebrationConfetti
FNDA:0,(anonymous_19)
FNDA:0,initCalculator
FNDA:0,(anonymous_21)
FNDA:0,(anonymous_22)
FNDA:0,(anonymous_23)
FNDA:0,(anonymous_24)
FNDA:0,(anonymous_25)
FNDA:0,(anonymous_26)
FNDA:0,(anonymous_27)
FNDA:0,(anonymous_28)
FNDA:0,(anonymous_29)
FNDA:0,(anonymous_30)
FNDA:3,calculateFootprint
FNDA:0,recalculateLiveEstimate
FNDA:0,renderDashboard
FNDA:0,generatePersonalizedInsights
FNDA:0,(anonymous_35)
FNDA:0,renderCharts
FNDA:0,(anonymous_37)
FNDA:0,(anonymous_38)
FNDA:0,(anonymous_39)
FNDA:0,renderHabitsChecklist
FNDA:0,(anonymous_41)
FNDA:0,(anonymous_42)
FNDA:0,toggleHabitCompletion
FNDA:0,(anonymous_44)
FNDA:0,(anonymous_45)
FNDA:0,updateImpactMetrics
FNDA:0,(anonymous_47)
FNDA:0,(anonymous_48)
FNDA:0,addTimelineEvent
FNDA:0,removeTimelineEvent
FNDA:0,renderChallengesAndBadges
FNDA:0,(anonymous_52)
FNDA:0,(anonymous_53)
FNDA:0,(anonymous_54)
FNDA:0,evaluateManualProgress
FNDA:0,checkChallengeCriteria
FNDA:0,(anonymous_57)
FNDA:0,completeChallenge
FNDA:0,renderBadgesShelf
FNDA:0,(anonymous_60)
FNDA:0,initEcoHub
FNDA:0,(anonymous_62)
FNDA:0,(anonymous_63)
FNDA:0,calculateSwapSimulatorTotal
FNDA:0,startQuiz
FNDA:0,loadQuizQuestion
FNDA:0,(anonymous_67)
FNDA:0,(anonymous_68)
FNDA:0,selectQuizAnswer
FNDA:0,(anonymous_70)
FNDA:0,loadNextQuestion
FNDA:0,showQuizResults
FNDA:0,initExportShare
FNDA:0,(anonymous_74)
FNDA:0,(anonymous_75)
FNDA:0,exportReportAsPDF
FNDA:0,(anonymous_77)
FNDA:0,exportReportAsJSON
FNDA:0,(anonymous_79)
FNDA:0,shareMyImpact
FNDA:0,(anonymous_81)
FNDA:0,openTwitterShare
FNDA:0,initMobileSidebar
FNDA:0,(anonymous_84)
FNDA:0,(anonymous_85)
FNDA:0,(anonymous_86)
FNDA:0,(anonymous_87)
DA:6,1
DA:219,1
DA:286,1
DA:346,1
DA:347,1
DA:350,1
DA:352,0
DA:355,0
DA:358,0
DA:361,0
DA:364,0
DA:367,0
DA:370,0
DA:373,0
DA:376,0
DA:379,0
DA:382,0
DA:385,0
DA:390,0
DA:391,0
DA:392,0
DA:398,0
DA:406,0
DA:410,0
DA:411,0
DA:412,0
DA:413,0
DA:415,0
DA:416,0
DA:417,0
DA:418,0
DA:419,0
DA:420,0
DA:423,0
DA:424,0
DA:425,0
DA:426,0
DA:430,0
DA:431,0
DA:432,0
DA:433,0
DA:434,0
DA:435,0
DA:436,0
DA:442,0
DA:446,0
DA:454,0
DA:455,0
DA:456,0
DA:460,0
DA:461,0
DA:462,0
DA:463,0
DA:464,0
DA:467,0
DA:468,0
DA:469,0
DA:471,0
DA:472,0
DA:473,0
DA:475,0
DA:476,0
DA:480,0
DA:488,0
DA:489,0
DA:491,0
DA:492,0
DA:493,0
DA:496,0
DA:497,0
DA:500,0
DA:501,0
DA:502,0
DA:503,0
DA:508,0
DA:509,0
DA:510,0
DA:511,0
DA:515,0
DA:520,0
DA:521,0
DA:522,0
DA:523,0
DA:530,0
DA:531,0
DA:532,0
DA:535,0
DA:536,0
DA:537,0
DA:538,0
DA:539,0
DA:540,0
DA:543,0
DA:544,0
DA:545,0
DA:548,0
DA:549,0
DA:557,0
DA:560,0
DA:561,0
DA:562,0
DA:563,0
DA:564,0
DA:567,0
DA:569,0
DA:573,0
DA:576,0
DA:577,0
DA:581,0
DA:582,0
DA:583,0
DA:585,0
DA:586,0
DA:587,0
DA:588,0
DA:589,0
DA:590,0
DA:594,0
DA:595,0
DA:600,0
DA:601,0
DA:602,0
DA:607,0
DA:608,0
DA:609,0
DA:618,0
DA:621,0
DA:627,0
DA:628,0
DA:629,0
DA:630,0
DA:631,0
DA:632,0
DA:634,0
DA:640,0
DA:641,0
DA:645,0
DA:646,0
DA:648,0
DA:649,0
DA:650,0
DA:653,0
DA:654,0
DA:656,0
DA:657,0
DA:660,0
DA:661,0
DA:662,0
DA:663,0
DA:664,0
DA:665,0
DA:666,0
DA:667,0
DA:669,0
DA:675,0
DA:676,0
DA:677,0
DA:679,0
DA:680,0
DA:682,0
DA:683,0
DA:686,0
DA:687,0
DA:688,0
DA:689,0
DA:690,0
DA:691,0
DA:692,0
DA:693,0
DA:700,0
DA:701,0
DA:704,0
DA:705,0
DA:720,0
DA:721,0
DA:722,0
DA:725,0
DA:730,0
DA:731,0
DA:732,0
DA:733,0
DA:738,0
DA:745,0
DA:750,0
DA:751,0
DA:754,0
DA:755,0
DA:758,0
DA:759,0
DA:763,0
DA:768,3
DA:769,3
DA:770,3
DA:771,3
DA:776,3
DA:777,3
DA:778,3
DA:779,3
DA:782,3
DA:783,3
DA:786,3
DA:787,3
DA:788,3
DA:792,3
DA:793,3
DA:795,3
DA:796,3
DA:799,3
DA:800,0
DA:801,3
DA:802,0
DA:807,3
DA:808,2
DA:809,2
DA:810,2
DA:813,3
DA:814,3
DA:818,3
DA:819,0
DA:820,0
DA:823,3
DA:824,0
DA:827,3
DA:828,3
DA:829,3
DA:830,3
DA:832,3
DA:834,3
DA:846,0
DA:849,0
DA:852,0
DA:853,0
DA:854,0
DA:855,0
DA:857,0
DA:862,0
DA:864,0
DA:866,0
DA:868,0
DA:871,0
DA:873,0
DA:876,0
DA:878,0
DA:881,0
DA:884,0
DA:898,0
DA:901,0
DA:902,0
DA:904,0
DA:905,0
DA:907,0
DA:908,0
DA:910,0
DA:911,0
DA:913,0
DA:914,0
DA:917,0
DA:918,0
DA:919,0
DA:920,0
DA:923,0
DA:924,0
DA:925,0
DA:926,0
DA:928,0
DA:933,0
DA:934,0
DA:935,0
DA:936,0
DA:938,0
DA:939,0
DA:941,0
DA:942,0
DA:945,0
DA:955,0
DA:957,0
DA:958,0
DA:961,0
DA:962,0
DA:963,0
DA:966,0
DA:967,0
DA:970,0
DA:971,0
DA:972,0
DA:978,0
DA:979,0
DA:980,0
DA:983,0
DA:984,0
DA:985,0
DA:989,0
DA:990,0
DA:993,0
DA:995,0
DA:996,0
DA:1001,0
DA:1002,0
DA:1008,0
DA:1009,0
DA:1010,0
DA:1011,0
DA:1012,0
DA:1015,0
DA:1016,0
DA:1017,0
DA:1018,0
DA:1020,0
DA:1024,0
DA:1025,0
DA:1026,0
DA:1027,0
DA:1028,0
DA:1029,0
DA:1030,0
DA:1032,0
DA:1033,0
DA:1038,0
DA:1039,0
DA:1040,0
DA:1041,0
DA:1042,0
DA:1044,0
DA:1045,0
DA:1048,0
DA:1049,0
DA:1053,0
DA:1056,0
DA:1057,0
DA:1058,0
DA:1059,0
DA:1060,0
DA:1061,0
DA:1064,0
DA:1065,0
DA:1069,0
DA:1074,0
DA:1075,0
DA:1076,0
DA:1077,0
DA:1079,0
DA:1082,0
DA:1083,0
DA:1090,0
DA:1091,0
DA:1098,0
DA:1099,0
DA:1106,0
DA:1107,0
DA:1114,0
DA:1115,0
DA:1122,0
DA:1123,0
DA:1130,0
DA:1131,0
DA:1132,0
DA:1134,0
DA:1135,0
DA:1137,0
DA:1138,0
DA:1140,0
DA:1141,0
DA:1142,0
DA:1148,0
DA:1149,0
DA:1150,0
DA:1153,0
DA:1154,0
DA:1155,0
DA:1156,0
DA:1158,0
DA:1159,0
DA:1160,0
DA:1161,0
DA:1163,0
DA:1164,0
DA:1165,0
DA:1170,0
DA:1171,0
DA:1174,0
DA:1175,0
DA:1211,0
DA:1212,0
DA:1213,0
DA:1214,0
DA:1218,0
DA:1219,0
DA:1224,0
DA:1225,0
DA:1227,0
DA:1242,0
DA:1243,0
DA:1244,0
DA:1245,0
DA:1251,0
DA:1252,0
DA:1253,0
DA:1295,0
DA:1296,0
DA:1297,0
DA:1300,0
DA:1302,0
DA:1303,0
DA:1305,0
DA:1306,0
DA:1307,0
DA:1309,0
DA:1310,0
DA:1312,0
DA:1313,0
DA:1315,0
DA:1316,0
DA:1317,0
DA:1320,0
DA:1321,0
DA:1324,0
DA:1325,0
DA:1327,0
DA:1328,0
DA:1330,0
DA:1331,0
DA:1333,0
DA:1334,0
DA:1335,0
DA:1337,0
DA:1338,0
DA:1339,0
DA:1341,0
DA:1342,0
DA:1344,0
DA:1345,0
DA:1347,0
DA:1348,0
DA:1349,0
DA:1351,0
DA:1352,0
DA:1354,0
DA:1357,0
DA:1358,0
DA:1363,0
DA:1365,0
DA:1366,0
DA:1367,0
DA:1368,0
DA:1371,0
DA:1374,0
DA:1382,0
DA:1385,0
DA:1386,0
DA:1388,0
DA:1389,0
DA:1391,0
DA:1392,0
DA:1396,0
DA:1397,0
DA:1398,0
DA:1404,0
DA:1407,0
DA:1409,0
DA:1410,0
DA:1415,0
DA:1418,0
DA:1419,0
DA:1420,0
DA:1423,0
DA:1427,1
DA:1428,1
DA:1429,0
DA:1430,0
DA:1431,0
DA:1433,0
DA:1434,0
DA:1438,0
DA:1441,0
DA:1442,0
DA:1443,0
DA:1444,0
DA:1445,0
DA:1447,0
DA:1457,0
DA:1460,0
DA:1461,0
DA:1464,0
DA:1469,0
DA:1472,0
DA:1475,0
DA:1476,0
DA:1484,1
DA:1485,1
DA:1486,0
DA:1487,0
DA:1488,0
DA:1489,0
DA:1490,0
DA:1496,0
DA:1497,0
DA:1498,0
DA:1502,0
DA:1503,0
DA:1505,0
DA:1507,0
DA:1508,0
DA:1509,0
DA:1510,0
DA:1511,0
DA:1515,0
DA:1516,0
DA:1518,0
DA:1519,0
DA:1520,0
DA:1523,0
DA:1524,0
DA:1525,0
DA:1530,0
DA:1531,0
DA:1532,0
DA:1538,0
DA:1539,0
DA:1542,0
DA:1543,0
DA:1545,0
DA:1546,0
DA:1547,0
DA:1549,0
DA:1550,0
DA:1551,0
DA:1553,0
DA:1554,0
DA:1555,0
DA:1557,0
DA:1558,0
DA:1559,0
DA:1564,0
DA:1565,0
DA:1566,0
DA:1569,0
DA:1570,0
DA:1574,0
DA:1575,0
DA:1577,0
DA:1580,0
DA:1581,0
DA:1584,0
DA:1589,0
DA:1590,0
DA:1598,0
DA:1599,0
DA:1600,0
DA:1602,0
DA:1603,0
DA:1604,0
DA:1606,0
DA:1607,0
DA:1609,0
DA:1610,0
DA:1611,0
DA:1613,0
DA:1614,0
DA:1616,0
DA:1617,0
DA:1618,0
DA:1620,0
DA:1621,0
DA:1622,0
DA:1624,0
DA:1625,0
DA:1627,0
DA:1628,0
DA:1629,0
DA:1634,0
DA:1635,0
DA:1636,0
DA:1637,0
DA:1640,0
DA:1641,0
DA:1642,0
DA:1644,0
DA:1645,0
DA:1647,0
DA:1648,0
DA:1650,0
DA:1651,0
DA:1653,0
DA:1654,0
DA:1655,0
DA:1656,0
DA:1657,0
DA:1658,0
DA:1659,0
DA:1661,0
DA:1662,0
DA:1665,0
DA:1670,0
DA:1671,0
DA:1673,0
DA:1674,0
DA:1675,0
DA:1677,0
DA:1678,0
DA:1679,0
DA:1680,0
DA:1683,0
DA:1684,0
DA:1685,0
DA:1686,0
DA:1687,0
DA:1688,0
DA:1689,0
DA:1691,0
DA:1692,0
DA:1693,0
DA:1694,0
DA:1695,0
DA:1697,0
DA:1700,0
DA:1703,0
DA:1704,0
DA:1705,0
DA:1707,0
DA:1708,0
DA:1709,0
DA:1710,0
DA:1711,0
DA:1712,0
DA:1713,0
DA:1714,0
DA:1720,0
DA:1721,0
DA:1724,0
DA:1727,0
DA:1728,0
DA:1733,0
DA:1735,0
DA:1736,0
DA:1737,0
DA:1738,0
DA:1740,0
DA:1747,0
DA:1756,0
DA:1757,0
DA:1759,0
DA:1760,0
DA:1761,0
DA:1765,0
DA:1766,0
DA:1767,0
DA:1769,0
DA:1770,0
DA:1777,0
DA:1778,0
DA:1781,0
DA:1782,0
DA:1786,0
DA:1789,0
DA:1791,0
DA:1796,0
DA:1797,0
DA:1802,0
DA:1803,0
DA:1804,0
DA:1806,0
DA:1807,0
DA:1808,0
DA:1810,0
DA:1811,0
DA:1812,0
DA:1814,0
DA:1815,0
DA:1816,0
DA:1818,0
DA:1819,0
DA:1820,0
DA:1822,0
DA:1823,0
DA:1825,0
DA:1826,0
DA:1827,0
DA:1828,0
DA:1829,0
DA:1832,0
DA:1835,0
DA:1843,0
DA:1844,0
DA:1845,0
DA:1846,0
DA:1848,0
DA:1879,0
DA:1880,0
DA:1881,0
DA:1882,0
DA:1886,0
DA:1888,0
DA:1892,0
DA:1894,0
DA:1895,0
DA:1897,0
DA:1903,0
DA:1904,0
DA:1905,0
DA:1906,0
DA:1908,0
DA:1909,0
DA:1912,0
DA:1913,0
DA:1914,0
DA:1917,0
DA:1918,0
DA:1919,0
DA:1926,0
DA:1928,0
DA:1930,0
DA:1932,0
DA:1934,0
DA:1935,0
DA:1936,0
DA:1938,0
DA:1939,0
DA:1940,0
DA:1942,0
DA:1945,0
DA:1947,0
DA:1949,0
DA:1950,0
DA:1951,0
DA:1957,0
DA:1958,0
DA:1959,0
DA:1961,0
DA:1962,0
DA:1963,0
DA:1965,0
DA:1969,0
DA:1970,0
DA:1973,0
DA:1974,0
DA:1977,0
DA:1979,0
DA:1981,0
DA:1984,0
DA:1985,0
DA:1986,0
DA:1987,0
DA:1991,0
DA:1992,0
DA:1994,0
DA:1995,0
DA:1996,0
DA:1997,0
DA:1998,0
DA:1999,0
DA:2001,0
DA:2006,0
DA:2007,0
DA:2010,0
DA:2011,0
DA:2012,0
DA:2014,0
DA:2017,0
DA:2020,0
DA:2021,0
DA:2025,0
DA:2026,0
DA:2027,0
DA:2029,0
DA:2031,0
DA:2032,0
DA:2033,0
DA:2034,0
DA:2035,0
DA:2036,0
DA:2039,0
DA:2045,0
DA:2046,0
DA:2047,0
DA:2050,0
DA:2053,0
DA:2057,0
DA:2058,0
DA:2059,0
DA:2061,0
DA:2066,0
DA:2067,0
DA:2069,0
DA:2070,0
DA:2072,0
DA:2073,0
DA:2076,0
DA:2077,0
DA:2081,0
DA:2082,0
DA:2083,0
DA:2084,0
DA:2088,0
DA:2092,0
DA:2100,0
DA:2101,0
DA:2102,0
DA:2106,0
DA:2107,0
DA:2108,0
DA:2112,0
DA:2113,0
DA:2114,0
DA:2118,0
DA:2119,0
DA:2120,0
DA:2121,0
DA:2122,0
DA:2123,0
DA:2125,0
DA:2126,0
DA:2133,0
DA:2137,0
DA:2141,0
DA:2151,0
DA:2161,0
DA:2164,0
DA:2165,0
DA:2166,0
DA:2167,0
DA:2168,0
DA:2169,0
DA:2170,0
DA:2174,0
DA:2175,0
DA:2176,0
DA:2177,0
DA:2180,0
DA:2184,0
DA:2186,0
DA:2187,0
DA:2195,0
DA:2198,0
DA:2203,0
DA:2204,0
DA:2211,0
DA:2212,0
DA:2213,0
DA:2215,0
DA:2216,0
DA:2217,0
DA:2218,0
DA:2222,0
DA:2223,0
DA:2224,0
DA:2225,0
DA:2230,0
DA:2231,0
DA:2232,0
DA:2233,0
DA:2234,0
DA:2240,1
DA:2241,1
LF:853
LH:45
BRDA:391,0,0,0
BRDA:391,0,1,0
BRDA:411,1,0,0
BRDA:411,1,1,0
BRDA:418,2,0,0
BRDA:418,2,1,0
BRDA:419,3,0,0
BRDA:419,3,1,0
BRDA:424,4,0,0
BRDA:424,4,1,0
BRDA:430,5,0,0
BRDA:430,5,1,0
BRDA:430,6,0,0
BRDA:430,6,1,0
BRDA:433,7,0,0
BRDA:433,7,1,0
BRDA:437,8,0,0
BRDA:437,8,1,0
BRDA:461,9,0,0
BRDA:461,9,1,0
BRDA:469,10,0,0
BRDA:469,10,1,0
BRDA:471,11,0,0
BRDA:471,11,1,0
BRDA:502,12,0,0
BRDA:502,12,1,0
BRDA:508,13,0,0
BRDA:508,13,1,0
BRDA:510,14,0,0
BRDA:510,14,1,0
BRDA:521,15,0,0
BRDA:521,15,1,0
BRDA:529,16,0,0
BRDA:536,17,0,0
BRDA:536,17,1,0
BRDA:567,18,0,0
BRDA:567,18,1,0
BRDA:585,19,0,0
BRDA:585,19,1,0
BRDA:586,20,0,0
BRDA:586,20,1,0
BRDA:588,21,0,0
BRDA:588,21,1,0
BRDA:595,22,0,0
BRDA:595,22,1,0
BRDA:599,23,0,0
BRDA:608,24,0,0
BRDA:608,24,1,0
BRDA:630,25,0,0
BRDA:630,25,1,0
BRDA:630,26,0,0
BRDA:630,26,1,0
BRDA:663,27,0,0
BRDA:663,27,1,0
BRDA:665,28,0,0
BRDA:665,28,1,0
BRDA:689,29,0,0
BRDA:689,29,1,0
BRDA:692,30,0,0
BRDA:692,30,1,0
BRDA:708,31,0,0
BRDA:708,31,1,0
BRDA:709,32,0,0
BRDA:709,32,1,0
BRDA:730,33,0,0
BRDA:730,33,1,0
BRDA:750,34,0,0
BRDA:750,34,1,0
BRDA:759,35,0,0
BRDA:759,35,1,0
BRDA:777,36,0,0
BRDA:777,36,1,3
BRDA:778,37,0,0
BRDA:778,37,1,3
BRDA:779,38,0,2
BRDA:779,38,1,1
BRDA:799,39,0,0
BRDA:799,39,1,3
BRDA:801,40,0,0
BRDA:801,40,1,3
BRDA:807,41,0,1
BRDA:807,41,1,2
BRDA:808,42,0,0
BRDA:808,42,1,2
BRDA:809,43,0,0
BRDA:809,43,1,2
BRDA:810,44,0,2
BRDA:810,44,1,0
BRDA:813,45,0,0
BRDA:813,45,1,3
BRDA:814,46,0,1
BRDA:814,46,1,2
BRDA:818,47,0,3
BRDA:818,47,1,0
BRDA:819,48,0,0
BRDA:819,48,1,0
BRDA:820,49,0,0
BRDA:820,49,1,0
BRDA:823,50,0,3
BRDA:823,50,1,0
BRDA:824,51,0,0
BRDA:824,51,1,0
BRDA:846,52,0,0
BRDA:846,52,1,0
BRDA:849,53,0,0
BRDA:849,53,1,0
BRDA:853,54,0,0
BRDA:853,54,1,0
BRDA:854,55,0,0
BRDA:854,55,1,0
BRDA:862,56,0,0
BRDA:862,56,1,0
BRDA:864,57,0,0
BRDA:864,57,1,0
BRDA:866,58,0,0
BRDA:866,58,1,0
BRDA:868,59,0,0
BRDA:868,59,1,0
BRDA:871,60,0,0
BRDA:871,60,1,0
BRDA:873,61,0,0
BRDA:873,61,1,0
BRDA:876,62,0,0
BRDA:876,62,1,0
BRDA:878,63,0,0
BRDA:878,63,1,0
BRDA:881,64,0,0
BRDA:881,64,1,0
BRDA:902,65,0,0
BRDA:902,65,1,0
BRDA:905,66,0,0
BRDA:905,66,1,0
BRDA:908,67,0,0
BRDA:908,67,1,0
BRDA:911,68,0,0
BRDA:911,68,1,0
BRDA:914,69,0,0
BRDA:914,69,1,0
BRDA:918,70,0,0
BRDA:918,70,1,0
BRDA:923,71,0,0
BRDA:923,71,1,0
BRDA:925,72,0,0
BRDA:925,72,1,0
BRDA:934,73,0,0
BRDA:934,73,1,0
BRDA:935,74,0,0
BRDA:935,74,1,0
BRDA:938,75,0,0
BRDA:938,75,1,0
BRDA:941,76,0,0
BRDA:941,76,1,0
BRDA:971,77,0,0
BRDA:971,77,1,0
BRDA:972,78,0,0
BRDA:972,78,1,0
BRDA:979,79,0,0
BRDA:979,79,1,0
BRDA:980,80,0,0
BRDA:980,80,1,0
BRDA:983,81,0,0
BRDA:983,81,1,0
BRDA:989,82,0,0
BRDA:989,82,1,0
BRDA:995,83,0,0
BRDA:995,83,1,0
BRDA:1001,84,0,0
BRDA:1001,84,1,0
BRDA:1009,85,0,0
BRDA:1009,85,1,0
BRDA:1015,86,0,0
BRDA:1015,86,1,0
BRDA:1017,87,0,0
BRDA:1017,87,1,0
BRDA:1024,88,0,0
BRDA:1024,88,1,0
BRDA:1025,89,0,0
BRDA:1025,89,1,0
BRDA:1028,90,0,0
BRDA:1028,90,1,0
BRDA:1039,91,0,0
BRDA:1039,91,1,0
BRDA:1040,92,0,0
BRDA:1040,92,1,0
BRDA:1048,93,0,0
BRDA:1048,93,1,0
BRDA:1056,94,0,0
BRDA:1056,94,1,0
BRDA:1057,95,0,0
BRDA:1057,95,1,0
BRDA:1059,96,0,0
BRDA:1059,96,1,0
BRDA:1060,97,0,0
BRDA:1060,97,1,0
BRDA:1065,98,0,0
BRDA:1065,98,1,0
BRDA:1082,99,0,0
BRDA:1082,99,1,0
BRDA:1090,100,0,0
BRDA:1090,100,1,0
BRDA:1098,101,0,0
BRDA:1098,101,1,0
BRDA:1106,102,0,0
BRDA:1106,102,1,0
BRDA:1114,103,0,0
BRDA:1114,103,1,0
BRDA:1122,104,0,0
BRDA:1122,104,1,0
BRDA:1149,105,0,0
BRDA:1149,105,1,0
BRDA:1150,106,0,0
BRDA:1150,106,1,0
BRDA:1154,107,0,0
BRDA:1154,107,1,0
BRDA:1158,108,0,0
BRDA:1158,108,1,0
BRDA:1159,109,0,0
BRDA:1159,109,1,0
BRDA:1170,110,0,0
BRDA:1170,110,1,0
BRDA:1188,111,0,0
BRDA:1188,111,1,0
BRDA:1212,112,0,0
BRDA:1212,112,1,0
BRDA:1213,113,0,0
BRDA:1213,113,1,0
BRDA:1218,114,0,0
BRDA:1218,114,1,0
BRDA:1244,115,0,0
BRDA:1244,115,1,0
BRDA:1296,116,0,0
BRDA:1296,116,1,0
BRDA:1306,117,0,0
BRDA:1306,117,1,0
BRDA:1365,118,0,0
BRDA:1365,118,1,0
BRDA:1366,119,0,0
BRDA:1366,119,1,0
BRDA:1385,120,0,0
BRDA:1385,120,1,0
BRDA:1385,121,0,0
BRDA:1385,121,1,0
BRDA:1388,122,0,0
BRDA:1388,122,1,0
BRDA:1391,123,0,0
BRDA:1391,123,1,0
BRDA:1396,124,0,0
BRDA:1396,124,1,0
BRDA:1418,125,0,0
BRDA:1418,125,1,0
BRDA:1419,126,0,0
BRDA:1419,126,1,0
BRDA:1428,127,0,0
BRDA:1428,127,1,1
BRDA:1433,128,0,0
BRDA:1433,128,1,0
BRDA:1433,129,0,0
BRDA:1433,129,1,0
BRDA:1444,130,0,0
BRDA:1444,130,1,0
BRDA:1445,131,0,0
BRDA:1445,131,1,0
BRDA:1485,132,0,0
BRDA:1485,132,1,1
BRDA:1509,133,0,0
BRDA:1509,133,1,0
BRDA:1515,134,0,0
BRDA:1515,134,1,0
BRDA:1516,135,0,0
BRDA:1516,135,1,0
BRDA:1518,136,0,0
BRDA:1518,136,1,0
BRDA:1519,137,0,0
BRDA:1519,137,1,0
BRDA:1531,138,0,0
BRDA:1531,138,1,0
BRDA:1539,139,0,0
BRDA:1539,139,1,0
BRDA:1543,140,0,0
BRDA:1543,140,1,0
BRDA:1575,141,0,0
BRDA:1575,141,1,0
BRDA:1580,142,0,0
BRDA:1580,142,1,0
BRDA:1584,143,0,0
BRDA:1584,143,1,0
BRDA:1585,144,0,0
BRDA:1585,144,1,0
BRDA:1585,144,2,0
BRDA:1590,145,0,0
BRDA:1590,145,1,0
BRDA:1599,146,0,0
BRDA:1599,146,1,0
BRDA:1640,147,0,0
BRDA:1640,147,1,0
BRDA:1640,148,0,0
BRDA:1640,148,1,0
BRDA:1653,149,0,0
BRDA:1653,149,1,0
BRDA:1656,150,0,0
BRDA:1656,150,1,0
BRDA:1683,151,0,0
BRDA:1683,151,1,0
BRDA:1733,152,0,0
BRDA:1733,152,1,0
BRDA:1735,153,0,0
BRDA:1735,153,1,0
BRDA:1737,154,0,0
BRDA:1737,154,1,0
BRDA:1755,155,0,0
BRDA:1757,156,0,0
BRDA:1757,156,1,0
BRDA:1757,157,0,0
BRDA:1757,157,1,0
BRDA:1757,157,2,0
BRDA:1759,158,0,0
BRDA:1759,158,1,0
BRDA:1759,159,0,0
BRDA:1759,159,1,0
BRDA:1760,160,0,0
BRDA:1760,160,1,0
BRDA:1765,161,0,0
BRDA:1765,161,1,0
BRDA:1766,162,0,0
BRDA:1766,162,1,0
BRDA:1781,163,0,0
BRDA:1781,163,1,0
BRDA:1803,164,0,0
BRDA:1803,164,1,0
BRDA:1811,165,0,0
BRDA:1811,165,1,0
BRDA:1812,166,0,0
BRDA:1812,166,1,0
BRDA:1816,167,0,0
BRDA:1816,167,1,0
BRDA:1825,168,0,0
BRDA:1825,168,1,0
BRDA:1880,169,0,0
BRDA:1880,169,1,0
BRDA:1888,170,0,0
BRDA:1888,170,1,0
BRDA:1889,171,0,0
BRDA:1889,171,1,0
BRDA:1908,172,0,0
BRDA:1908,172,1,0
BRDA:1913,173,0,0
BRDA:1913,173,1,0
BRDA:1918,174,0,0
BRDA:1918,174,1,0
BRDA:1926,175,0,0
BRDA:1926,175,1,0
BRDA:1928,176,0,0
BRDA:1928,176,1,0
BRDA:1930,177,0,0
BRDA:1930,177,1,0
BRDA:1932,178,0,0
BRDA:1932,178,1,0
BRDA:1939,179,0,0
BRDA:1939,179,1,0
BRDA:1950,180,0,0
BRDA:1950,180,1,0
BRDA:1985,181,0,0
BRDA:1985,181,1,0
BRDA:2018,182,0,0
BRDA:2018,182,1,0
BRDA:2020,183,0,0
BRDA:2020,183,1,0
BRDA:2031,184,0,0
BRDA:2031,184,1,0
BRDA:2058,185,0,0
BRDA:2058,185,1,0
BRDA:2076,186,0,0
BRDA:2076,186,1,0
BRDA:2081,187,0,0
BRDA:2081,187,1,0
BRDA:2082,188,0,0
BRDA:2082,188,1,0
BRDA:2101,189,0,0
BRDA:2101,189,1,0
BRDA:2107,190,0,0
BRDA:2107,190,1,0
BRDA:2113,191,0,0
BRDA:2113,191,1,0
BRDA:2120,192,0,0
BRDA:2120,192,1,0
BRDA:2120,193,0,0
BRDA:2120,193,1,0
BRDA:2180,194,0,0
BRDA:2180,194,1,0
BRDA:2181,195,0,0
BRDA:2181,195,1,0
BRDA:2181,196,0,0
BRDA:2181,196,1,0
BRDA:2186,197,0,0
BRDA:2186,197,1,0
BRDA:2215,198,0,0
BRDA:2215,198,1,0
BRDA:2215,199,0,0
BRDA:2215,199,1,0
BRDA:2218,200,0,0
BRDA:2218,200,1,0
BRDA:2222,201,0,0
BRDA:2222,201,1,0
BRDA:2232,202,0,0
BRDA:2232,202,1,0
BRDA:2234,203,0,0
BRDA:2234,203,1,0
BRDA:2240,204,0,1
BRDA:2240,204,1,0
BRDA:2240,205,0,1
BRDA:2240,205,1,1
BRF:411
BRH:21
end_of_record
TN:
SF:server.js
FN:59,(anonymous_0)
FN:72,(anonymous_1)
FN:78,(anonymous_2)
FNF:3
FNH:2
FNDA:3,(anonymous_0)
FNDA:1,(anonymous_1)
FNDA:0,(anonymous_2)
DA:1,1
DA:2,1
DA:3,1
DA:4,1
DA:5,1
DA:6,1
DA:8,1
DA:9,1
DA:15,1
DA:36,1
DA:39,1
DA:44,1
DA:50,1
DA:56,1
DA:60,3
DA:62,3
DA:72,1
DA:73,1
DA:77,1
DA:78,0
DA:79,0
DA:82,1
LF:22
LH:20
BRDA:9,0,0,1
BRDA:9,0,1,1
BRDA:60,1,0,3
BRDA:60,1,1,0
BRDA:77,2,0,0
BRDA:77,2,1,1
BRF:6
BRH:4
end_of_record
