TN:
SF:app.js
FN:354,(anonymous_0)
FN:393,setupHeaderDate
FN:409,saveStateToStorage
FN:413,loadStateFromStorage
FN:435,(anonymous_4)
FN:436,(anonymous_5)
FN:457,initTheme
FN:471,(anonymous_7)
FN:491,initNavigation
FN:495,(anonymous_9)
FN:496,(anonymous_10)
FN:500,(anonymous_11)
FN:504,(anonymous_12)
FN:526,(anonymous_13)
FN:533,triggerNotification
FN:552,(anonymous_15)
FN:560,gainXP
FN:584,updateXPDisplay
FN:603,launchCelebrationConfetti
FN:605,(anonymous_19)
FN:621,initCalculator
FN:631,(anonymous_21)
FN:635,(anonymous_22)
FN:644,(anonymous_23)
FN:652,(anonymous_24)
FN:653,(anonymous_25)
FN:665,(anonymous_26)
FN:679,(anonymous_27)
FN:680,(anonymous_28)
FN:691,(anonymous_29)
FN:704,(anonymous_30)
FN:776,calculateFootprint
FN:853,recalculateLiveEstimate
FN:963,renderDashboard
FN:1082,generatePersonalizedInsights
FN:1139,(anonymous_35)
FN:1156,renderCharts
FN:1233,(anonymous_37)
FN:1234,(anonymous_38)
FN:1250,(anonymous_39)
FN:1303,renderHabitsChecklist
FN:1311,(anonymous_41)
FN:1329,(anonymous_42)
FN:1371,toggleHabitCompletion
FN:1438,(anonymous_44)
FN:1495,(anonymous_45)
FN:1504,updateImpactMetrics
FN:1516,(anonymous_47)
FN:1517,(anonymous_48)
FN:1546,addTimelineEvent
FN:1582,removeTimelineEvent
FN:1606,renderChallengesAndBadges
FN:1611,(anonymous_52)
FN:1703,(anonymous_53)
FN:1719,(anonymous_54)
FN:1741,evaluateManualProgress
FN:1764,checkChallengeCriteria
FN:1765,(anonymous_57)
FN:1785,completeChallenge
FN:1810,renderBadgesShelf
FN:1815,(anonymous_60)
FN:1850,initEcoHub
FN:1888,(anonymous_62)
FN:1890,(anonymous_63)
FN:1933,calculateSwapSimulatorTotal
FN:1965,startQuiz
FN:1977,loadQuizQuestion
FN:2003,(anonymous_67)
FN:2007,(anonymous_68)
FN:2014,selectQuizAnswer
FN:2021,(anonymous_70)
FN:2065,loadNextQuestion
FN:2074,showQuizResults
FN:2107,initExportShare
FN:2130,(anonymous_74)
FN:2134,(anonymous_75)
FN:2140,exportReportAsPDF
FN:2146,(anonymous_77)
FN:2149,exportReportAsJSON
FN:2160,(anonymous_79)
FN:2182,shareMyImpact
FN:2202,(anonymous_81)
FN:2211,openTwitterShare
FN:2219,initMobileSidebar
FN:2225,(anonymous_84)
FN:2232,(anonymous_85)
FN:2239,(anonymous_86)
FN:2240,(anonymous_87)
FNF:88
FNH:1
FNDA:0,(anonymous_0)
FNDA:0,setupHeaderDate
FNDA:0,saveStateToStorage
FNDA:0,loadStateFromStorage
FNDA:0,(anonymous_4)
FNDA:0,(anonymous_5)
FNDA:0,initTheme
FNDA:0,(anonymous_7)
FNDA:0,initNavigation
FNDA:0,(anonymous_9)
FNDA:0,(anonymous_10)
FNDA:0,(anonymous_11)
FNDA:0,(anonymous_12)
FNDA:0,(anonymous_13)
FNDA:0,triggerNotification
FNDA:0,(anonymous_15)
FNDA:0,gainXP
FNDA:0,updateXPDisplay
FNDA:0,launchCelebrationConfetti
FNDA:0,(anonymous_19)
FNDA:0,initCalculator
FNDA:0,(anonymous_21)
FNDA:0,(anonymous_22)
FNDA:0,(anonymous_23)
FNDA:0,(anonymous_24)
FNDA:0,(anonymous_25)
FNDA:0,(anonymous_26)
FNDA:0,(anonymous_27)
FNDA:0,(anonymous_28)
FNDA:0,(anonymous_29)
FNDA:0,(anonymous_30)
FNDA:3,calculateFootprint
FNDA:0,recalculateLiveEstimate
FNDA:0,renderDashboard
FNDA:0,generatePersonalizedInsights
FNDA:0,(anonymous_35)
FNDA:0,renderCharts
FNDA:0,(anonymous_37)
FNDA:0,(anonymous_38)
FNDA:0,(anonymous_39)
FNDA:0,renderHabitsChecklist
FNDA:0,(anonymous_41)
FNDA:0,(anonymous_42)
FNDA:0,toggleHabitCompletion
FNDA:0,(anonymous_44)
FNDA:0,(anonymous_45)
FNDA:0,updateImpactMetrics
FNDA:0,(anonymous_47)
FNDA:0,(anonymous_48)
FNDA:0,addTimelineEvent
FNDA:0,removeTimelineEvent
FNDA:0,renderChallengesAndBadges
FNDA:0,(anonymous_52)
FNDA:0,(anonymous_53)
FNDA:0,(anonymous_54)
FNDA:0,evaluateManualProgress
FNDA:0,checkChallengeCriteria
FNDA:0,(anonymous_57)
FNDA:0,completeChallenge
FNDA:0,renderBadgesShelf
FNDA:0,(anonymous_60)
FNDA:0,initEcoHub
FNDA:0,(anonymous_62)
FNDA:0,(anonymous_63)
FNDA:0,calculateSwapSimulatorTotal
FNDA:0,startQuiz
FNDA:0,loadQuizQuestion
FNDA:0,(anonymous_67)
FNDA:0,(anonymous_68)
FNDA:0,selectQuizAnswer
FNDA:0,(anonymous_70)
FNDA:0,loadNextQuestion
FNDA:0,showQuizResults
FNDA:0,initExportShare
FNDA:0,(anonymous_74)
FNDA:0,(anonymous_75)
FNDA:0,exportReportAsPDF
FNDA:0,(anonymous_77)
FNDA:0,exportReportAsJSON
FNDA:0,(anonymous_79)
FNDA:0,shareMyImpact
FNDA:0,(anonymous_81)
FNDA:0,openTwitterShare
FNDA:0,initMobileSidebar
FNDA:0,(anonymous_84)
FNDA:0,(anonymous_85)
FNDA:0,(anonymous_86)
FNDA:0,(anonymous_87)
DA:10,1
DA:223,1
DA:290,1
DA:350,1
DA:351,1
DA:354,1
DA:356,0
DA:359,0
DA:362,0
DA:365,0
DA:368,0
DA:371,0
DA:374,0
DA:377,0
DA:380,0
DA:383,0
DA:386,0
DA:389,0
DA:394,0
DA:395,0
DA:396,0
DA:402,0
DA:410,0
DA:414,0
DA:415,0
DA:416,0
DA:417,0
DA:419,0
DA:420,0
DA:421,0
DA:422,0
DA:423,0
DA:424,0
DA:427,0
DA:428,0
DA:429,0
DA:430,0
DA:434,0
DA:435,0
DA:436,0
DA:437,0
DA:438,0
DA:439,0
DA:440,0
DA:446,0
DA:450,0
DA:458,0
DA:459,0
DA:460,0
DA:464,0
DA:465,0
DA:466,0
DA:467,0
DA:468,0
DA:471,0
DA:472,0
DA:473,0
DA:475,0
DA:476,0
DA:477,0
DA:479,0
DA:480,0
DA:484,0
DA:492,0
DA:493,0
DA:495,0
DA:496,0
DA:497,0
DA:500,0
DA:501,0
DA:504,0
DA:505,0
DA:506,0
DA:507,0
DA:512,0
DA:513,0
DA:514,0
DA:515,0
DA:519,0
DA:524,0
DA:525,0
DA:526,0
DA:527,0
DA:534,0
DA:535,0
DA:536,0
DA:539,0
DA:540,0
DA:541,0
DA:542,0
DA:543,0
DA:544,0
DA:547,0
DA:548,0
DA:549,0
DA:552,0
DA:553,0
DA:561,0
DA:564,0
DA:565,0
DA:566,0
DA:567,0
DA:568,0
DA:571,0
DA:573,0
DA:577,0
DA:580,0
DA:581,0
DA:585,0
DA:586,0
DA:587,0
DA:589,0
DA:590,0
DA:591,0
DA:592,0
DA:593,0
DA:594,0
DA:598,0
DA:599,0
DA:604,0
DA:605,0
DA:606,0
DA:611,0
DA:612,0
DA:613,0
DA:622,0
DA:625,0
DA:631,0
DA:632,0
DA:633,0
DA:634,0
DA:635,0
DA:636,0
DA:638,0
DA:644,0
DA:645,0
DA:649,0
DA:650,0
DA:652,0
DA:653,0
DA:654,0
DA:657,0
DA:658,0
DA:660,0
DA:661,0
DA:664,0
DA:665,0
DA:666,0
DA:667,0
DA:668,0
DA:669,0
DA:670,0
DA:671,0
DA:673,0
DA:679,0
DA:680,0
DA:681,0
DA:683,0
DA:684,0
DA:686,0
DA:687,0
DA:690,0
DA:691,0
DA:692,0
DA:693,0
DA:694,0
DA:695,0
DA:696,0
DA:697,0
DA:704,0
DA:705,0
DA:708,0
DA:709,0
DA:724,0
DA:725,0
DA:726,0
DA:729,0
DA:734,0
DA:735,0
DA:736,0
DA:737,0
DA:742,0
DA:749,0
DA:754,0
DA:755,0
DA:758,0
DA:759,0
DA:762,0
DA:763,0
DA:767,0
DA:777,3
DA:778,3
DA:779,3
DA:780,3
DA:785,3
DA:786,3
DA:787,3
DA:788,3
DA:791,3
DA:792,3
DA:795,3
DA:796,3
DA:797,3
DA:801,3
DA:802,3
DA:804,3
DA:805,3
DA:808,3
DA:809,0
DA:810,3
DA:811,0
DA:816,3
DA:817,2
DA:818,2
DA:819,2
DA:822,3
DA:823,3
DA:827,3
DA:828,0
DA:829,0
DA:832,3
DA:833,0
DA:836,3
DA:837,3
DA:838,3
DA:839,3
DA:841,3
DA:843,3
DA:855,0
DA:858,0
DA:861,0
DA:862,0
DA:863,0
DA:864,0
DA:866,0
DA:871,0
DA:873,0
DA:875,0
DA:877,0
DA:880,0
DA:882,0
DA:885,0
DA:887,0
DA:890,0
DA:893,0
DA:907,0
DA:910,0
DA:911,0
DA:913,0
DA:914,0
DA:916,0
DA:917,0
DA:919,0
DA:920,0
DA:922,0
DA:923,0
DA:926,0
DA:927,0
DA:928,0
DA:929,0
DA:932,0
DA:933,0
DA:934,0
DA:935,0
DA:937,0
DA:942,0
DA:943,0
DA:944,0
DA:945,0
DA:947,0
DA:948,0
DA:950,0
DA:951,0
DA:954,0
DA:964,0
DA:966,0
DA:967,0
DA:970,0
DA:971,0
DA:972,0
DA:975,0
DA:976,0
DA:979,0
DA:980,0
DA:981,0
DA:987,0
DA:988,0
DA:989,0
DA:992,0
DA:993,0
DA:994,0
DA:998,0
DA:999,0
DA:1002,0
DA:1004,0
DA:1005,0
DA:1010,0
DA:1011,0
DA:1017,0
DA:1018,0
DA:1019,0
DA:1020,0
DA:1021,0
DA:1024,0
DA:1025,0
DA:1026,0
DA:1027,0
DA:1029,0
DA:1033,0
DA:1034,0
DA:1035,0
DA:1036,0
DA:1037,0
DA:1038,0
DA:1039,0
DA:1041,0
DA:1042,0
DA:1047,0
DA:1048,0
DA:1049,0
DA:1050,0
DA:1051,0
DA:1053,0
DA:1054,0
DA:1057,0
DA:1058,0
DA:1062,0
DA:1065,0
DA:1066,0
DA:1067,0
DA:1068,0
DA:1069,0
DA:1070,0
DA:1073,0
DA:1074,0
DA:1078,0
DA:1083,0
DA:1084,0
DA:1085,0
DA:1086,0
DA:1088,0
DA:1091,0
DA:1092,0
DA:1099,0
DA:1100,0
DA:1107,0
DA:1108,0
DA:1115,0
DA:1116,0
DA:1123,0
DA:1124,0
DA:1131,0
DA:1132,0
DA:1139,0
DA:1140,0
DA:1141,0
DA:1143,0
DA:1144,0
DA:1146,0
DA:1147,0
DA:1149,0
DA:1150,0
DA:1151,0
DA:1157,0
DA:1158,0
DA:1159,0
DA:1162,0
DA:1163,0
DA:1164,0
DA:1165,0
DA:1167,0
DA:1168,0
DA:1169,0
DA:1170,0
DA:1172,0
DA:1173,0
DA:1174,0
DA:1179,0
DA:1180,0
DA:1183,0
DA:1184,0
DA:1220,0
DA:1221,0
DA:1222,0
DA:1223,0
DA:1227,0
DA:1228,0
DA:1233,0
DA:1234,0
DA:1236,0
DA:1251,0
DA:1252,0
DA:1253,0
DA:1254,0
DA:1260,0
DA:1261,0
DA:1262,0
DA:1304,0
DA:1305,0
DA:1306,0
DA:1309,0
DA:1311,0
DA:1312,0
DA:1314,0
DA:1315,0
DA:1316,0
DA:1318,0
DA:1319,0
DA:1321,0
DA:1322,0
DA:1324,0
DA:1325,0
DA:1326,0
DA:1329,0
DA:1330,0
DA:1333,0
DA:1334,0
DA:1336,0
DA:1337,0
DA:1339,0
DA:1340,0
DA:1342,0
DA:1343,0
DA:1344,0
DA:1346,0
DA:1347,0
DA:1348,0
DA:1350,0
DA:1351,0
DA:1353,0
DA:1354,0
DA:1356,0
DA:1357,0
DA:1358,0
DA:1360,0
DA:1361,0
DA:1363,0
DA:1366,0
DA:1367,0
DA:1372,0
DA:1374,0
DA:1375,0
DA:1376,0
DA:1377,0
DA:1380,0
DA:1383,0
DA:1391,0
DA:1394,0
DA:1395,0
DA:1397,0
DA:1398,0
DA:1400,0
DA:1401,0
DA:1405,0
DA:1406,0
DA:1407,0
DA:1413,0
DA:1416,0
DA:1418,0
DA:1419,0
DA:1424,0
DA:1427,0
DA:1428,0
DA:1429,0
DA:1432,0
DA:1436,1
DA:1437,1
DA:1438,0
DA:1439,0
DA:1440,0
DA:1442,0
DA:1443,0
DA:1447,0
DA:1450,0
DA:1451,0
DA:1452,0
DA:1453,0
DA:1454,0
DA:1456,0
DA:1466,0
DA:1469,0
DA:1470,0
DA:1473,0
DA:1478,0
DA:1481,0
DA:1484,0
DA:1485,0
DA:1493,1
DA:1494,1
DA:1495,0
DA:1496,0
DA:1497,0
DA:1498,0
DA:1499,0
DA:1505,0
DA:1506,0
DA:1507,0
DA:1511,0
DA:1512,0
DA:1514,0
DA:1516,0
DA:1517,0
DA:1518,0
DA:1519,0
DA:1520,0
DA:1524,0
DA:1525,0
DA:1527,0
DA:1528,0
DA:1529,0
DA:1532,0
DA:1533,0
DA:1534,0
DA:1539,0
DA:1540,0
DA:1541,0
DA:1547,0
DA:1548,0
DA:1551,0
DA:1552,0
DA:1554,0
DA:1555,0
DA:1556,0
DA:1558,0
DA:1559,0
DA:1560,0
DA:1562,0
DA:1563,0
DA:1564,0
DA:1566,0
DA:1567,0
DA:1568,0
DA:1573,0
DA:1574,0
DA:1575,0
DA:1578,0
DA:1579,0
DA:1583,0
DA:1584,0
DA:1586,0
DA:1589,0
DA:1590,0
DA:1593,0
DA:1598,0
DA:1599,0
DA:1607,0
DA:1608,0
DA:1609,0
DA:1611,0
DA:1612,0
DA:1613,0
DA:1615,0
DA:1616,0
DA:1618,0
DA:1619,0
DA:1620,0
DA:1622,0
DA:1623,0
DA:1625,0
DA:1626,0
DA:1627,0
DA:1629,0
DA:1630,0
DA:1631,0
DA:1633,0
DA:1634,0
DA:1636,0
DA:1637,0
DA:1638,0
DA:1643,0
DA:1644,0
DA:1645,0
DA:1646,0
DA:1649,0
DA:1650,0
DA:1651,0
DA:1653,0
DA:1654,0
DA:1656,0
DA:1657,0
DA:1659,0
DA:1660,0
DA:1662,0
DA:1663,0
DA:1664,0
DA:1665,0
DA:1666,0
DA:1667,0
DA:1668,0
DA:1670,0
DA:1671,0
DA:1674,0
DA:1679,0
DA:1680,0
DA:1682,0
DA:1683,0
DA:1684,0
DA:1686,0
DA:1687,0
DA:1688,0
DA:1689,0
DA:1692,0
DA:1693,0
DA:1694,0
DA:1695,0
DA:1696,0
DA:1697,0
DA:1698,0
DA:1700,0
DA:1701,0
DA:1702,0
DA:1703,0
DA:1704,0
DA:1706,0
DA:1709,0
DA:1712,0
DA:1713,0
DA:1714,0
DA:1716,0
DA:1717,0
DA:1718,0
DA:1719,0
DA:1720,0
DA:1721,0
DA:1722,0
DA:1723,0
DA:1729,0
DA:1730,0
DA:1733,0
DA:1736,0
DA:1737,0
DA:1742,0
DA:1744,0
DA:1745,0
DA:1746,0
DA:1747,0
DA:1749,0
DA:1756,0
DA:1765,0
DA:1766,0
DA:1768,0
DA:1769,0
DA:1770,0
DA:1774,0
DA:1775,0
DA:1776,0
DA:1778,0
DA:1779,0
DA:1786,0
DA:1787,0
DA:1790,0
DA:1791,0
DA:1795,0
DA:1798,0
DA:1800,0
DA:1805,0
DA:1806,0
DA:1811,0
DA:1812,0
DA:1813,0
DA:1815,0
DA:1816,0
DA:1817,0
DA:1819,0
DA:1820,0
DA:1821,0
DA:1823,0
DA:1824,0
DA:1825,0
DA:1827,0
DA:1828,0
DA:1829,0
DA:1831,0
DA:1832,0
DA:1834,0
DA:1835,0
DA:1836,0
DA:1837,0
DA:1838,0
DA:1841,0
DA:1844,0
DA:1852,0
DA:1853,0
DA:1854,0
DA:1855,0
DA:1857,0
DA:1888,0
DA:1889,0
DA:1890,0
DA:1891,0
DA:1895,0
DA:1897,0
DA:1901,0
DA:1903,0
DA:1904,0
DA:1906,0
DA:1912,0
DA:1913,0
DA:1914,0
DA:1915,0
DA:1917,0
DA:1918,0
DA:1921,0
DA:1922,0
DA:1923,0
DA:1926,0
DA:1927,0
DA:1928,0
DA:1935,0
DA:1937,0
DA:1939,0
DA:1941,0
DA:1943,0
DA:1944,0
DA:1945,0
DA:1947,0
DA:1948,0
DA:1949,0
DA:1951,0
DA:1954,0
DA:1956,0
DA:1958,0
DA:1959,0
DA:1960,0
DA:1966,0
DA:1967,0
DA:1968,0
DA:1970,0
DA:1971,0
DA:1972,0
DA:1974,0
DA:1978,0
DA:1979,0
DA:1982,0
DA:1983,0
DA:1986,0
DA:1988,0
DA:1990,0
DA:1993,0
DA:1994,0
DA:1995,0
DA:1996,0
DA:2000,0
DA:2001,0
DA:2003,0
DA:2004,0
DA:2005,0
DA:2006,0
DA:2007,0
DA:2008,0
DA:2010,0
DA:2015,0
DA:2016,0
DA:2019,0
DA:2020,0
DA:2021,0
DA:2023,0
DA:2026,0
DA:2029,0
DA:2030,0
DA:2034,0
DA:2035,0
DA:2036,0
DA:2038,0
DA:2040,0
DA:2041,0
DA:2042,0
DA:2043,0
DA:2044,0
DA:2045,0
DA:2048,0
DA:2054,0
DA:2055,0
DA:2056,0
DA:2059,0
DA:2062,0
DA:2066,0
DA:2067,0
DA:2068,0
DA:2070,0
DA:2075,0
DA:2076,0
DA:2078,0
DA:2079,0
DA:2081,0
DA:2082,0
DA:2085,0
DA:2086,0
DA:2090,0
DA:2091,0
DA:2092,0
DA:2093,0
DA:2097,0
DA:2101,0
DA:2109,0
DA:2110,0
DA:2111,0
DA:2115,0
DA:2116,0
DA:2117,0
DA:2121,0
DA:2122,0
DA:2123,0
DA:2127,0
DA:2128,0
DA:2129,0
DA:2130,0
DA:2131,0
DA:2132,0
DA:2134,0
DA:2135,0
DA:2142,0
DA:2146,0
DA:2150,0
DA:2160,0
DA:2170,0
DA:2173,0
DA:2174,0
DA:2175,0
DA:2176,0
DA:2177,0
DA:2178,0
DA:2179,0
DA:2183,0
DA:2184,0
DA:2185,0
DA:2186,0
DA:2189,0
DA:2193,0
DA:2195,0
DA:2196,0
DA:2204,0
DA:2207,0
DA:2212,0
DA:2213,0
DA:2220,0
DA:2221,0
DA:2222,0
DA:2224,0
DA:2225,0
DA:2226,0
DA:2227,0
DA:2231,0
DA:2232,0
DA:2233,0
DA:2234,0
DA:2239,0
DA:2240,0
DA:2241,0
DA:2242,0
DA:2243,0
DA:2249,1
LF:852
LH:44
BRDA:395,0,0,0
BRDA:395,0,1,0
BRDA:415,1,0,0
BRDA:415,1,1,0
BRDA:422,2,0,0
BRDA:422,2,1,0
BRDA:423,3,0,0
BRDA:423,3,1,0
BRDA:428,4,0,0
BRDA:428,4,1,0
BRDA:434,5,0,0
BRDA:434,5,1,0
BRDA:434,6,0,0
BRDA:434,6,1,0
BRDA:437,7,0,0
BRDA:437,7,1,0
BRDA:441,8,0,0
BRDA:441,8,1,0
BRDA:465,9,0,0
BRDA:465,9,1,0
BRDA:473,10,0,0
BRDA:473,10,1,0
BRDA:475,11,0,0
BRDA:475,11,1,0
BRDA:506,12,0,0
BRDA:506,12,1,0
BRDA:512,13,0,0
BRDA:512,13,1,0
BRDA:514,14,0,0
BRDA:514,14,1,0
BRDA:525,15,0,0
BRDA:525,15,1,0
BRDA:533,16,0,0
BRDA:540,17,0,0
BRDA:540,17,1,0
BRDA:571,18,0,0
BRDA:571,18,1,0
BRDA:589,19,0,0
BRDA:589,19,1,0
BRDA:590,20,0,0
BRDA:590,20,1,0
BRDA:592,21,0,0
BRDA:592,21,1,0
BRDA:599,22,0,0
BRDA:599,22,1,0
BRDA:603,23,0,0
BRDA:612,24,0,0
BRDA:612,24,1,0
BRDA:634,25,0,0
BRDA:634,25,1,0
BRDA:634,26,0,0
BRDA:634,26,1,0
BRDA:667,27,0,0
BRDA:667,27,1,0
BRDA:669,28,0,0
BRDA:669,28,1,0
BRDA:693,29,0,0
BRDA:693,29,1,0
BRDA:696,30,0,0
BRDA:696,30,1,0
BRDA:712,31,0,0
BRDA:712,31,1,0
BRDA:713,32,0,0
BRDA:713,32,1,0
BRDA:734,33,0,0
BRDA:734,33,1,0
BRDA:754,34,0,0
BRDA:754,34,1,0
BRDA:763,35,0,0
BRDA:763,35,1,0
BRDA:786,36,0,0
BRDA:786,36,1,3
BRDA:787,37,0,0
BRDA:787,37,1,3
BRDA:788,38,0,2
BRDA:788,38,1,1
BRDA:808,39,0,0
BRDA:808,39,1,3
BRDA:810,40,0,0
BRDA:810,40,1,3
BRDA:816,41,0,1
BRDA:816,41,1,2
BRDA:817,42,0,0
BRDA:817,42,1,2
BRDA:818,43,0,0
BRDA:818,43,1,2
BRDA:819,44,0,2
BRDA:819,44,1,0
BRDA:822,45,0,0
BRDA:822,45,1,3
BRDA:823,46,0,1
BRDA:823,46,1,2
BRDA:827,47,0,3
BRDA:827,47,1,0
BRDA:828,48,0,0
BRDA:828,48,1,0
BRDA:829,49,0,0
BRDA:829,49,1,0
BRDA:832,50,0,3
BRDA:832,50,1,0
BRDA:833,51,0,0
BRDA:833,51,1,0
BRDA:855,52,0,0
BRDA:855,52,1,0
BRDA:858,53,0,0
BRDA:858,53,1,0
BRDA:862,54,0,0
BRDA:862,54,1,0
BRDA:863,55,0,0
BRDA:863,55,1,0
BRDA:871,56,0,0
BRDA:871,56,1,0
BRDA:873,57,0,0
BRDA:873,57,1,0
BRDA:875,58,0,0
BRDA:875,58,1,0
BRDA:877,59,0,0
BRDA:877,59,1,0
BRDA:880,60,0,0
BRDA:880,60,1,0
BRDA:882,61,0,0
BRDA:882,61,1,0
BRDA:885,62,0,0
BRDA:885,62,1,0
BRDA:887,63,0,0
BRDA:887,63,1,0
BRDA:890,64,0,0
BRDA:890,64,1,0
BRDA:911,65,0,0
BRDA:911,65,1,0
BRDA:914,66,0,0
BRDA:914,66,1,0
BRDA:917,67,0,0
BRDA:917,67,1,0
BRDA:920,68,0,0
BRDA:920,68,1,0
BRDA:923,69,0,0
BRDA:923,69,1,0
BRDA:927,70,0,0
BRDA:927,70,1,0
BRDA:932,71,0,0
BRDA:932,71,1,0
BRDA:934,72,0,0
BRDA:934,72,1,0
BRDA:943,73,0,0
BRDA:943,73,1,0
BRDA:944,74,0,0
BRDA:944,74,1,0
BRDA:947,75,0,0
BRDA:947,75,1,0
BRDA:950,76,0,0
BRDA:950,76,1,0
BRDA:980,77,0,0
BRDA:980,77,1,0
BRDA:981,78,0,0
BRDA:981,78,1,0
BRDA:988,79,0,0
BRDA:988,79,1,0
BRDA:989,80,0,0
BRDA:989,80,1,0
BRDA:992,81,0,0
BRDA:992,81,1,0
BRDA:998,82,0,0
BRDA:998,82,1,0
BRDA:1004,83,0,0
BRDA:1004,83,1,0
BRDA:1010,84,0,0
BRDA:1010,84,1,0
BRDA:1018,85,0,0
BRDA:1018,85,1,0
BRDA:1024,86,0,0
BRDA:1024,86,1,0
BRDA:1026,87,0,0
BRDA:1026,87,1,0
BRDA:1033,88,0,0
BRDA:1033,88,1,0
BRDA:1034,89,0,0
BRDA:1034,89,1,0
BRDA:1037,90,0,0
BRDA:1037,90,1,0
BRDA:1048,91,0,0
BRDA:1048,91,1,0
BRDA:1049,92,0,0
BRDA:1049,92,1,0
BRDA:1057,93,0,0
BRDA:1057,93,1,0
BRDA:1065,94,0,0
BRDA:1065,94,1,0
BRDA:1066,95,0,0
BRDA:1066,95,1,0
BRDA:1068,96,0,0
BRDA:1068,96,1,0
BRDA:1069,97,0,0
BRDA:1069,97,1,0
BRDA:1074,98,0,0
BRDA:1074,98,1,0
BRDA:1091,99,0,0
BRDA:1091,99,1,0
BRDA:1099,100,0,0
BRDA:1099,100,1,0
BRDA:1107,101,0,0
BRDA:1107,101,1,0
BRDA:1115,102,0,0
BRDA:1115,102,1,0
BRDA:1123,103,0,0
BRDA:1123,103,1,0
BRDA:1131,104,0,0
BRDA:1131,104,1,0
BRDA:1158,105,0,0
BRDA:1158,105,1,0
BRDA:1159,106,0,0
BRDA:1159,106,1,0
BRDA:1163,107,0,0
BRDA:1163,107,1,0
BRDA:1167,108,0,0
BRDA:1167,108,1,0
BRDA:1168,109,0,0
BRDA:1168,109,1,0
BRDA:1179,110,0,0
BRDA:1179,110,1,0
BRDA:1197,111,0,0
BRDA:1197,111,1,0
BRDA:1221,112,0,0
BRDA:1221,112,1,0
BRDA:1222,113,0,0
BRDA:1222,113,1,0
BRDA:1227,114,0,0
BRDA:1227,114,1,0
BRDA:1253,115,0,0
BRDA:1253,115,1,0
BRDA:1305,116,0,0
BRDA:1305,116,1,0
BRDA:1315,117,0,0
BRDA:1315,117,1,0
BRDA:1374,118,0,0
BRDA:1374,118,1,0
BRDA:1375,119,0,0
BRDA:1375,119,1,0
BRDA:1394,120,0,0
BRDA:1394,120,1,0
BRDA:1394,121,0,0
BRDA:1394,121,1,0
BRDA:1397,122,0,0
BRDA:1397,122,1,0
BRDA:1400,123,0,0
BRDA:1400,123,1,0
BRDA:1405,124,0,0
BRDA:1405,124,1,0
BRDA:1427,125,0,0
BRDA:1427,125,1,0
BRDA:1428,126,0,0
BRDA:1428,126,1,0
BRDA:1437,127,0,0
BRDA:1437,127,1,1
BRDA:1442,128,0,0
BRDA:1442,128,1,0
BRDA:1442,129,0,0
BRDA:1442,129,1,0
BRDA:1453,130,0,0
BRDA:1453,130,1,0
BRDA:1454,131,0,0
BRDA:1454,131,1,0
BRDA:1494,132,0,0
BRDA:1494,132,1,1
BRDA:1518,133,0,0
BRDA:1518,133,1,0
BRDA:1524,134,0,0
BRDA:1524,134,1,0
BRDA:1525,135,0,0
BRDA:1525,135,1,0
BRDA:1527,136,0,0
BRDA:1527,136,1,0
BRDA:1528,137,0,0
BRDA:1528,137,1,0
BRDA:1540,138,0,0
BRDA:1540,138,1,0
BRDA:1548,139,0,0
BRDA:1548,139,1,0
BRDA:1552,140,0,0
BRDA:1552,140,1,0
BRDA:1584,141,0,0
BRDA:1584,141,1,0
BRDA:1589,142,0,0
BRDA:1589,142,1,0
BRDA:1593,143,0,0
BRDA:1593,143,1,0
BRDA:1594,144,0,0
BRDA:1594,144,1,0
BRDA:1594,144,2,0
BRDA:1599,145,0,0
BRDA:1599,145,1,0
BRDA:1608,146,0,0
BRDA:1608,146,1,0
BRDA:1649,147,0,0
BRDA:1649,147,1,0
BRDA:1649,148,0,0
BRDA:1649,148,1,0
BRDA:1662,149,0,0
BRDA:1662,149,1,0
BRDA:1665,150,0,0
BRDA:1665,150,1,0
BRDA:1692,151,0,0
BRDA:1692,151,1,0
BRDA:1742,152,0,0
BRDA:1742,152,1,0
BRDA:1744,153,0,0
BRDA:1744,153,1,0
BRDA:1746,154,0,0
BRDA:1746,154,1,0
BRDA:1764,155,0,0
BRDA:1766,156,0,0
BRDA:1766,156,1,0
BRDA:1766,157,0,0
BRDA:1766,157,1,0
BRDA:1766,157,2,0
BRDA:1768,158,0,0
BRDA:1768,158,1,0
BRDA:1768,159,0,0
BRDA:1768,159,1,0
BRDA:1769,160,0,0
BRDA:1769,160,1,0
BRDA:1774,161,0,0
BRDA:1774,161,1,0
BRDA:1775,162,0,0
BRDA:1775,162,1,0
BRDA:1790,163,0,0
BRDA:1790,163,1,0
BRDA:1812,164,0,0
BRDA:1812,164,1,0
BRDA:1820,165,0,0
BRDA:1820,165,1,0
BRDA:1821,166,0,0
BRDA:1821,166,1,0
BRDA:1825,167,0,0
BRDA:1825,167,1,0
BRDA:1834,168,0,0
BRDA:1834,168,1,0
BRDA:1889,169,0,0
BRDA:1889,169,1,0
BRDA:1897,170,0,0
BRDA:1897,170,1,0
BRDA:1898,171,0,0
BRDA:1898,171,1,0
BRDA:1917,172,0,0
BRDA:1917,172,1,0
BRDA:1922,173,0,0
BRDA:1922,173,1,0
BRDA:1927,174,0,0
BRDA:1927,174,1,0
BRDA:1935,175,0,0
BRDA:1935,175,1,0
BRDA:1937,176,0,0
BRDA:1937,176,1,0
BRDA:1939,177,0,0
BRDA:1939,177,1,0
BRDA:1941,178,0,0
BRDA:1941,178,1,0
BRDA:1948,179,0,0
BRDA:1948,179,1,0
BRDA:1959,180,0,0
BRDA:1959,180,1,0
BRDA:1994,181,0,0
BRDA:1994,181,1,0
BRDA:2027,182,0,0
BRDA:2027,182,1,0
BRDA:2029,183,0,0
BRDA:2029,183,1,0
BRDA:2040,184,0,0
BRDA:2040,184,1,0
BRDA:2067,185,0,0
BRDA:2067,185,1,0
BRDA:2085,186,0,0
BRDA:2085,186,1,0
BRDA:2090,187,0,0
BRDA:2090,187,1,0
BRDA:2091,188,0,0
BRDA:2091,188,1,0
BRDA:2110,189,0,0
BRDA:2110,189,1,0
BRDA:2116,190,0,0
BRDA:2116,190,1,0
BRDA:2122,191,0,0
BRDA:2122,191,1,0
BRDA:2129,192,0,0
BRDA:2129,192,1,0
BRDA:2129,193,0,0
BRDA:2129,193,1,0
BRDA:2189,194,0,0
BRDA:2189,194,1,0
BRDA:2190,195,0,0
BRDA:2190,195,1,0
BRDA:2190,196,0,0
BRDA:2190,196,1,0
BRDA:2195,197,0,0
BRDA:2195,197,1,0
BRDA:2224,198,0,0
BRDA:2224,198,1,0
BRDA:2224,199,0,0
BRDA:2224,199,1,0
BRDA:2227,200,0,0
BRDA:2227,200,1,0
BRDA:2231,201,0,0
BRDA:2231,201,1,0
BRDA:2241,202,0,0
BRDA:2241,202,1,0
BRDA:2243,203,0,0
BRDA:2243,203,1,0
BRDA:2249,204,0,1
BRDA:2249,204,1,0
BRDA:2249,205,0,1
BRDA:2249,205,1,1
BRF:411
BRH:21
end_of_record
TN:
SF:server.js
FN:59,(anonymous_0)
FN:72,(anonymous_1)
FN:78,(anonymous_2)
FNF:3
FNH:2
FNDA:3,(anonymous_0)
FNDA:1,(anonymous_1)
FNDA:0,(anonymous_2)
DA:1,1
DA:2,1
DA:3,1
DA:4,1
DA:5,1
DA:6,1
DA:8,1
DA:9,1
DA:15,1
DA:16,1
DA:36,1
DA:39,1
DA:44,1
DA:50,1
DA:56,1
DA:60,3
DA:62,3
DA:72,1
DA:73,1
DA:77,1
DA:78,0
DA:79,0
DA:82,1
LF:23
LH:21
BRDA:9,0,0,1
BRDA:9,0,1,1
BRDA:60,1,0,3
BRDA:60,1,1,0
BRDA:77,2,0,0
BRDA:77,2,1,1
BRF:6
BRH:4
end_of_record
